2025-09-14 17:37:15,563 - INFO - 坍落度识别系统启动
2025-09-14 17:37:16,149 - INFO - 配置文件加载成功
2025-09-14 17:39:11,051 - INFO - 模型加载成功: resnet18, 权重: pretrained/resnet18/best_model.pth
2025-09-14 17:41:36,563 - INFO - 选择输入文件夹: F:/混凝土数据集/视频数据/7-28/12_32-34-160/图片/8月4日(1)-1, 找到 108 张图片
2025-09-14 17:41:47,122 - INFO - 选择输出文件夹: F:/混凝土数据集/视频数据/7-28/12_32-34-160/图片/8月4日(1)-1
2025-09-14 17:41:54,122 - WARNING - 图像增强失败，使用原图像: name 'ImageEnhance' is not defined
2025-09-14 17:41:54,170 - WARNING - 图像增强失败，使用原图像: name 'ImageEnhance' is not defined
2025-09-14 17:41:54,193 - WARNING - 图像增强失败，使用原图像: name 'ImageEnhance' is not defined
2025-09-14 17:41:54,216 - WARNING - 图像增强失败，使用原图像: name 'ImageEnhance' is not defined
2025-09-14 17:41:54,239 - WARNING - 图像增强失败，使用原图像: name 'ImageEnhance' is not defined
2025-09-14 17:41:54,260 - WARNING - 图像增强失败，使用原图像: name 'ImageEnhance' is not defined
2025-09-14 17:41:54,285 - WARNING - 图像增强失败，使用原图像: name 'ImageEnhance' is not defined
2025-09-14 17:41:54,311 - WARNING - 图像增强失败，使用原图像: name 'ImageEnhance' is not defined
2025-09-14 17:41:54,333 - WARNING - 图像增强失败，使用原图像: name 'ImageEnhance' is not defined
2025-09-14 17:41:54,357 - WARNING - 图像增强失败，使用原图像: name 'ImageEnhance' is not defined
2025-09-14 17:41:54,379 - WARNING - 图像增强失败，使用原图像: name 'ImageEnhance' is not defined
2025-09-14 17:41:54,401 - WARNING - 图像增强失败，使用原图像: name 'ImageEnhance' is not defined
2025-09-14 17:41:54,427 - WARNING - 图像增强失败，使用原图像: name 'ImageEnhance' is not defined
2025-09-14 17:41:54,454 - WARNING - 图像增强失败，使用原图像: name 'ImageEnhance' is not defined
2025-09-14 17:41:54,486 - WARNING - 图像增强失败，使用原图像: name 'ImageEnhance' is not defined
2025-09-14 17:41:54,509 - WARNING - 图像增强失败，使用原图像: name 'ImageEnhance' is not defined
2025-09-14 17:41:54,533 - WARNING - 图像增强失败，使用原图像: name 'ImageEnhance' is not defined
2025-09-14 17:41:54,558 - WARNING - 图像增强失败，使用原图像: name 'ImageEnhance' is not defined
2025-09-14 17:41:54,581 - WARNING - 图像增强失败，使用原图像: name 'ImageEnhance' is not defined
2025-09-14 17:41:54,608 - WARNING - 图像增强失败，使用原图像: name 'ImageEnhance' is not defined
2025-09-14 17:41:54,633 - WARNING - 图像增强失败，使用原图像: name 'ImageEnhance' is not defined
2025-09-14 17:41:54,658 - WARNING - 图像增强失败，使用原图像: name 'ImageEnhance' is not defined
2025-09-14 17:41:54,685 - WARNING - 图像增强失败，使用原图像: name 'ImageEnhance' is not defined
2025-09-14 17:41:54,710 - WARNING - 图像增强失败，使用原图像: name 'ImageEnhance' is not defined
2025-09-14 17:41:54,733 - WARNING - 图像增强失败，使用原图像: name 'ImageEnhance' is not defined
2025-09-14 17:41:54,756 - WARNING - 图像增强失败，使用原图像: name 'ImageEnhance' is not defined
2025-09-14 17:41:54,780 - WARNING - 图像增强失败，使用原图像: name 'ImageEnhance' is not defined
2025-09-14 17:41:54,807 - WARNING - 图像增强失败，使用原图像: name 'ImageEnhance' is not defined
2025-09-14 17:41:54,833 - WARNING - 图像增强失败，使用原图像: name 'ImageEnhance' is not defined
2025-09-14 17:41:54,855 - WARNING - 图像增强失败，使用原图像: name 'ImageEnhance' is not defined
2025-09-14 17:41:54,880 - WARNING - 图像增强失败，使用原图像: name 'ImageEnhance' is not defined
2025-09-14 17:41:54,902 - WARNING - 图像增强失败，使用原图像: name 'ImageEnhance' is not defined
2025-09-14 17:41:55,438 - INFO - 已处理: frame_00000000_t0.000s.jpg → 类别4_150-160 (91.13%)
2025-09-14 17:41:55,441 - INFO - 已处理: frame_00000006_t0.200s.jpg → 类别4_150-160 (88.55%)
2025-09-14 17:41:55,443 - INFO - 已处理: frame_00000012_t0.400s.jpg → 类别4_150-160 (90.39%)
2025-09-14 17:41:55,444 - INFO - 已处理: frame_00000018_t0.600s.jpg → 类别4_150-160 (88.98%)
2025-09-14 17:41:55,444 - INFO - 已处理: frame_00000024_t0.800s.jpg → 类别4_150-160 (91.27%)
2025-09-14 17:41:55,446 - INFO - 已处理: frame_00000030_t1.000s.jpg → 类别4_150-160 (91.08%)
2025-09-14 17:41:55,446 - INFO - 已处理: frame_00000036_t1.200s.jpg → 类别4_150-160 (89.55%)
2025-09-14 17:41:55,447 - INFO - 已处理: frame_00000042_t1.400s.jpg → 类别4_150-160 (89.80%)
2025-09-14 17:41:55,448 - INFO - 已处理: frame_00000048_t1.600s.jpg → 类别4_150-160 (91.97%)
2025-09-14 17:41:55,449 - INFO - 已处理: frame_00000054_t1.800s.jpg → 类别4_150-160 (91.03%)
2025-09-14 17:41:55,450 - INFO - 已处理: frame_00000060_t2.000s.jpg → 类别4_150-160 (91.57%)
2025-09-14 17:41:55,452 - INFO - 已处理: frame_00000066_t2.200s.jpg → 类别4_150-160 (92.02%)
2025-09-14 17:41:55,454 - INFO - 已处理: frame_00000072_t2.400s.jpg → 类别4_150-160 (92.37%)
2025-09-14 17:41:55,455 - INFO - 已处理: frame_00000078_t2.600s.jpg → 类别4_150-160 (92.78%)
2025-09-14 17:41:55,455 - INFO - 已处理: frame_00000084_t2.800s.jpg → 类别4_150-160 (92.22%)
2025-09-14 17:41:55,456 - INFO - 已处理: frame_00000090_t3.000s.jpg → 类别4_150-160 (92.24%)
2025-09-14 17:41:55,458 - INFO - 已处理: frame_00000096_t3.200s.jpg → 类别4_150-160 (91.85%)
2025-09-14 17:41:55,459 - INFO - 已处理: frame_00000102_t3.400s.jpg → 类别4_150-160 (93.04%)
2025-09-14 17:41:55,460 - INFO - 已处理: frame_00000108_t3.600s.jpg → 类别4_150-160 (89.79%)
2025-09-14 17:41:55,460 - INFO - 已处理: frame_00000114_t3.800s.jpg → 类别4_150-160 (91.03%)
2025-09-14 17:41:55,462 - INFO - 已处理: frame_00000120_t4.000s.jpg → 类别4_150-160 (90.59%)
2025-09-14 17:41:55,464 - INFO - 已处理: frame_00000126_t4.200s.jpg → 类别4_150-160 (94.25%)
2025-09-14 17:41:55,465 - INFO - 已处理: frame_00000132_t4.400s.jpg → 类别4_150-160 (91.04%)
2025-09-14 17:41:55,465 - INFO - 已处理: frame_00000138_t4.600s.jpg → 类别4_150-160 (90.24%)
2025-09-14 17:41:55,466 - INFO - 已处理: frame_00000144_t4.800s.jpg → 类别4_150-160 (90.84%)
2025-09-14 17:41:55,468 - INFO - 已处理: frame_00000150_t5.000s.jpg → 类别4_150-160 (89.65%)
2025-09-14 17:41:55,469 - INFO - 已处理: frame_00000156_t5.200s.jpg → 类别4_150-160 (88.81%)
2025-09-14 17:41:55,470 - INFO - 已处理: frame_00000162_t5.400s.jpg → 类别4_150-160 (90.35%)
2025-09-14 17:41:55,471 - INFO - 已处理: frame_00000168_t5.600s.jpg → 类别4_150-160 (91.27%)
2025-09-14 17:41:55,472 - INFO - 已处理: frame_00000174_t5.800s.jpg → 类别4_150-160 (90.62%)
2025-09-14 17:41:55,473 - INFO - 已处理: frame_00000180_t6.000s.jpg → 类别4_150-160 (92.09%)
2025-09-14 17:41:55,474 - INFO - 已处理: frame_00000186_t6.200s.jpg → 类别4_150-160 (93.78%)
2025-09-14 17:41:55,494 - WARNING - 图像增强失败，使用原图像: name 'ImageEnhance' is not defined
2025-09-14 17:41:55,517 - WARNING - 图像增强失败，使用原图像: name 'ImageEnhance' is not defined
2025-09-14 17:41:55,541 - WARNING - 图像增强失败，使用原图像: name 'ImageEnhance' is not defined
2025-09-14 17:41:55,563 - WARNING - 图像增强失败，使用原图像: name 'ImageEnhance' is not defined
2025-09-14 17:41:55,585 - WARNING - 图像增强失败，使用原图像: name 'ImageEnhance' is not defined
2025-09-14 17:41:55,606 - WARNING - 图像增强失败，使用原图像: name 'ImageEnhance' is not defined
2025-09-14 17:41:55,630 - WARNING - 图像增强失败，使用原图像: name 'ImageEnhance' is not defined
2025-09-14 17:41:55,654 - WARNING - 图像增强失败，使用原图像: name 'ImageEnhance' is not defined
2025-09-14 17:41:55,680 - WARNING - 图像增强失败，使用原图像: name 'ImageEnhance' is not defined
2025-09-14 17:41:55,710 - WARNING - 图像增强失败，使用原图像: name 'ImageEnhance' is not defined
2025-09-14 17:41:55,736 - WARNING - 图像增强失败，使用原图像: name 'ImageEnhance' is not defined
2025-09-14 17:41:55,760 - WARNING - 图像增强失败，使用原图像: name 'ImageEnhance' is not defined
2025-09-14 17:41:55,785 - WARNING - 图像增强失败，使用原图像: name 'ImageEnhance' is not defined
2025-09-14 17:41:55,807 - WARNING - 图像增强失败，使用原图像: name 'ImageEnhance' is not defined
2025-09-14 17:41:55,831 - WARNING - 图像增强失败，使用原图像: name 'ImageEnhance' is not defined
2025-09-14 17:41:55,853 - WARNING - 图像增强失败，使用原图像: name 'ImageEnhance' is not defined
2025-09-14 17:41:55,875 - WARNING - 图像增强失败，使用原图像: name 'ImageEnhance' is not defined
2025-09-14 17:41:55,901 - WARNING - 图像增强失败，使用原图像: name 'ImageEnhance' is not defined
2025-09-14 17:41:55,924 - WARNING - 图像增强失败，使用原图像: name 'ImageEnhance' is not defined
2025-09-14 17:41:55,947 - WARNING - 图像增强失败，使用原图像: name 'ImageEnhance' is not defined
2025-09-14 17:41:55,971 - WARNING - 图像增强失败，使用原图像: name 'ImageEnhance' is not defined
2025-09-14 17:41:55,993 - WARNING - 图像增强失败，使用原图像: name 'ImageEnhance' is not defined
2025-09-14 17:41:56,015 - WARNING - 图像增强失败，使用原图像: name 'ImageEnhance' is not defined
2025-09-14 17:41:56,038 - WARNING - 图像增强失败，使用原图像: name 'ImageEnhance' is not defined
2025-09-14 17:41:56,060 - WARNING - 图像增强失败，使用原图像: name 'ImageEnhance' is not defined
2025-09-14 17:41:56,083 - WARNING - 图像增强失败，使用原图像: name 'ImageEnhance' is not defined
2025-09-14 17:41:56,105 - WARNING - 图像增强失败，使用原图像: name 'ImageEnhance' is not defined
2025-09-14 17:41:56,128 - WARNING - 图像增强失败，使用原图像: name 'ImageEnhance' is not defined
2025-09-14 17:41:56,152 - WARNING - 图像增强失败，使用原图像: name 'ImageEnhance' is not defined
2025-09-14 17:41:56,175 - WARNING - 图像增强失败，使用原图像: name 'ImageEnhance' is not defined
2025-09-14 17:41:56,196 - WARNING - 图像增强失败，使用原图像: name 'ImageEnhance' is not defined
2025-09-14 17:41:56,219 - WARNING - 图像增强失败，使用原图像: name 'ImageEnhance' is not defined
2025-09-14 17:41:56,252 - INFO - 已处理: frame_00000192_t6.400s.jpg → 类别4_150-160 (93.21%)
2025-09-14 17:41:56,253 - INFO - 已处理: frame_00000198_t6.600s.jpg → 类别4_150-160 (92.21%)
2025-09-14 17:41:56,254 - INFO - 已处理: frame_00000204_t6.800s.jpg → 类别4_150-160 (92.86%)
2025-09-14 17:41:56,255 - INFO - 已处理: frame_00000210_t7.000s.jpg → 类别4_150-160 (91.70%)
2025-09-14 17:41:56,256 - INFO - 已处理: frame_00000216_t7.200s.jpg → 类别4_150-160 (90.94%)
2025-09-14 17:41:56,257 - INFO - 已处理: frame_00000222_t7.400s.jpg → 类别4_150-160 (90.75%)
2025-09-14 17:41:56,258 - INFO - 已处理: frame_00000228_t7.600s.jpg → 类别4_150-160 (91.71%)
2025-09-14 17:41:56,259 - INFO - 已处理: frame_00000234_t7.800s.jpg → 类别4_150-160 (93.15%)
2025-09-14 17:41:56,260 - INFO - 已处理: frame_00000240_t8.000s.jpg → 类别4_150-160 (92.28%)
2025-09-14 17:41:56,261 - INFO - 已处理: frame_00000246_t8.200s.jpg → 类别4_150-160 (92.19%)
2025-09-14 17:41:56,262 - INFO - 已处理: frame_00000252_t8.400s.jpg → 类别4_150-160 (93.13%)
2025-09-14 17:41:56,263 - INFO - 已处理: frame_00000258_t8.600s.jpg → 类别4_150-160 (93.72%)
2025-09-14 17:41:56,264 - INFO - 已处理: frame_00000264_t8.800s.jpg → 类别4_150-160 (94.11%)
2025-09-14 17:41:56,265 - INFO - 已处理: frame_00000270_t9.000s.jpg → 类别4_150-160 (93.62%)
2025-09-14 17:41:56,266 - INFO - 已处理: frame_00000276_t9.200s.jpg → 类别4_150-160 (92.60%)
2025-09-14 17:41:56,267 - INFO - 已处理: frame_00000282_t9.400s.jpg → 类别4_150-160 (91.89%)
2025-09-14 17:41:56,268 - INFO - 已处理: frame_00000288_t9.600s.jpg → 类别4_150-160 (91.77%)
2025-09-14 17:41:56,270 - INFO - 已处理: frame_00000294_t9.800s.jpg → 类别4_150-160 (92.33%)
2025-09-14 17:41:56,271 - INFO - 已处理: frame_00000300_t10.000s.jpg → 类别4_150-160 (92.69%)
2025-09-14 17:41:56,272 - INFO - 已处理: frame_00000306_t10.200s.jpg → 类别4_150-160 (92.43%)
2025-09-14 17:41:56,273 - INFO - 已处理: frame_00000312_t10.400s.jpg → 类别4_150-160 (91.54%)
2025-09-14 17:41:56,275 - INFO - 已处理: frame_00000318_t10.600s.jpg → 类别4_150-160 (91.38%)
2025-09-14 17:41:56,276 - INFO - 已处理: frame_00000324_t10.800s.jpg → 类别4_150-160 (92.24%)
2025-09-14 17:41:56,277 - INFO - 已处理: frame_00000330_t11.000s.jpg → 类别4_150-160 (90.12%)
2025-09-14 17:41:56,278 - INFO - 已处理: frame_00000336_t11.200s.jpg → 类别4_150-160 (91.19%)
2025-09-14 17:41:56,279 - INFO - 已处理: frame_00000342_t11.400s.jpg → 类别4_150-160 (92.98%)
2025-09-14 17:41:56,280 - INFO - 已处理: frame_00000348_t11.600s.jpg → 类别4_150-160 (90.77%)
2025-09-14 17:41:56,282 - INFO - 已处理: frame_00000354_t11.800s.jpg → 类别4_150-160 (91.43%)
2025-09-14 17:41:56,283 - INFO - 已处理: frame_00000360_t12.000s.jpg → 类别4_150-160 (90.90%)
2025-09-14 17:41:56,284 - INFO - 已处理: frame_00000366_t12.200s.jpg → 类别4_150-160 (90.35%)
2025-09-14 17:41:56,284 - INFO - 已处理: frame_00000372_t12.400s.jpg → 类别4_150-160 (91.42%)
2025-09-14 17:41:56,286 - INFO - 已处理: frame_00000378_t12.600s.jpg → 类别4_150-160 (91.28%)
2025-09-14 17:41:56,309 - WARNING - 图像增强失败，使用原图像: name 'ImageEnhance' is not defined
2025-09-14 17:41:56,332 - WARNING - 图像增强失败，使用原图像: name 'ImageEnhance' is not defined
2025-09-14 17:41:56,360 - WARNING - 图像增强失败，使用原图像: name 'ImageEnhance' is not defined
2025-09-14 17:41:56,385 - WARNING - 图像增强失败，使用原图像: name 'ImageEnhance' is not defined
2025-09-14 17:41:56,409 - WARNING - 图像增强失败，使用原图像: name 'ImageEnhance' is not defined
2025-09-14 17:41:56,432 - WARNING - 图像增强失败，使用原图像: name 'ImageEnhance' is not defined
2025-09-14 17:41:56,453 - WARNING - 图像增强失败，使用原图像: name 'ImageEnhance' is not defined
2025-09-14 17:41:56,474 - WARNING - 图像增强失败，使用原图像: name 'ImageEnhance' is not defined
2025-09-14 17:41:56,499 - WARNING - 图像增强失败，使用原图像: name 'ImageEnhance' is not defined
2025-09-14 17:41:56,524 - WARNING - 图像增强失败，使用原图像: name 'ImageEnhance' is not defined
2025-09-14 17:41:56,548 - WARNING - 图像增强失败，使用原图像: name 'ImageEnhance' is not defined
2025-09-14 17:41:56,572 - WARNING - 图像增强失败，使用原图像: name 'ImageEnhance' is not defined
2025-09-14 17:41:56,595 - WARNING - 图像增强失败，使用原图像: name 'ImageEnhance' is not defined
2025-09-14 17:41:56,618 - WARNING - 图像增强失败，使用原图像: name 'ImageEnhance' is not defined
2025-09-14 17:41:56,645 - WARNING - 图像增强失败，使用原图像: name 'ImageEnhance' is not defined
2025-09-14 17:41:56,667 - WARNING - 图像增强失败，使用原图像: name 'ImageEnhance' is not defined
2025-09-14 17:41:56,689 - WARNING - 图像增强失败，使用原图像: name 'ImageEnhance' is not defined
2025-09-14 17:41:56,713 - WARNING - 图像增强失败，使用原图像: name 'ImageEnhance' is not defined
2025-09-14 17:41:56,738 - WARNING - 图像增强失败，使用原图像: name 'ImageEnhance' is not defined
2025-09-14 17:41:56,763 - WARNING - 图像增强失败，使用原图像: name 'ImageEnhance' is not defined
2025-09-14 17:41:56,788 - WARNING - 图像增强失败，使用原图像: name 'ImageEnhance' is not defined
2025-09-14 17:41:56,814 - WARNING - 图像增强失败，使用原图像: name 'ImageEnhance' is not defined
2025-09-14 17:41:56,840 - WARNING - 图像增强失败，使用原图像: name 'ImageEnhance' is not defined
2025-09-14 17:41:56,861 - WARNING - 图像增强失败，使用原图像: name 'ImageEnhance' is not defined
2025-09-14 17:41:56,883 - WARNING - 图像增强失败，使用原图像: name 'ImageEnhance' is not defined
2025-09-14 17:41:56,906 - WARNING - 图像增强失败，使用原图像: name 'ImageEnhance' is not defined
2025-09-14 17:41:56,933 - WARNING - 图像增强失败，使用原图像: name 'ImageEnhance' is not defined
2025-09-14 17:41:56,957 - WARNING - 图像增强失败，使用原图像: name 'ImageEnhance' is not defined
2025-09-14 17:41:56,982 - WARNING - 图像增强失败，使用原图像: name 'ImageEnhance' is not defined
2025-09-14 17:41:57,006 - WARNING - 图像增强失败，使用原图像: name 'ImageEnhance' is not defined
2025-09-14 17:41:57,029 - WARNING - 图像增强失败，使用原图像: name 'ImageEnhance' is not defined
2025-09-14 17:41:57,055 - WARNING - 图像增强失败，使用原图像: name 'ImageEnhance' is not defined
2025-09-14 17:41:57,083 - INFO - 已处理: frame_00000384_t12.800s.jpg → 类别4_150-160 (91.54%)
2025-09-14 17:41:57,084 - INFO - 已处理: frame_00000390_t13.000s.jpg → 类别4_150-160 (90.24%)
2025-09-14 17:41:57,085 - INFO - 已处理: frame_00000396_t13.200s.jpg → 类别4_150-160 (91.70%)
2025-09-14 17:41:57,086 - INFO - 已处理: frame_00000402_t13.400s.jpg → 类别4_150-160 (87.54%)
2025-09-14 17:41:57,087 - INFO - 已处理: frame_00000408_t13.600s.jpg → 类别4_150-160 (91.70%)
2025-09-14 17:41:57,088 - INFO - 已处理: frame_00000414_t13.800s.jpg → 类别4_150-160 (89.63%)
2025-09-14 17:41:57,089 - INFO - 已处理: frame_00000420_t14.000s.jpg → 类别4_150-160 (92.39%)
2025-09-14 17:41:57,090 - INFO - 已处理: frame_00000426_t14.200s.jpg → 类别4_150-160 (90.01%)
2025-09-14 17:41:57,091 - INFO - 已处理: frame_00000432_t14.400s.jpg → 类别4_150-160 (90.52%)
2025-09-14 17:41:57,092 - INFO - 已处理: frame_00000438_t14.600s.jpg → 类别4_150-160 (89.67%)
2025-09-14 17:41:57,094 - INFO - 已处理: frame_00000444_t14.800s.jpg → 类别4_150-160 (90.47%)
2025-09-14 17:41:57,095 - INFO - 已处理: frame_00000450_t15.000s.jpg → 类别4_150-160 (91.08%)
2025-09-14 17:41:57,096 - INFO - 已处理: frame_00000456_t15.200s.jpg → 类别4_150-160 (90.11%)
2025-09-14 17:41:57,097 - INFO - 已处理: frame_00000462_t15.400s.jpg → 类别4_150-160 (89.04%)
2025-09-14 17:41:57,098 - INFO - 已处理: frame_00000468_t15.600s.jpg → 类别4_150-160 (86.37%)
2025-09-14 17:41:57,099 - INFO - 已处理: frame_00000474_t15.800s.jpg → 类别4_150-160 (90.89%)
2025-09-14 17:41:57,100 - INFO - 已处理: frame_00000480_t16.000s.jpg → 类别4_150-160 (91.10%)
2025-09-14 17:41:57,101 - INFO - 已处理: frame_00000486_t16.200s.jpg → 类别4_150-160 (90.72%)
2025-09-14 17:41:57,102 - INFO - 已处理: frame_00000492_t16.400s.jpg → 类别4_150-160 (91.59%)
2025-09-14 17:41:57,103 - INFO - 已处理: frame_00000498_t16.600s.jpg → 类别4_150-160 (92.00%)
2025-09-14 17:41:57,104 - INFO - 已处理: frame_00000504_t16.800s.jpg → 类别4_150-160 (92.09%)
2025-09-14 17:41:57,105 - INFO - 已处理: frame_00000510_t17.000s.jpg → 类别4_150-160 (88.65%)
2025-09-14 17:41:57,106 - INFO - 已处理: frame_00000516_t17.200s.jpg → 类别4_150-160 (90.25%)
2025-09-14 17:41:57,107 - INFO - 已处理: frame_00000522_t17.400s.jpg → 类别4_150-160 (91.55%)
2025-09-14 17:41:57,108 - INFO - 已处理: frame_00000528_t17.600s.jpg → 类别4_150-160 (87.75%)
2025-09-14 17:41:57,109 - INFO - 已处理: frame_00000534_t17.800s.jpg → 类别4_150-160 (91.60%)
2025-09-14 17:41:57,110 - INFO - 已处理: frame_00000540_t18.000s.jpg → 类别4_150-160 (91.85%)
2025-09-14 17:41:57,111 - INFO - 已处理: frame_00000546_t18.200s.jpg → 类别4_150-160 (89.86%)
2025-09-14 17:41:57,112 - INFO - 已处理: frame_00000552_t18.400s.jpg → 类别4_150-160 (91.64%)
2025-09-14 17:41:57,113 - INFO - 已处理: frame_00000558_t18.600s.jpg → 类别4_150-160 (91.82%)
2025-09-14 17:41:57,114 - INFO - 已处理: frame_00000564_t18.800s.jpg → 类别4_150-160 (89.92%)
2025-09-14 17:41:57,115 - INFO - 已处理: frame_00000570_t19.000s.jpg → 类别4_150-160 (88.94%)
2025-09-14 17:41:57,135 - WARNING - 图像增强失败，使用原图像: name 'ImageEnhance' is not defined
2025-09-14 17:41:57,158 - WARNING - 图像增强失败，使用原图像: name 'ImageEnhance' is not defined
2025-09-14 17:41:57,182 - WARNING - 图像增强失败，使用原图像: name 'ImageEnhance' is not defined
2025-09-14 17:41:57,205 - WARNING - 图像增强失败，使用原图像: name 'ImageEnhance' is not defined
2025-09-14 17:41:57,230 - WARNING - 图像增强失败，使用原图像: name 'ImageEnhance' is not defined
2025-09-14 17:41:57,256 - WARNING - 图像增强失败，使用原图像: name 'ImageEnhance' is not defined
2025-09-14 17:41:57,277 - WARNING - 图像增强失败，使用原图像: name 'ImageEnhance' is not defined
2025-09-14 17:41:57,300 - WARNING - 图像增强失败，使用原图像: name 'ImageEnhance' is not defined
2025-09-14 17:41:57,322 - WARNING - 图像增强失败，使用原图像: name 'ImageEnhance' is not defined
2025-09-14 17:41:57,343 - WARNING - 图像增强失败，使用原图像: name 'ImageEnhance' is not defined
2025-09-14 17:41:57,369 - WARNING - 图像增强失败，使用原图像: name 'ImageEnhance' is not defined
2025-09-14 17:41:57,393 - WARNING - 图像增强失败，使用原图像: name 'ImageEnhance' is not defined
2025-09-14 17:41:57,445 - INFO - 已处理: frame_00000576_t19.200s.jpg → 类别4_150-160 (91.53%)
2025-09-14 17:41:57,447 - INFO - 已处理: frame_00000582_t19.400s.jpg → 类别4_150-160 (88.02%)
2025-09-14 17:41:57,448 - INFO - 已处理: frame_00000588_t19.600s.jpg → 类别4_150-160 (89.90%)
2025-09-14 17:41:57,449 - INFO - 已处理: frame_00000594_t19.800s.jpg → 类别4_150-160 (87.78%)
2025-09-14 17:41:57,450 - INFO - 已处理: frame_00000600_t20.000s.jpg → 类别4_150-160 (90.51%)
2025-09-14 17:41:57,451 - INFO - 已处理: frame_00000606_t20.200s.jpg → 类别4_150-160 (92.23%)
2025-09-14 17:41:57,452 - INFO - 已处理: frame_00000612_t20.400s.jpg → 类别4_150-160 (88.72%)
2025-09-14 17:41:57,453 - INFO - 已处理: frame_00000618_t20.600s.jpg → 类别4_150-160 (91.06%)
2025-09-14 17:41:57,454 - INFO - 已处理: frame_00000624_t20.800s.jpg → 类别4_150-160 (88.52%)
2025-09-14 17:41:57,455 - INFO - 已处理: frame_00000630_t21.000s.jpg → 类别4_150-160 (92.10%)
2025-09-14 17:41:57,456 - INFO - 已处理: frame_00000636_t21.200s.jpg → 类别4_150-160 (92.32%)
2025-09-14 17:41:57,457 - INFO - 已处理: frame_00000642_t21.400s.jpg → 类别4_150-160 (91.77%)
2025-09-14 17:41:57,457 - INFO - 批量处理完成！共处理 108 张图片
2025-09-14 17:42:43,456 - INFO - 已处理: frame_00000000_t0.000s.jpg → 类别4_150-160 (91.13%)
2025-09-14 17:42:43,458 - INFO - 已处理: frame_00000006_t0.200s.jpg → 类别4_150-160 (88.55%)
2025-09-14 17:42:43,459 - INFO - 已处理: frame_00000012_t0.400s.jpg → 类别4_150-160 (90.39%)
2025-09-14 17:42:43,460 - INFO - 已处理: frame_00000018_t0.600s.jpg → 类别4_150-160 (88.98%)
2025-09-14 17:42:43,461 - INFO - 已处理: frame_00000024_t0.800s.jpg → 类别4_150-160 (91.27%)
2025-09-14 17:42:43,462 - INFO - 已处理: frame_00000030_t1.000s.jpg → 类别4_150-160 (91.08%)
2025-09-14 17:42:43,463 - INFO - 已处理: frame_00000036_t1.200s.jpg → 类别4_150-160 (89.55%)
2025-09-14 17:42:43,464 - INFO - 已处理: frame_00000042_t1.400s.jpg → 类别4_150-160 (89.80%)
2025-09-14 17:42:43,465 - INFO - 已处理: frame_00000048_t1.600s.jpg → 类别4_150-160 (91.97%)
2025-09-14 17:42:43,465 - INFO - 已处理: frame_00000054_t1.800s.jpg → 类别4_150-160 (91.03%)
2025-09-14 17:42:43,466 - INFO - 已处理: frame_00000060_t2.000s.jpg → 类别4_150-160 (91.57%)
2025-09-14 17:42:43,468 - INFO - 已处理: frame_00000066_t2.200s.jpg → 类别4_150-160 (92.02%)
2025-09-14 17:42:43,469 - INFO - 已处理: frame_00000072_t2.400s.jpg → 类别4_150-160 (92.37%)
2025-09-14 17:42:43,469 - INFO - 已处理: frame_00000078_t2.600s.jpg → 类别4_150-160 (92.78%)
2025-09-14 17:42:43,470 - INFO - 已处理: frame_00000084_t2.800s.jpg → 类别4_150-160 (92.22%)
2025-09-14 17:42:43,471 - INFO - 已处理: frame_00000090_t3.000s.jpg → 类别4_150-160 (92.24%)
2025-09-14 17:42:43,472 - INFO - 已处理: frame_00000096_t3.200s.jpg → 类别4_150-160 (91.85%)
2025-09-14 17:42:43,473 - INFO - 已处理: frame_00000102_t3.400s.jpg → 类别4_150-160 (93.04%)
2025-09-14 17:42:43,475 - INFO - 已处理: frame_00000108_t3.600s.jpg → 类别4_150-160 (89.79%)
2025-09-14 17:42:43,476 - INFO - 已处理: frame_00000114_t3.800s.jpg → 类别4_150-160 (91.03%)
2025-09-14 17:42:43,476 - INFO - 已处理: frame_00000120_t4.000s.jpg → 类别4_150-160 (90.59%)
2025-09-14 17:42:43,477 - INFO - 已处理: frame_00000126_t4.200s.jpg → 类别4_150-160 (94.25%)
2025-09-14 17:42:43,479 - INFO - 已处理: frame_00000132_t4.400s.jpg → 类别4_150-160 (91.04%)
2025-09-14 17:42:43,480 - INFO - 已处理: frame_00000138_t4.600s.jpg → 类别4_150-160 (90.24%)
2025-09-14 17:42:43,481 - INFO - 已处理: frame_00000144_t4.800s.jpg → 类别4_150-160 (90.84%)
2025-09-14 17:42:43,482 - INFO - 已处理: frame_00000150_t5.000s.jpg → 类别4_150-160 (89.65%)
2025-09-14 17:42:43,483 - INFO - 已处理: frame_00000156_t5.200s.jpg → 类别4_150-160 (88.81%)
2025-09-14 17:42:43,484 - INFO - 已处理: frame_00000162_t5.400s.jpg → 类别4_150-160 (90.35%)
2025-09-14 17:42:43,485 - INFO - 已处理: frame_00000168_t5.600s.jpg → 类别4_150-160 (91.27%)
2025-09-14 17:42:43,486 - INFO - 已处理: frame_00000174_t5.800s.jpg → 类别4_150-160 (90.62%)
2025-09-14 17:42:43,488 - INFO - 已处理: frame_00000180_t6.000s.jpg → 类别4_150-160 (92.09%)
2025-09-14 17:42:43,489 - INFO - 已处理: frame_00000186_t6.200s.jpg → 类别4_150-160 (93.78%)
2025-09-14 17:42:44,071 - INFO - 已处理: frame_00000192_t6.400s.jpg → 类别4_150-160 (93.21%)
2025-09-14 17:42:44,072 - INFO - 已处理: frame_00000198_t6.600s.jpg → 类别4_150-160 (92.21%)
2025-09-14 17:42:44,073 - INFO - 已处理: frame_00000204_t6.800s.jpg → 类别4_150-160 (92.86%)
2025-09-14 17:42:44,074 - INFO - 已处理: frame_00000210_t7.000s.jpg → 类别4_150-160 (91.70%)
2025-09-14 17:42:44,075 - INFO - 已处理: frame_00000216_t7.200s.jpg → 类别4_150-160 (90.94%)
2025-09-14 17:42:44,076 - INFO - 已处理: frame_00000222_t7.400s.jpg → 类别4_150-160 (90.75%)
2025-09-14 17:42:44,077 - INFO - 已处理: frame_00000228_t7.600s.jpg → 类别4_150-160 (91.71%)
2025-09-14 17:42:44,078 - INFO - 已处理: frame_00000234_t7.800s.jpg → 类别4_150-160 (93.15%)
2025-09-14 17:42:44,080 - INFO - 已处理: frame_00000240_t8.000s.jpg → 类别4_150-160 (92.28%)
2025-09-14 17:42:44,081 - INFO - 已处理: frame_00000246_t8.200s.jpg → 类别4_150-160 (92.19%)
2025-09-14 17:42:44,082 - INFO - 已处理: frame_00000252_t8.400s.jpg → 类别4_150-160 (93.13%)
2025-09-14 17:42:44,083 - INFO - 已处理: frame_00000258_t8.600s.jpg → 类别4_150-160 (93.72%)
2025-09-14 17:42:44,084 - INFO - 已处理: frame_00000264_t8.800s.jpg → 类别4_150-160 (94.11%)
2025-09-14 17:42:44,085 - INFO - 已处理: frame_00000270_t9.000s.jpg → 类别4_150-160 (93.62%)
2025-09-14 17:42:44,086 - INFO - 已处理: frame_00000276_t9.200s.jpg → 类别4_150-160 (92.60%)
2025-09-14 17:42:44,087 - INFO - 已处理: frame_00000282_t9.400s.jpg → 类别4_150-160 (91.89%)
2025-09-14 17:42:44,088 - INFO - 已处理: frame_00000288_t9.600s.jpg → 类别4_150-160 (91.77%)
2025-09-14 17:42:44,089 - INFO - 已处理: frame_00000294_t9.800s.jpg → 类别4_150-160 (92.33%)
2025-09-14 17:42:44,090 - INFO - 已处理: frame_00000300_t10.000s.jpg → 类别4_150-160 (92.69%)
2025-09-14 17:42:44,092 - INFO - 已处理: frame_00000306_t10.200s.jpg → 类别4_150-160 (92.43%)
2025-09-14 17:42:44,093 - INFO - 已处理: frame_00000312_t10.400s.jpg → 类别4_150-160 (91.54%)
2025-09-14 17:42:44,094 - INFO - 已处理: frame_00000318_t10.600s.jpg → 类别4_150-160 (91.38%)
2025-09-14 17:42:44,095 - INFO - 已处理: frame_00000324_t10.800s.jpg → 类别4_150-160 (92.24%)
2025-09-14 17:42:44,096 - INFO - 已处理: frame_00000330_t11.000s.jpg → 类别4_150-160 (90.12%)
2025-09-14 17:42:44,097 - INFO - 已处理: frame_00000336_t11.200s.jpg → 类别4_150-160 (91.19%)
2025-09-14 17:42:44,098 - INFO - 已处理: frame_00000342_t11.400s.jpg → 类别4_150-160 (92.98%)
2025-09-14 17:42:44,099 - INFO - 已处理: frame_00000348_t11.600s.jpg → 类别4_150-160 (90.77%)
2025-09-14 17:42:44,100 - INFO - 已处理: frame_00000354_t11.800s.jpg → 类别4_150-160 (91.43%)
2025-09-14 17:42:44,101 - INFO - 已处理: frame_00000360_t12.000s.jpg → 类别4_150-160 (90.90%)
2025-09-14 17:42:44,102 - INFO - 已处理: frame_00000366_t12.200s.jpg → 类别4_150-160 (90.35%)
2025-09-14 17:42:44,103 - INFO - 已处理: frame_00000372_t12.400s.jpg → 类别4_150-160 (91.42%)
2025-09-14 17:42:44,104 - INFO - 已处理: frame_00000378_t12.600s.jpg → 类别4_150-160 (91.28%)
2025-09-14 17:42:44,664 - INFO - 已处理: frame_00000384_t12.800s.jpg → 类别4_150-160 (91.54%)
2025-09-14 17:42:44,665 - INFO - 已处理: frame_00000390_t13.000s.jpg → 类别4_150-160 (90.24%)
2025-09-14 17:42:44,666 - INFO - 已处理: frame_00000396_t13.200s.jpg → 类别4_150-160 (91.70%)
2025-09-14 17:42:44,667 - INFO - 已处理: frame_00000402_t13.400s.jpg → 类别4_150-160 (87.54%)
2025-09-14 17:42:44,667 - INFO - 已处理: frame_00000408_t13.600s.jpg → 类别4_150-160 (91.70%)
2025-09-14 17:42:44,668 - INFO - 已处理: frame_00000414_t13.800s.jpg → 类别4_150-160 (89.63%)
2025-09-14 17:42:44,669 - INFO - 已处理: frame_00000420_t14.000s.jpg → 类别4_150-160 (92.39%)
2025-09-14 17:42:44,670 - INFO - 已处理: frame_00000426_t14.200s.jpg → 类别4_150-160 (90.01%)
2025-09-14 17:42:44,671 - INFO - 已处理: frame_00000432_t14.400s.jpg → 类别4_150-160 (90.52%)
2025-09-14 17:42:44,672 - INFO - 已处理: frame_00000438_t14.600s.jpg → 类别4_150-160 (89.67%)
2025-09-14 17:42:44,673 - INFO - 已处理: frame_00000444_t14.800s.jpg → 类别4_150-160 (90.47%)
2025-09-14 17:42:44,674 - INFO - 已处理: frame_00000450_t15.000s.jpg → 类别4_150-160 (91.08%)
2025-09-14 17:42:44,675 - INFO - 已处理: frame_00000456_t15.200s.jpg → 类别4_150-160 (90.11%)
2025-09-14 17:42:44,676 - INFO - 已处理: frame_00000462_t15.400s.jpg → 类别4_150-160 (89.04%)
2025-09-14 17:42:44,677 - INFO - 已处理: frame_00000468_t15.600s.jpg → 类别4_150-160 (86.37%)
2025-09-14 17:42:44,678 - INFO - 已处理: frame_00000474_t15.800s.jpg → 类别4_150-160 (90.89%)
2025-09-14 17:42:44,679 - INFO - 已处理: frame_00000480_t16.000s.jpg → 类别4_150-160 (91.10%)
2025-09-14 17:42:44,680 - INFO - 已处理: frame_00000486_t16.200s.jpg → 类别4_150-160 (90.72%)
2025-09-14 17:42:44,681 - INFO - 已处理: frame_00000492_t16.400s.jpg → 类别4_150-160 (91.59%)
2025-09-14 17:42:44,682 - INFO - 已处理: frame_00000498_t16.600s.jpg → 类别4_150-160 (92.00%)
2025-09-14 17:42:44,683 - INFO - 已处理: frame_00000504_t16.800s.jpg → 类别4_150-160 (92.09%)
2025-09-14 17:42:44,684 - INFO - 已处理: frame_00000510_t17.000s.jpg → 类别4_150-160 (88.65%)
2025-09-14 17:42:44,685 - INFO - 已处理: frame_00000516_t17.200s.jpg → 类别4_150-160 (90.25%)
2025-09-14 17:42:44,686 - INFO - 已处理: frame_00000522_t17.400s.jpg → 类别4_150-160 (91.55%)
2025-09-14 17:42:44,687 - INFO - 已处理: frame_00000528_t17.600s.jpg → 类别4_150-160 (87.75%)
2025-09-14 17:42:44,688 - INFO - 已处理: frame_00000534_t17.800s.jpg → 类别4_150-160 (91.60%)
2025-09-14 17:42:44,689 - INFO - 已处理: frame_00000540_t18.000s.jpg → 类别4_150-160 (91.85%)
2025-09-14 17:42:44,690 - INFO - 已处理: frame_00000546_t18.200s.jpg → 类别4_150-160 (89.86%)
2025-09-14 17:42:44,691 - INFO - 已处理: frame_00000552_t18.400s.jpg → 类别4_150-160 (91.64%)
2025-09-14 17:42:44,692 - INFO - 已处理: frame_00000558_t18.600s.jpg → 类别4_150-160 (91.82%)
2025-09-14 17:42:44,693 - INFO - 已处理: frame_00000564_t18.800s.jpg → 类别4_150-160 (89.92%)
2025-09-14 17:42:44,694 - INFO - 已处理: frame_00000570_t19.000s.jpg → 类别4_150-160 (88.94%)
2025-09-14 17:42:44,917 - INFO - 已处理: frame_00000576_t19.200s.jpg → 类别4_150-160 (91.53%)
2025-09-14 17:42:44,918 - INFO - 已处理: frame_00000582_t19.400s.jpg → 类别4_150-160 (88.02%)
2025-09-14 17:42:44,919 - INFO - 已处理: frame_00000588_t19.600s.jpg → 类别4_150-160 (89.90%)
2025-09-14 17:42:44,920 - INFO - 已处理: frame_00000594_t19.800s.jpg → 类别4_150-160 (87.78%)
2025-09-14 17:42:44,922 - INFO - 已处理: frame_00000600_t20.000s.jpg → 类别4_150-160 (90.51%)
2025-09-14 17:42:44,923 - INFO - 已处理: frame_00000606_t20.200s.jpg → 类别4_150-160 (92.23%)
2025-09-14 17:42:44,924 - INFO - 已处理: frame_00000612_t20.400s.jpg → 类别4_150-160 (88.72%)
2025-09-14 17:42:44,925 - INFO - 已处理: frame_00000618_t20.600s.jpg → 类别4_150-160 (91.06%)
2025-09-14 17:42:44,926 - INFO - 已处理: frame_00000624_t20.800s.jpg → 类别4_150-160 (88.52%)
2025-09-14 17:42:44,927 - INFO - 已处理: frame_00000630_t21.000s.jpg → 类别4_150-160 (92.10%)
2025-09-14 17:42:44,928 - INFO - 已处理: frame_00000636_t21.200s.jpg → 类别4_150-160 (92.32%)
2025-09-14 17:42:44,929 - INFO - 已处理: frame_00000642_t21.400s.jpg → 类别4_150-160 (91.77%)
2025-09-14 17:42:44,930 - INFO - 批量处理完成！共处理 108 张图片
2025-09-14 17:42:48,697 - INFO - 已处理: frame_00000000_t0.000s.jpg → 类别4_150-160 (91.13%)
2025-09-14 17:42:48,700 - INFO - 已处理: frame_00000006_t0.200s.jpg → 类别4_150-160 (88.55%)
2025-09-14 17:42:48,701 - INFO - 已处理: frame_00000012_t0.400s.jpg → 类别4_150-160 (90.39%)
2025-09-14 17:42:48,702 - INFO - 已处理: frame_00000018_t0.600s.jpg → 类别4_150-160 (88.98%)
2025-09-14 17:42:48,703 - INFO - 已处理: frame_00000024_t0.800s.jpg → 类别4_150-160 (91.27%)
2025-09-14 17:42:48,704 - INFO - 已处理: frame_00000030_t1.000s.jpg → 类别4_150-160 (91.08%)
2025-09-14 17:42:48,705 - INFO - 已处理: frame_00000036_t1.200s.jpg → 类别4_150-160 (89.55%)
2025-09-14 17:42:48,705 - INFO - 已处理: frame_00000042_t1.400s.jpg → 类别4_150-160 (89.80%)
2025-09-14 17:42:48,706 - INFO - 已处理: frame_00000048_t1.600s.jpg → 类别4_150-160 (91.97%)
2025-09-14 17:42:48,707 - INFO - 已处理: frame_00000054_t1.800s.jpg → 类别4_150-160 (91.03%)
2025-09-14 17:42:48,708 - INFO - 已处理: frame_00000060_t2.000s.jpg → 类别4_150-160 (91.57%)
2025-09-14 17:42:48,709 - INFO - 已处理: frame_00000066_t2.200s.jpg → 类别4_150-160 (92.02%)
2025-09-14 17:42:48,710 - INFO - 已处理: frame_00000072_t2.400s.jpg → 类别4_150-160 (92.37%)
2025-09-14 17:42:48,711 - INFO - 已处理: frame_00000078_t2.600s.jpg → 类别4_150-160 (92.78%)
2025-09-14 17:42:48,711 - INFO - 已处理: frame_00000084_t2.800s.jpg → 类别4_150-160 (92.22%)
2025-09-14 17:42:48,712 - INFO - 已处理: frame_00000090_t3.000s.jpg → 类别4_150-160 (92.24%)
2025-09-14 17:42:48,713 - INFO - 已处理: frame_00000096_t3.200s.jpg → 类别4_150-160 (91.85%)
2025-09-14 17:42:48,715 - INFO - 已处理: frame_00000102_t3.400s.jpg → 类别4_150-160 (93.04%)
2025-09-14 17:42:48,716 - INFO - 已处理: frame_00000108_t3.600s.jpg → 类别4_150-160 (89.79%)
2025-09-14 17:42:48,717 - INFO - 已处理: frame_00000114_t3.800s.jpg → 类别4_150-160 (91.03%)
2025-09-14 17:42:48,718 - INFO - 已处理: frame_00000120_t4.000s.jpg → 类别4_150-160 (90.59%)
2025-09-14 17:42:48,720 - INFO - 已处理: frame_00000126_t4.200s.jpg → 类别4_150-160 (94.25%)
2025-09-14 17:42:48,721 - INFO - 已处理: frame_00000132_t4.400s.jpg → 类别4_150-160 (91.04%)
2025-09-14 17:42:48,722 - INFO - 已处理: frame_00000138_t4.600s.jpg → 类别4_150-160 (90.24%)
2025-09-14 17:42:48,723 - INFO - 已处理: frame_00000144_t4.800s.jpg → 类别4_150-160 (90.84%)
2025-09-14 17:42:48,724 - INFO - 已处理: frame_00000150_t5.000s.jpg → 类别4_150-160 (89.65%)
2025-09-14 17:42:48,725 - INFO - 已处理: frame_00000156_t5.200s.jpg → 类别4_150-160 (88.81%)
2025-09-14 17:42:48,726 - INFO - 已处理: frame_00000162_t5.400s.jpg → 类别4_150-160 (90.35%)
2025-09-14 17:42:48,727 - INFO - 已处理: frame_00000168_t5.600s.jpg → 类别4_150-160 (91.27%)
2025-09-14 17:42:48,728 - INFO - 已处理: frame_00000174_t5.800s.jpg → 类别4_150-160 (90.62%)
2025-09-14 17:42:48,729 - INFO - 已处理: frame_00000180_t6.000s.jpg → 类别4_150-160 (92.09%)
2025-09-14 17:42:48,731 - INFO - 已处理: frame_00000186_t6.200s.jpg → 类别4_150-160 (93.78%)
2025-09-14 17:42:49,303 - INFO - 已处理: frame_00000192_t6.400s.jpg → 类别4_150-160 (93.21%)
2025-09-14 17:42:49,305 - INFO - 已处理: frame_00000198_t6.600s.jpg → 类别4_150-160 (92.21%)
2025-09-14 17:42:49,306 - INFO - 已处理: frame_00000204_t6.800s.jpg → 类别4_150-160 (92.86%)
2025-09-14 17:42:49,306 - INFO - 已处理: frame_00000210_t7.000s.jpg → 类别4_150-160 (91.70%)
2025-09-14 17:42:49,307 - INFO - 已处理: frame_00000216_t7.200s.jpg → 类别4_150-160 (90.94%)
2025-09-14 17:42:49,309 - INFO - 已处理: frame_00000222_t7.400s.jpg → 类别4_150-160 (90.75%)
2025-09-14 17:42:49,310 - INFO - 已处理: frame_00000228_t7.600s.jpg → 类别4_150-160 (91.71%)
2025-09-14 17:42:49,310 - INFO - 已处理: frame_00000234_t7.800s.jpg → 类别4_150-160 (93.15%)
2025-09-14 17:42:49,311 - INFO - 已处理: frame_00000240_t8.000s.jpg → 类别4_150-160 (92.28%)
2025-09-14 17:42:49,312 - INFO - 已处理: frame_00000246_t8.200s.jpg → 类别4_150-160 (92.19%)
2025-09-14 17:42:49,313 - INFO - 已处理: frame_00000252_t8.400s.jpg → 类别4_150-160 (93.13%)
2025-09-14 17:42:49,314 - INFO - 已处理: frame_00000258_t8.600s.jpg → 类别4_150-160 (93.72%)
2025-09-14 17:42:49,315 - INFO - 已处理: frame_00000264_t8.800s.jpg → 类别4_150-160 (94.11%)
2025-09-14 17:42:49,316 - INFO - 已处理: frame_00000270_t9.000s.jpg → 类别4_150-160 (93.62%)
2025-09-14 17:42:49,317 - INFO - 已处理: frame_00000276_t9.200s.jpg → 类别4_150-160 (92.60%)
2025-09-14 17:42:49,318 - INFO - 已处理: frame_00000282_t9.400s.jpg → 类别4_150-160 (91.89%)
2025-09-14 17:42:49,319 - INFO - 已处理: frame_00000288_t9.600s.jpg → 类别4_150-160 (91.77%)
2025-09-14 17:42:49,320 - INFO - 已处理: frame_00000294_t9.800s.jpg → 类别4_150-160 (92.33%)
2025-09-14 17:42:49,321 - INFO - 已处理: frame_00000300_t10.000s.jpg → 类别4_150-160 (92.69%)
2025-09-14 17:42:49,323 - INFO - 已处理: frame_00000306_t10.200s.jpg → 类别4_150-160 (92.43%)
2025-09-14 17:42:49,324 - INFO - 已处理: frame_00000312_t10.400s.jpg → 类别4_150-160 (91.54%)
2025-09-14 17:42:49,325 - INFO - 已处理: frame_00000318_t10.600s.jpg → 类别4_150-160 (91.38%)
2025-09-14 17:42:49,327 - INFO - 已处理: frame_00000324_t10.800s.jpg → 类别4_150-160 (92.24%)
2025-09-14 17:42:49,328 - INFO - 已处理: frame_00000330_t11.000s.jpg → 类别4_150-160 (90.12%)
2025-09-14 17:42:49,329 - INFO - 已处理: frame_00000336_t11.200s.jpg → 类别4_150-160 (91.19%)
2025-09-14 17:42:49,329 - INFO - 已处理: frame_00000342_t11.400s.jpg → 类别4_150-160 (92.98%)
2025-09-14 17:42:49,331 - INFO - 已处理: frame_00000348_t11.600s.jpg → 类别4_150-160 (90.77%)
2025-09-14 17:42:49,332 - INFO - 已处理: frame_00000354_t11.800s.jpg → 类别4_150-160 (91.43%)
2025-09-14 17:42:49,333 - INFO - 已处理: frame_00000360_t12.000s.jpg → 类别4_150-160 (90.90%)
2025-09-14 17:42:49,334 - INFO - 已处理: frame_00000366_t12.200s.jpg → 类别4_150-160 (90.35%)
2025-09-14 17:42:49,335 - INFO - 已处理: frame_00000372_t12.400s.jpg → 类别4_150-160 (91.42%)
2025-09-14 17:42:49,336 - INFO - 已处理: frame_00000378_t12.600s.jpg → 类别4_150-160 (91.28%)
2025-09-14 17:42:49,914 - INFO - 已处理: frame_00000384_t12.800s.jpg → 类别4_150-160 (91.54%)
2025-09-14 17:42:49,915 - INFO - 已处理: frame_00000390_t13.000s.jpg → 类别4_150-160 (90.24%)
2025-09-14 17:42:49,917 - INFO - 已处理: frame_00000396_t13.200s.jpg → 类别4_150-160 (91.70%)
2025-09-14 17:42:49,918 - INFO - 已处理: frame_00000402_t13.400s.jpg → 类别4_150-160 (87.54%)
2025-09-14 17:42:49,918 - INFO - 已处理: frame_00000408_t13.600s.jpg → 类别4_150-160 (91.70%)
2025-09-14 17:42:49,919 - INFO - 已处理: frame_00000414_t13.800s.jpg → 类别4_150-160 (89.63%)
2025-09-14 17:42:49,920 - INFO - 已处理: frame_00000420_t14.000s.jpg → 类别4_150-160 (92.39%)
2025-09-14 17:42:49,921 - INFO - 已处理: frame_00000426_t14.200s.jpg → 类别4_150-160 (90.01%)
2025-09-14 17:42:49,922 - INFO - 已处理: frame_00000432_t14.400s.jpg → 类别4_150-160 (90.52%)
2025-09-14 17:42:49,923 - INFO - 已处理: frame_00000438_t14.600s.jpg → 类别4_150-160 (89.67%)
2025-09-14 17:42:49,924 - INFO - 已处理: frame_00000444_t14.800s.jpg → 类别4_150-160 (90.47%)
2025-09-14 17:42:49,925 - INFO - 已处理: frame_00000450_t15.000s.jpg → 类别4_150-160 (91.08%)
2025-09-14 17:42:49,926 - INFO - 已处理: frame_00000456_t15.200s.jpg → 类别4_150-160 (90.11%)
2025-09-14 17:42:49,928 - INFO - 已处理: frame_00000462_t15.400s.jpg → 类别4_150-160 (89.04%)
2025-09-14 17:42:49,929 - INFO - 已处理: frame_00000468_t15.600s.jpg → 类别4_150-160 (86.37%)
2025-09-14 17:42:49,930 - INFO - 已处理: frame_00000474_t15.800s.jpg → 类别4_150-160 (90.89%)
2025-09-14 17:42:49,930 - INFO - 已处理: frame_00000480_t16.000s.jpg → 类别4_150-160 (91.10%)
2025-09-14 17:42:49,931 - INFO - 已处理: frame_00000486_t16.200s.jpg → 类别4_150-160 (90.72%)
2025-09-14 17:42:49,932 - INFO - 已处理: frame_00000492_t16.400s.jpg → 类别4_150-160 (91.59%)
2025-09-14 17:42:49,934 - INFO - 已处理: frame_00000498_t16.600s.jpg → 类别4_150-160 (92.00%)
2025-09-14 17:42:49,934 - INFO - 已处理: frame_00000504_t16.800s.jpg → 类别4_150-160 (92.09%)
2025-09-14 17:42:49,935 - INFO - 已处理: frame_00000510_t17.000s.jpg → 类别4_150-160 (88.65%)
2025-09-14 17:42:49,936 - INFO - 已处理: frame_00000516_t17.200s.jpg → 类别4_150-160 (90.25%)
2025-09-14 17:42:49,937 - INFO - 已处理: frame_00000522_t17.400s.jpg → 类别4_150-160 (91.55%)
2025-09-14 17:42:49,938 - INFO - 已处理: frame_00000528_t17.600s.jpg → 类别4_150-160 (87.75%)
2025-09-14 17:42:49,939 - INFO - 已处理: frame_00000534_t17.800s.jpg → 类别4_150-160 (91.60%)
2025-09-14 17:42:49,941 - INFO - 已处理: frame_00000540_t18.000s.jpg → 类别4_150-160 (91.85%)
2025-09-14 17:42:49,942 - INFO - 已处理: frame_00000546_t18.200s.jpg → 类别4_150-160 (89.86%)
2025-09-14 17:42:49,943 - INFO - 已处理: frame_00000552_t18.400s.jpg → 类别4_150-160 (91.64%)
2025-09-14 17:42:49,944 - INFO - 已处理: frame_00000558_t18.600s.jpg → 类别4_150-160 (91.82%)
2025-09-14 17:42:49,945 - INFO - 已处理: frame_00000564_t18.800s.jpg → 类别4_150-160 (89.92%)
2025-09-14 17:42:49,946 - INFO - 已处理: frame_00000570_t19.000s.jpg → 类别4_150-160 (88.94%)
2025-09-14 17:42:50,173 - INFO - 已处理: frame_00000576_t19.200s.jpg → 类别4_150-160 (91.53%)
2025-09-14 17:42:50,174 - INFO - 已处理: frame_00000582_t19.400s.jpg → 类别4_150-160 (88.02%)
2025-09-14 17:42:50,175 - INFO - 已处理: frame_00000588_t19.600s.jpg → 类别4_150-160 (89.90%)
2025-09-14 17:42:50,175 - INFO - 已处理: frame_00000594_t19.800s.jpg → 类别4_150-160 (87.78%)
2025-09-14 17:42:50,176 - INFO - 已处理: frame_00000600_t20.000s.jpg → 类别4_150-160 (90.51%)
2025-09-14 17:42:50,177 - INFO - 已处理: frame_00000606_t20.200s.jpg → 类别4_150-160 (92.23%)
2025-09-14 17:42:50,178 - INFO - 已处理: frame_00000612_t20.400s.jpg → 类别4_150-160 (88.72%)
2025-09-14 17:42:50,179 - INFO - 已处理: frame_00000618_t20.600s.jpg → 类别4_150-160 (91.06%)
2025-09-14 17:42:50,180 - INFO - 已处理: frame_00000624_t20.800s.jpg → 类别4_150-160 (88.52%)
2025-09-14 17:42:50,181 - INFO - 已处理: frame_00000630_t21.000s.jpg → 类别4_150-160 (92.10%)
2025-09-14 17:42:50,182 - INFO - 已处理: frame_00000636_t21.200s.jpg → 类别4_150-160 (92.32%)
2025-09-14 17:42:50,183 - INFO - 已处理: frame_00000642_t21.400s.jpg → 类别4_150-160 (91.77%)
2025-09-14 17:42:50,190 - INFO - 结果已保存: F:/混凝土数据集/视频数据/7-28/12_32-34-160/图片/8月4日(1)-1\recognition_results_20250914_174250.json
2025-09-14 17:42:50,195 - INFO - 批量处理完成！共处理 108 张图片
