2025-09-15 14:04:28,017 - INFO - 坍落度识别系统启动
2025-09-15 14:04:28,819 - INFO - 配置文件加载成功
2025-09-15 14:04:28,840 - INFO - UI状态初始化完成
2025-09-15 14:04:33,429 - INFO - 模型加载成功: resnet18, 权重: pretrained/resnet18/best_model.pth
2025-09-15 14:05:13,125 - INFO - 选择输入文件夹: F:/project/vgg_test/data/raw/27分类/类别9_181-184, 找到 552 张图片
2025-09-15 14:05:24,512 - WARNING - 图像增强失败，使用原图像: name 'ImageEnhance' is not defined
2025-09-15 14:05:24,562 - WARNING - 图像增强失败，使用原图像: name 'ImageEnhance' is not defined
2025-09-15 14:05:24,591 - WARNING - 图像增强失败，使用原图像: name 'ImageEnhance' is not defined
2025-09-15 14:05:24,621 - WARNING - 图像增强失败，使用原图像: name 'ImageEnhance' is not defined
2025-09-15 14:05:24,652 - WARNING - 图像增强失败，使用原图像: name 'ImageEnhance' is not defined
2025-09-15 14:05:24,682 - WARNING - 图像增强失败，使用原图像: name 'ImageEnhance' is not defined
2025-09-15 14:05:24,710 - WARNING - 图像增强失败，使用原图像: name 'ImageEnhance' is not defined
2025-09-15 14:05:24,741 - WARNING - 图像增强失败，使用原图像: name 'ImageEnhance' is not defined
2025-09-15 14:05:24,773 - WARNING - 图像增强失败，使用原图像: name 'ImageEnhance' is not defined
2025-09-15 14:05:24,802 - WARNING - 图像增强失败，使用原图像: name 'ImageEnhance' is not defined
2025-09-15 14:05:24,830 - WARNING - 图像增强失败，使用原图像: name 'ImageEnhance' is not defined
2025-09-15 14:05:24,859 - WARNING - 图像增强失败，使用原图像: name 'ImageEnhance' is not defined
2025-09-15 14:05:24,889 - WARNING - 图像增强失败，使用原图像: name 'ImageEnhance' is not defined
2025-09-15 14:05:24,918 - WARNING - 图像增强失败，使用原图像: name 'ImageEnhance' is not defined
2025-09-15 14:05:24,946 - WARNING - 图像增强失败，使用原图像: name 'ImageEnhance' is not defined
2025-09-15 14:05:24,977 - WARNING - 图像增强失败，使用原图像: name 'ImageEnhance' is not defined
2025-09-15 14:05:25,012 - WARNING - 图像增强失败，使用原图像: name 'ImageEnhance' is not defined
2025-09-15 14:05:25,042 - WARNING - 图像增强失败，使用原图像: name 'ImageEnhance' is not defined
2025-09-15 14:05:25,073 - WARNING - 图像增强失败，使用原图像: name 'ImageEnhance' is not defined
2025-09-15 14:05:25,102 - WARNING - 图像增强失败，使用原图像: name 'ImageEnhance' is not defined
2025-09-15 14:05:25,131 - WARNING - 图像增强失败，使用原图像: name 'ImageEnhance' is not defined
2025-09-15 14:05:25,162 - WARNING - 图像增强失败，使用原图像: name 'ImageEnhance' is not defined
2025-09-15 14:05:25,191 - WARNING - 图像增强失败，使用原图像: name 'ImageEnhance' is not defined
2025-09-15 14:05:25,220 - WARNING - 图像增强失败，使用原图像: name 'ImageEnhance' is not defined
2025-09-15 14:05:25,250 - WARNING - 图像增强失败，使用原图像: name 'ImageEnhance' is not defined
2025-09-15 14:05:25,278 - WARNING - 图像增强失败，使用原图像: name 'ImageEnhance' is not defined
2025-09-15 14:05:25,305 - WARNING - 图像增强失败，使用原图像: name 'ImageEnhance' is not defined
2025-09-15 14:05:25,331 - WARNING - 图像增强失败，使用原图像: name 'ImageEnhance' is not defined
2025-09-15 14:05:25,361 - WARNING - 图像增强失败，使用原图像: name 'ImageEnhance' is not defined
2025-09-15 14:05:25,390 - WARNING - 图像增强失败，使用原图像: name 'ImageEnhance' is not defined
2025-09-15 14:05:25,421 - WARNING - 图像增强失败，使用原图像: name 'ImageEnhance' is not defined
2025-09-15 14:05:25,454 - WARNING - 图像增强失败，使用原图像: name 'ImageEnhance' is not defined
2025-09-15 14:05:26,020 - INFO - 已处理: 7_28_16_53-185_001.jpg → 类别10_185-190 (46.59%)
2025-09-15 14:05:26,027 - INFO - 已处理: 7_28_16_53-185_002.jpg → 类别9_181-184 (47.49%)
2025-09-15 14:05:26,032 - INFO - 已处理: 7_28_16_53-185_003.jpg → 类别10_185-190 (36.69%)
2025-09-15 14:05:26,037 - INFO - 已处理: 7_28_16_53-185_004.jpg → 类别10_185-190 (37.43%)
2025-09-15 14:05:26,042 - INFO - 已处理: 7_28_16_53-185_005.jpg → 类别9_181-184 (43.30%)
2025-09-15 14:05:26,051 - INFO - 已处理: 7_28_16_53-185_006.jpg → 类别9_181-184 (40.84%)
2025-09-15 14:05:26,055 - INFO - 已处理: 7_28_16_53-185_007.jpg → 类别10_185-190 (34.10%)
2025-09-15 14:05:26,063 - INFO - 已处理: 7_28_16_53-185_008.jpg → 类别9_181-184 (44.69%)
2025-09-15 14:05:26,071 - INFO - 已处理: 7_28_16_53-185_009.jpg → 类别9_181-184 (33.50%)
2025-09-15 14:05:26,079 - INFO - 已处理: 7_28_16_53-185_010.jpg → 类别9_181-184 (40.58%)
2025-09-15 14:05:26,088 - INFO - 已处理: 7_28_16_53-185_011.jpg → 类别9_181-184 (45.28%)
2025-09-15 14:05:26,096 - INFO - 已处理: 7_28_16_53-185_012.jpg → 类别9_181-184 (53.11%)
2025-09-15 14:05:26,104 - INFO - 已处理: 7_28_16_53-185_013.jpg → 类别10_185-190 (39.97%)
2025-09-15 14:05:26,114 - INFO - 已处理: 7_28_16_53-185_014.jpg → 类别10_185-190 (42.65%)
2025-09-15 14:05:26,122 - INFO - 已处理: 7_28_16_53-185_015.jpg → 类别9_181-184 (41.49%)
2025-09-15 14:05:26,137 - INFO - 已处理: 7_28_16_53-185_016.jpg → 类别9_181-184 (43.68%)
2025-09-15 14:05:26,147 - INFO - 已处理: 7_28_16_53-185_017.jpg → 类别9_181-184 (50.90%)
2025-09-15 14:05:26,157 - INFO - 已处理: 7_28_16_53-185_018.jpg → 类别9_181-184 (56.50%)
2025-09-15 14:05:26,168 - INFO - 已处理: 7_28_16_53-185_019.jpg → 类别9_181-184 (40.17%)
2025-09-15 14:05:26,179 - INFO - 已处理: 7_28_16_53-185_020.jpg → 类别10_185-190 (40.60%)
2025-09-15 14:05:26,193 - INFO - 已处理: 7_28_16_53-185_021.jpg → 类别9_181-184 (48.15%)
2025-09-15 14:05:26,208 - INFO - 已处理: 7_28_16_53-185_022.jpg → 类别10_185-190 (45.19%)
2025-09-15 14:05:26,221 - INFO - 已处理: 7_28_16_53-185_023.jpg → 类别9_181-184 (42.21%)
2025-09-15 14:05:26,238 - INFO - 已处理: 7_28_16_53-185_024.jpg → 类别9_181-184 (53.93%)
2025-09-15 14:05:26,252 - INFO - 已处理: 7_28_16_53-185_025.jpg → 类别9_181-184 (36.16%)
2025-09-15 14:05:26,265 - INFO - 已处理: 7_28_16_53-185_026.jpg → 类别9_181-184 (41.30%)
2025-09-15 14:05:26,277 - INFO - 已处理: 7_28_16_53-185_027.jpg → 类别9_181-184 (40.65%)
2025-09-15 14:05:26,292 - INFO - 已处理: 7_28_16_53-185_028.jpg → 类别9_181-184 (46.44%)
2025-09-15 14:05:26,307 - INFO - 已处理: 7_28_16_53-185_029.jpg → 类别9_181-184 (49.70%)
2025-09-15 14:05:26,321 - INFO - 已处理: 7_28_16_53-185_030.jpg → 类别9_181-184 (50.88%)
2025-09-15 14:05:26,333 - INFO - 已处理: 7_28_16_53-185_031.jpg → 类别9_181-184 (48.87%)
2025-09-15 14:05:26,347 - INFO - 已处理: 7_28_16_53-185_032.jpg → 类别9_181-184 (51.32%)
2025-09-15 14:05:26,374 - WARNING - 图像增强失败，使用原图像: name 'ImageEnhance' is not defined
2025-09-15 14:05:26,404 - WARNING - 图像增强失败，使用原图像: name 'ImageEnhance' is not defined
2025-09-15 14:05:26,435 - WARNING - 图像增强失败，使用原图像: name 'ImageEnhance' is not defined
2025-09-15 14:05:26,465 - WARNING - 图像增强失败，使用原图像: name 'ImageEnhance' is not defined
2025-09-15 14:05:26,501 - WARNING - 图像增强失败，使用原图像: name 'ImageEnhance' is not defined
2025-09-15 14:05:26,532 - WARNING - 图像增强失败，使用原图像: name 'ImageEnhance' is not defined
2025-09-15 14:05:26,562 - WARNING - 图像增强失败，使用原图像: name 'ImageEnhance' is not defined
2025-09-15 14:05:26,593 - WARNING - 图像增强失败，使用原图像: name 'ImageEnhance' is not defined
2025-09-15 14:05:26,622 - WARNING - 图像增强失败，使用原图像: name 'ImageEnhance' is not defined
2025-09-15 14:05:26,653 - WARNING - 图像增强失败，使用原图像: name 'ImageEnhance' is not defined
2025-09-15 14:05:26,683 - WARNING - 图像增强失败，使用原图像: name 'ImageEnhance' is not defined
2025-09-15 14:05:26,714 - WARNING - 图像增强失败，使用原图像: name 'ImageEnhance' is not defined
2025-09-15 14:05:26,743 - WARNING - 图像增强失败，使用原图像: name 'ImageEnhance' is not defined
2025-09-15 14:05:26,777 - WARNING - 图像增强失败，使用原图像: name 'ImageEnhance' is not defined
2025-09-15 14:05:26,806 - WARNING - 图像增强失败，使用原图像: name 'ImageEnhance' is not defined
2025-09-15 14:05:26,836 - WARNING - 图像增强失败，使用原图像: name 'ImageEnhance' is not defined
2025-09-15 14:05:26,864 - WARNING - 图像增强失败，使用原图像: name 'ImageEnhance' is not defined
2025-09-15 14:05:26,893 - WARNING - 图像增强失败，使用原图像: name 'ImageEnhance' is not defined
2025-09-15 14:05:26,924 - WARNING - 图像增强失败，使用原图像: name 'ImageEnhance' is not defined
2025-09-15 14:05:26,955 - WARNING - 图像增强失败，使用原图像: name 'ImageEnhance' is not defined
2025-09-15 14:05:26,984 - WARNING - 图像增强失败，使用原图像: name 'ImageEnhance' is not defined
2025-09-15 14:05:27,011 - WARNING - 图像增强失败，使用原图像: name 'ImageEnhance' is not defined
2025-09-15 14:05:27,041 - WARNING - 图像增强失败，使用原图像: name 'ImageEnhance' is not defined
2025-09-15 14:05:27,069 - WARNING - 图像增强失败，使用原图像: name 'ImageEnhance' is not defined
2025-09-15 14:05:27,098 - WARNING - 图像增强失败，使用原图像: name 'ImageEnhance' is not defined
2025-09-15 14:05:27,128 - WARNING - 图像增强失败，使用原图像: name 'ImageEnhance' is not defined
2025-09-15 14:05:27,160 - WARNING - 图像增强失败，使用原图像: name 'ImageEnhance' is not defined
2025-09-15 14:05:27,193 - WARNING - 图像增强失败，使用原图像: name 'ImageEnhance' is not defined
2025-09-15 14:05:27,222 - WARNING - 图像增强失败，使用原图像: name 'ImageEnhance' is not defined
2025-09-15 14:05:27,251 - WARNING - 图像增强失败，使用原图像: name 'ImageEnhance' is not defined
2025-09-15 14:05:27,279 - WARNING - 图像增强失败，使用原图像: name 'ImageEnhance' is not defined
2025-09-15 14:05:27,306 - WARNING - 图像增强失败，使用原图像: name 'ImageEnhance' is not defined
2025-09-15 14:05:27,337 - INFO - 已处理: 7_28_16_53-185_033.jpg → 类别9_181-184 (42.16%)
2025-09-15 14:05:27,353 - INFO - 已处理: 7_28_16_53-185_034.jpg → 类别9_181-184 (41.39%)
2025-09-15 14:05:27,368 - INFO - 已处理: 7_28_16_53-185_035.jpg → 类别9_181-184 (54.64%)
2025-09-15 14:05:27,383 - INFO - 已处理: 7_28_16_53-185_036.jpg → 类别9_181-184 (58.18%)
2025-09-15 14:05:27,398 - INFO - 已处理: 7_28_16_53-185_037.jpg → 类别17_220-225 (19.92%)
2025-09-15 14:05:27,417 - INFO - 已处理: 7_28_16_53-185_038.jpg → 类别9_181-184 (30.35%)
2025-09-15 14:05:27,439 - INFO - 已处理: 7_28_16_53-185_039.jpg → 类别9_181-184 (45.03%)
2025-09-15 14:05:27,455 - INFO - 已处理: 7_28_16_53-185_040.jpg → 类别9_181-184 (55.83%)
2025-09-15 14:05:27,469 - INFO - 已处理: 7_28_16_53-185_041.jpg → 类别9_181-184 (53.75%)
2025-09-15 14:05:27,482 - INFO - 已处理: 7_28_16_53-185_042.jpg → 类别9_181-184 (53.66%)
2025-09-15 14:05:27,493 - INFO - 已处理: 7_28_16_53-185_043.jpg → 类别9_181-184 (52.46%)
2025-09-15 14:05:27,506 - INFO - 已处理: 7_28_16_53-185_044.jpg → 类别9_181-184 (57.44%)
2025-09-15 14:05:27,519 - INFO - 已处理: 7_28_16_53-185_045.jpg → 类别9_181-184 (54.18%)
2025-09-15 14:05:27,532 - INFO - 已处理: 7_28_16_53-185_046.jpg → 类别9_181-184 (55.74%)
2025-09-15 14:05:27,544 - INFO - 已处理: 7_28_16_53-185_047.jpg → 类别9_181-184 (51.68%)
2025-09-15 14:05:27,557 - INFO - 已处理: 7_28_16_53-185_048.jpg → 类别9_181-184 (54.99%)
2025-09-15 14:05:27,571 - INFO - 已处理: 7_28_16_53-185_049.jpg → 类别9_181-184 (53.49%)
2025-09-15 14:05:27,584 - INFO - 已处理: 7_28_16_53-185_050.jpg → 类别9_181-184 (54.13%)
2025-09-15 14:05:27,598 - INFO - 已处理: 7_28_16_53-185_051.jpg → 类别9_181-184 (59.95%)
2025-09-15 14:05:27,611 - INFO - 已处理: 7_28_16_53-185_052.jpg → 类别9_181-184 (59.49%)
2025-09-15 14:05:27,624 - INFO - 已处理: 7_28_16_53-185_053.jpg → 类别9_181-184 (57.88%)
2025-09-15 14:05:27,637 - INFO - 已处理: 7_28_16_53-185_054.jpg → 类别9_181-184 (62.12%)
2025-09-15 14:05:27,650 - INFO - 已处理: 7_28_16_53-185_055.jpg → 类别9_181-184 (47.56%)
2025-09-15 14:05:27,662 - INFO - 已处理: 7_28_16_53-185_056.jpg → 类别9_181-184 (51.78%)
2025-09-15 14:05:27,674 - INFO - 已处理: 7_28_16_53-185_057.jpg → 类别9_181-184 (51.43%)
2025-09-15 14:05:27,685 - INFO - 已处理: 7_28_16_53-185_058.jpg → 类别9_181-184 (56.99%)
2025-09-15 14:05:27,697 - INFO - 已处理: 7_28_16_53-185_059.jpg → 类别9_181-184 (61.06%)
2025-09-15 14:05:27,710 - INFO - 已处理: 7_28_16_53-185_060.jpg → 类别9_181-184 (54.73%)
2025-09-15 14:05:27,721 - INFO - 已处理: 7_28_16_53-185_061.jpg → 类别9_181-184 (57.15%)
2025-09-15 14:05:27,732 - INFO - 已处理: 7_28_16_53-185_062.jpg → 类别9_181-184 (55.60%)
2025-09-15 14:05:27,744 - INFO - 已处理: 7_28_16_53-185_063.jpg → 类别9_181-184 (54.38%)
2025-09-15 14:05:27,756 - INFO - 已处理: 7_28_16_53-185_064.jpg → 类别9_181-184 (53.39%)
2025-09-15 14:05:27,788 - WARNING - 图像增强失败，使用原图像: name 'ImageEnhance' is not defined
2025-09-15 14:05:27,816 - WARNING - 图像增强失败，使用原图像: name 'ImageEnhance' is not defined
2025-09-15 14:05:27,844 - WARNING - 图像增强失败，使用原图像: name 'ImageEnhance' is not defined
2025-09-15 14:05:27,873 - WARNING - 图像增强失败，使用原图像: name 'ImageEnhance' is not defined
2025-09-15 14:05:27,907 - WARNING - 图像增强失败，使用原图像: name 'ImageEnhance' is not defined
2025-09-15 14:05:27,937 - WARNING - 图像增强失败，使用原图像: name 'ImageEnhance' is not defined
2025-09-15 14:05:27,966 - WARNING - 图像增强失败，使用原图像: name 'ImageEnhance' is not defined
2025-09-15 14:05:27,996 - WARNING - 图像增强失败，使用原图像: name 'ImageEnhance' is not defined
2025-09-15 14:05:28,028 - WARNING - 图像增强失败，使用原图像: name 'ImageEnhance' is not defined
2025-09-15 14:05:28,056 - WARNING - 图像增强失败，使用原图像: name 'ImageEnhance' is not defined
2025-09-15 14:05:28,083 - WARNING - 图像增强失败，使用原图像: name 'ImageEnhance' is not defined
2025-09-15 14:05:28,110 - WARNING - 图像增强失败，使用原图像: name 'ImageEnhance' is not defined
2025-09-15 14:05:28,137 - WARNING - 图像增强失败，使用原图像: name 'ImageEnhance' is not defined
2025-09-15 14:05:28,166 - WARNING - 图像增强失败，使用原图像: name 'ImageEnhance' is not defined
2025-09-15 14:05:28,205 - WARNING - 图像增强失败，使用原图像: name 'ImageEnhance' is not defined
2025-09-15 14:05:28,240 - WARNING - 图像增强失败，使用原图像: name 'ImageEnhance' is not defined
2025-09-15 14:05:28,272 - WARNING - 图像增强失败，使用原图像: name 'ImageEnhance' is not defined
2025-09-15 14:05:28,298 - WARNING - 图像增强失败，使用原图像: name 'ImageEnhance' is not defined
2025-09-15 14:05:28,327 - WARNING - 图像增强失败，使用原图像: name 'ImageEnhance' is not defined
2025-09-15 14:05:28,355 - WARNING - 图像增强失败，使用原图像: name 'ImageEnhance' is not defined
2025-09-15 14:05:28,384 - WARNING - 图像增强失败，使用原图像: name 'ImageEnhance' is not defined
2025-09-15 14:05:28,412 - WARNING - 图像增强失败，使用原图像: name 'ImageEnhance' is not defined
2025-09-15 14:05:28,447 - WARNING - 图像增强失败，使用原图像: name 'ImageEnhance' is not defined
2025-09-15 14:05:28,482 - WARNING - 图像增强失败，使用原图像: name 'ImageEnhance' is not defined
2025-09-15 14:05:28,512 - WARNING - 图像增强失败，使用原图像: name 'ImageEnhance' is not defined
2025-09-15 14:05:28,545 - WARNING - 图像增强失败，使用原图像: name 'ImageEnhance' is not defined
2025-09-15 14:05:28,576 - WARNING - 图像增强失败，使用原图像: name 'ImageEnhance' is not defined
2025-09-15 14:05:28,608 - WARNING - 图像增强失败，使用原图像: name 'ImageEnhance' is not defined
2025-09-15 14:05:28,638 - WARNING - 图像增强失败，使用原图像: name 'ImageEnhance' is not defined
2025-09-15 14:05:28,668 - WARNING - 图像增强失败，使用原图像: name 'ImageEnhance' is not defined
2025-09-15 14:05:28,696 - WARNING - 图像增强失败，使用原图像: name 'ImageEnhance' is not defined
2025-09-15 14:05:28,725 - WARNING - 图像增强失败，使用原图像: name 'ImageEnhance' is not defined
2025-09-15 14:05:28,755 - INFO - 已处理: 7_28_16_53-185_065.jpg → 类别9_181-184 (48.42%)
2025-09-15 14:05:28,767 - INFO - 已处理: 7_28_16_53-185_066.jpg → 类别9_181-184 (44.10%)
2025-09-15 14:05:28,780 - INFO - 已处理: 7_28_16_53-185_067.jpg → 类别9_181-184 (50.46%)
2025-09-15 14:05:28,792 - INFO - 已处理: 7_28_16_53-185_068.jpg → 类别9_181-184 (51.14%)
2025-09-15 14:05:28,804 - INFO - 已处理: 7_28_16_53-185_069.jpg → 类别9_181-184 (53.86%)
2025-09-15 14:05:28,817 - INFO - 已处理: 7_28_16_53-185_070.jpg → 类别9_181-184 (55.04%)
2025-09-15 14:05:28,830 - INFO - 已处理: 7_28_16_53-185_071.jpg → 类别9_181-184 (53.24%)
2025-09-15 14:05:28,845 - INFO - 已处理: 7_28_16_53-185_072.jpg → 类别9_181-184 (49.82%)
2025-09-15 14:05:28,859 - INFO - 已处理: 7_28_16_53-185_073.jpg → 类别9_181-184 (48.76%)
2025-09-15 14:05:28,874 - INFO - 已处理: 7_28_16_53-185_074.jpg → 类别9_181-184 (46.51%)
2025-09-15 14:05:28,887 - INFO - 已处理: 7_28_16_53-185_075.jpg → 类别10_185-190 (46.59%)
2025-09-15 14:05:28,902 - INFO - 已处理: 7_28_16_53-185_076.jpg → 类别9_181-184 (47.49%)
2025-09-15 14:05:28,923 - INFO - 已处理: 7_28_16_53-185_077.jpg → 类别10_185-190 (36.69%)
2025-09-15 14:05:28,936 - INFO - 已处理: 7_28_16_53-185_078.jpg → 类别10_185-190 (37.43%)
2025-09-15 14:05:28,949 - INFO - 已处理: 7_28_16_53-185_079.jpg → 类别9_181-184 (43.30%)
2025-09-15 14:05:28,963 - INFO - 已处理: 7_28_16_53-185_080.jpg → 类别9_181-184 (40.84%)
2025-09-15 14:05:28,979 - INFO - 已处理: 7_28_16_53-185_081.jpg → 类别10_185-190 (34.10%)
2025-09-15 14:05:28,992 - INFO - 已处理: 7_28_16_53-185_082.jpg → 类别9_181-184 (44.69%)
2025-09-15 14:05:29,007 - INFO - 已处理: 7_28_16_53-185_083.jpg → 类别9_181-184 (33.50%)
2025-09-15 14:05:29,018 - INFO - 已处理: 7_28_16_53-185_084.jpg → 类别9_181-184 (40.58%)
2025-09-15 14:05:29,031 - INFO - 已处理: 7_28_16_53-185_085.jpg → 类别9_181-184 (45.28%)
2025-09-15 14:05:29,044 - INFO - 已处理: 7_28_16_53-185_086.jpg → 类别9_181-184 (53.11%)
2025-09-15 14:05:29,058 - INFO - 已处理: 7_28_16_53-185_087.jpg → 类别10_185-190 (39.97%)
2025-09-15 14:05:29,072 - INFO - 已处理: 7_28_16_53-185_088.jpg → 类别10_185-190 (42.65%)
2025-09-15 14:05:29,087 - INFO - 已处理: 7_28_16_53-185_089.jpg → 类别9_181-184 (41.49%)
2025-09-15 14:05:29,102 - INFO - 已处理: 7_28_16_53-185_090.jpg → 类别9_181-184 (43.68%)
2025-09-15 14:05:29,119 - INFO - 已处理: 7_28_16_53-185_091.jpg → 类别9_181-184 (50.90%)
2025-09-15 14:05:29,133 - INFO - 已处理: 7_28_16_53-185_092.jpg → 类别9_181-184 (56.50%)
2025-09-15 14:05:29,145 - INFO - 已处理: 7_28_16_53-185_093.jpg → 类别9_181-184 (40.17%)
2025-09-15 14:05:29,157 - INFO - 已处理: 7_28_16_53-185_094.jpg → 类别10_185-190 (40.60%)
2025-09-15 14:05:29,170 - INFO - 已处理: 7_28_16_53-185_095.jpg → 类别9_181-184 (48.15%)
2025-09-15 14:05:29,184 - INFO - 已处理: 7_28_16_53-185_096.jpg → 类别10_185-190 (45.19%)
2025-09-15 14:05:29,213 - WARNING - 图像增强失败，使用原图像: name 'ImageEnhance' is not defined
2025-09-15 14:05:29,242 - WARNING - 图像增强失败，使用原图像: name 'ImageEnhance' is not defined
2025-09-15 14:05:29,275 - WARNING - 图像增强失败，使用原图像: name 'ImageEnhance' is not defined
2025-09-15 14:05:29,306 - WARNING - 图像增强失败，使用原图像: name 'ImageEnhance' is not defined
2025-09-15 14:05:29,335 - WARNING - 图像增强失败，使用原图像: name 'ImageEnhance' is not defined
2025-09-15 14:05:29,363 - WARNING - 图像增强失败，使用原图像: name 'ImageEnhance' is not defined
2025-09-15 14:05:29,391 - WARNING - 图像增强失败，使用原图像: name 'ImageEnhance' is not defined
2025-09-15 14:05:29,419 - WARNING - 图像增强失败，使用原图像: name 'ImageEnhance' is not defined
2025-09-15 14:05:29,446 - WARNING - 图像增强失败，使用原图像: name 'ImageEnhance' is not defined
2025-09-15 14:05:29,474 - WARNING - 图像增强失败，使用原图像: name 'ImageEnhance' is not defined
2025-09-15 14:05:29,503 - WARNING - 图像增强失败，使用原图像: name 'ImageEnhance' is not defined
2025-09-15 14:05:29,531 - WARNING - 图像增强失败，使用原图像: name 'ImageEnhance' is not defined
2025-09-15 14:05:29,558 - WARNING - 图像增强失败，使用原图像: name 'ImageEnhance' is not defined
2025-09-15 14:05:29,586 - WARNING - 图像增强失败，使用原图像: name 'ImageEnhance' is not defined
2025-09-15 14:05:29,613 - WARNING - 图像增强失败，使用原图像: name 'ImageEnhance' is not defined
2025-09-15 14:05:29,642 - WARNING - 图像增强失败，使用原图像: name 'ImageEnhance' is not defined
2025-09-15 14:05:29,672 - WARNING - 图像增强失败，使用原图像: name 'ImageEnhance' is not defined
2025-09-15 14:05:29,701 - WARNING - 图像增强失败，使用原图像: name 'ImageEnhance' is not defined
2025-09-15 14:05:29,731 - WARNING - 图像增强失败，使用原图像: name 'ImageEnhance' is not defined
2025-09-15 14:05:29,759 - WARNING - 图像增强失败，使用原图像: name 'ImageEnhance' is not defined
2025-09-15 14:05:29,786 - WARNING - 图像增强失败，使用原图像: name 'ImageEnhance' is not defined
2025-09-15 14:05:29,813 - WARNING - 图像增强失败，使用原图像: name 'ImageEnhance' is not defined
2025-09-15 14:05:29,841 - WARNING - 图像增强失败，使用原图像: name 'ImageEnhance' is not defined
2025-09-15 14:05:29,869 - WARNING - 图像增强失败，使用原图像: name 'ImageEnhance' is not defined
2025-09-15 14:05:29,901 - WARNING - 图像增强失败，使用原图像: name 'ImageEnhance' is not defined
2025-09-15 14:05:29,933 - WARNING - 图像增强失败，使用原图像: name 'ImageEnhance' is not defined
2025-09-15 14:05:29,962 - WARNING - 图像增强失败，使用原图像: name 'ImageEnhance' is not defined
2025-09-15 14:05:29,991 - WARNING - 图像增强失败，使用原图像: name 'ImageEnhance' is not defined
2025-09-15 14:05:30,018 - WARNING - 图像增强失败，使用原图像: name 'ImageEnhance' is not defined
2025-09-15 14:05:30,047 - WARNING - 图像增强失败，使用原图像: name 'ImageEnhance' is not defined
2025-09-15 14:05:30,075 - WARNING - 图像增强失败，使用原图像: name 'ImageEnhance' is not defined
2025-09-15 14:05:30,107 - WARNING - 图像增强失败，使用原图像: name 'ImageEnhance' is not defined
2025-09-15 14:05:30,140 - INFO - 已处理: 7_28_16_53-185_097.jpg → 类别9_181-184 (42.21%)
2025-09-15 14:05:30,155 - INFO - 已处理: 7_28_16_53-185_098.jpg → 类别9_181-184 (53.93%)
2025-09-15 14:05:30,173 - INFO - 已处理: 7_28_16_53-185_099.jpg → 类别9_181-184 (36.16%)
2025-09-15 14:05:30,185 - INFO - 已处理: 7_28_16_53-185_100.jpg → 类别9_181-184 (41.30%)
2025-09-15 14:05:30,198 - INFO - 已处理: 7_28_16_53-185_101.jpg → 类别9_181-184 (40.65%)
2025-09-15 14:05:30,211 - INFO - 已处理: 7_28_16_53-185_102.jpg → 类别9_181-184 (46.44%)
2025-09-15 14:05:30,224 - INFO - 已处理: 7_28_16_53-185_103.jpg → 类别9_181-184 (49.70%)
2025-09-15 14:05:30,237 - INFO - 已处理: 7_28_16_53-185_104.jpg → 类别9_181-184 (50.88%)
2025-09-15 14:05:30,251 - INFO - 已处理: 7_28_16_53-185_105.jpg → 类别9_181-184 (48.87%)
2025-09-15 14:05:30,263 - INFO - 已处理: 7_28_16_53-185_106.jpg → 类别9_181-184 (51.32%)
2025-09-15 14:05:30,275 - INFO - 已处理: 7_28_16_53-185_107.jpg → 类别9_181-184 (42.16%)
2025-09-15 14:05:30,290 - INFO - 已处理: 7_28_16_53-185_108.jpg → 类别9_181-184 (41.39%)
2025-09-15 14:05:30,305 - INFO - 已处理: 7_28_16_53-185_109.jpg → 类别9_181-184 (54.64%)
2025-09-15 14:05:30,318 - INFO - 已处理: 7_28_16_53-185_110.jpg → 类别9_181-184 (58.18%)
2025-09-15 14:05:30,331 - INFO - 已处理: 7_28_16_53-185_111.jpg → 类别17_220-225 (19.92%)
2025-09-15 14:05:30,345 - INFO - 已处理: 7_28_16_53-185_112.jpg → 类别9_181-184 (30.35%)
2025-09-15 14:05:30,361 - INFO - 已处理: 7_28_16_53-185_113.jpg → 类别9_181-184 (45.03%)
2025-09-15 14:05:30,374 - INFO - 已处理: 7_28_16_53-185_114.jpg → 类别9_181-184 (55.83%)
2025-09-15 14:05:30,387 - INFO - 已处理: 7_28_16_53-185_115.jpg → 类别9_181-184 (53.75%)
2025-09-15 14:05:30,398 - INFO - 已处理: 7_28_16_53-185_116.jpg → 类别9_181-184 (53.66%)
2025-09-15 14:05:30,410 - INFO - 已处理: 7_28_16_53-185_117.jpg → 类别9_181-184 (52.46%)
2025-09-15 14:05:30,421 - INFO - 已处理: 7_28_16_53-185_118.jpg → 类别9_181-184 (57.44%)
2025-09-15 14:05:30,433 - INFO - 已处理: 7_28_16_53-185_119.jpg → 类别9_181-184 (54.18%)
2025-09-15 14:05:30,444 - INFO - 已处理: 7_28_16_53-185_120.jpg → 类别9_181-184 (55.74%)
2025-09-15 14:05:30,455 - INFO - 已处理: 7_28_16_53-185_121.jpg → 类别9_181-184 (51.68%)
2025-09-15 14:05:30,466 - INFO - 已处理: 7_28_16_53-185_122.jpg → 类别9_181-184 (54.99%)
2025-09-15 14:05:30,479 - INFO - 已处理: 7_28_16_53-185_123.jpg → 类别9_181-184 (53.49%)
2025-09-15 14:05:30,491 - INFO - 已处理: 7_28_16_53-185_124.jpg → 类别9_181-184 (54.13%)
2025-09-15 14:05:30,502 - INFO - 已处理: 7_28_16_53-185_125.jpg → 类别9_181-184 (59.95%)
2025-09-15 14:05:30,516 - INFO - 已处理: 7_28_16_53-185_126.jpg → 类别9_181-184 (59.49%)
2025-09-15 14:05:30,530 - INFO - 已处理: 7_28_16_53-185_127.jpg → 类别9_181-184 (57.88%)
2025-09-15 14:05:30,543 - INFO - 已处理: 7_28_16_53-185_128.jpg → 类别9_181-184 (62.12%)
2025-09-15 14:05:30,580 - WARNING - 图像增强失败，使用原图像: name 'ImageEnhance' is not defined
2025-09-15 14:05:30,611 - WARNING - 图像增强失败，使用原图像: name 'ImageEnhance' is not defined
2025-09-15 14:05:30,639 - WARNING - 图像增强失败，使用原图像: name 'ImageEnhance' is not defined
2025-09-15 14:05:30,671 - WARNING - 图像增强失败，使用原图像: name 'ImageEnhance' is not defined
2025-09-15 14:05:30,699 - WARNING - 图像增强失败，使用原图像: name 'ImageEnhance' is not defined
2025-09-15 14:05:30,731 - WARNING - 图像增强失败，使用原图像: name 'ImageEnhance' is not defined
2025-09-15 14:05:30,764 - WARNING - 图像增强失败，使用原图像: name 'ImageEnhance' is not defined
2025-09-15 14:05:30,797 - WARNING - 图像增强失败，使用原图像: name 'ImageEnhance' is not defined
2025-09-15 14:05:30,832 - WARNING - 图像增强失败，使用原图像: name 'ImageEnhance' is not defined
2025-09-15 14:05:30,862 - WARNING - 图像增强失败，使用原图像: name 'ImageEnhance' is not defined
2025-09-15 14:05:30,893 - WARNING - 图像增强失败，使用原图像: name 'ImageEnhance' is not defined
2025-09-15 14:05:30,925 - WARNING - 图像增强失败，使用原图像: name 'ImageEnhance' is not defined
2025-09-15 14:05:30,960 - WARNING - 图像增强失败，使用原图像: name 'ImageEnhance' is not defined
2025-09-15 14:05:30,988 - WARNING - 图像增强失败，使用原图像: name 'ImageEnhance' is not defined
2025-09-15 14:05:31,020 - WARNING - 图像增强失败，使用原图像: name 'ImageEnhance' is not defined
2025-09-15 14:05:31,049 - WARNING - 图像增强失败，使用原图像: name 'ImageEnhance' is not defined
2025-09-15 14:05:31,076 - WARNING - 图像增强失败，使用原图像: name 'ImageEnhance' is not defined
2025-09-15 14:05:31,106 - WARNING - 图像增强失败，使用原图像: name 'ImageEnhance' is not defined
2025-09-15 14:05:31,134 - WARNING - 图像增强失败，使用原图像: name 'ImageEnhance' is not defined
2025-09-15 14:05:31,171 - WARNING - 图像增强失败，使用原图像: name 'ImageEnhance' is not defined
2025-09-15 14:05:31,202 - WARNING - 图像增强失败，使用原图像: name 'ImageEnhance' is not defined
2025-09-15 14:05:31,232 - WARNING - 图像增强失败，使用原图像: name 'ImageEnhance' is not defined
2025-09-15 14:05:31,261 - WARNING - 图像增强失败，使用原图像: name 'ImageEnhance' is not defined
2025-09-15 14:05:31,291 - WARNING - 图像增强失败，使用原图像: name 'ImageEnhance' is not defined
2025-09-15 14:05:31,316 - WARNING - 图像增强失败，使用原图像: name 'ImageEnhance' is not defined
2025-09-15 14:05:31,344 - WARNING - 图像增强失败，使用原图像: name 'ImageEnhance' is not defined
2025-09-15 14:05:31,373 - WARNING - 图像增强失败，使用原图像: name 'ImageEnhance' is not defined
2025-09-15 14:05:31,403 - WARNING - 图像增强失败，使用原图像: name 'ImageEnhance' is not defined
2025-09-15 14:05:31,431 - WARNING - 图像增强失败，使用原图像: name 'ImageEnhance' is not defined
2025-09-15 14:05:31,459 - WARNING - 图像增强失败，使用原图像: name 'ImageEnhance' is not defined
2025-09-15 14:05:31,486 - WARNING - 图像增强失败，使用原图像: name 'ImageEnhance' is not defined
2025-09-15 14:05:31,516 - WARNING - 图像增强失败，使用原图像: name 'ImageEnhance' is not defined
2025-09-15 14:05:31,545 - INFO - 已处理: 7_28_16_53-185_129.jpg → 类别9_181-184 (47.56%)
2025-09-15 14:05:31,561 - INFO - 已处理: 7_28_16_53-185_130.jpg → 类别9_181-184 (51.78%)
2025-09-15 14:05:31,576 - INFO - 已处理: 7_28_16_53-185_131.jpg → 类别9_181-184 (51.43%)
2025-09-15 14:05:31,589 - INFO - 已处理: 7_28_16_53-185_132.jpg → 类别9_181-184 (56.99%)
2025-09-15 14:05:31,603 - INFO - 已处理: 7_28_16_53-185_133.jpg → 类别9_181-184 (61.06%)
2025-09-15 14:05:31,617 - INFO - 已处理: 7_28_16_53-185_134.jpg → 类别9_181-184 (54.73%)
2025-09-15 14:05:31,629 - INFO - 已处理: 7_28_16_53-185_135.jpg → 类别9_181-184 (57.15%)
2025-09-15 14:05:31,640 - INFO - 已处理: 7_28_16_53-185_136.jpg → 类别9_181-184 (55.60%)
2025-09-15 14:05:31,652 - INFO - 已处理: 7_28_16_53-185_137.jpg → 类别9_181-184 (54.38%)
2025-09-15 14:05:31,665 - INFO - 已处理: 7_28_16_53-185_138.jpg → 类别9_181-184 (53.39%)
2025-09-15 14:05:31,677 - INFO - 已处理: 7_28_16_53-185_139.jpg → 类别9_181-184 (48.42%)
2025-09-15 14:05:31,689 - INFO - 已处理: 7_28_16_53-185_140.jpg → 类别9_181-184 (44.10%)
2025-09-15 14:05:31,701 - INFO - 已处理: 7_28_16_53-185_141.jpg → 类别9_181-184 (50.46%)
2025-09-15 14:05:31,714 - INFO - 已处理: 7_28_16_53-185_142.jpg → 类别9_181-184 (51.14%)
2025-09-15 14:05:31,728 - INFO - 已处理: 7_28_16_53-185_143.jpg → 类别9_181-184 (53.86%)
2025-09-15 14:05:31,740 - INFO - 已处理: 7_28_16_53-185_144.jpg → 类别9_181-184 (55.04%)
2025-09-15 14:05:31,752 - INFO - 已处理: 7_28_16_53-185_145.jpg → 类别9_181-184 (53.24%)
2025-09-15 14:05:31,766 - INFO - 已处理: 7_28_16_53-185_146.jpg → 类别9_181-184 (49.82%)
2025-09-15 14:05:31,778 - INFO - 已处理: 7_28_16_53-185_147.jpg → 类别9_181-184 (48.76%)
2025-09-15 14:05:31,791 - INFO - 已处理: 7_28_16_53-185_148.jpg → 类别9_181-184 (46.51%)
2025-09-15 14:05:31,805 - INFO - 已处理: 7_28_17_23-185_149.jpg → 类别9_181-184 (53.84%)
2025-09-15 14:05:31,818 - INFO - 已处理: 7_28_17_23-185_150.jpg → 类别9_181-184 (53.90%)
2025-09-15 14:05:31,832 - INFO - 已处理: 7_28_17_23-185_151.jpg → 类别9_181-184 (53.65%)
2025-09-15 14:05:31,845 - INFO - 已处理: 7_28_17_23-185_152.jpg → 类别9_181-184 (53.08%)
2025-09-15 14:05:31,858 - INFO - 已处理: 7_28_17_23-185_153.jpg → 类别9_181-184 (53.82%)
2025-09-15 14:05:31,870 - INFO - 已处理: 7_28_17_23-185_154.jpg → 类别9_181-184 (53.06%)
2025-09-15 14:05:31,882 - INFO - 已处理: 7_28_17_23-185_155.jpg → 类别9_181-184 (55.49%)
2025-09-15 14:05:31,894 - INFO - 已处理: 7_28_17_23-185_156.jpg → 类别9_181-184 (53.01%)
2025-09-15 14:05:31,906 - INFO - 已处理: 7_28_17_23-185_157.jpg → 类别9_181-184 (54.03%)
2025-09-15 14:05:31,917 - INFO - 已处理: 7_28_17_23-185_158.jpg → 类别9_181-184 (54.64%)
2025-09-15 14:05:31,930 - INFO - 已处理: 7_28_17_23-185_159.jpg → 类别9_181-184 (54.15%)
2025-09-15 14:05:31,942 - INFO - 已处理: 7_28_17_23-185_160.jpg → 类别9_181-184 (54.78%)
2025-09-15 14:05:31,972 - WARNING - 图像增强失败，使用原图像: name 'ImageEnhance' is not defined
2025-09-15 14:05:32,002 - WARNING - 图像增强失败，使用原图像: name 'ImageEnhance' is not defined
2025-09-15 14:05:32,032 - WARNING - 图像增强失败，使用原图像: name 'ImageEnhance' is not defined
2025-09-15 14:05:32,063 - WARNING - 图像增强失败，使用原图像: name 'ImageEnhance' is not defined
2025-09-15 14:05:32,090 - WARNING - 图像增强失败，使用原图像: name 'ImageEnhance' is not defined
2025-09-15 14:05:32,119 - WARNING - 图像增强失败，使用原图像: name 'ImageEnhance' is not defined
2025-09-15 14:05:32,151 - WARNING - 图像增强失败，使用原图像: name 'ImageEnhance' is not defined
2025-09-15 14:05:32,178 - WARNING - 图像增强失败，使用原图像: name 'ImageEnhance' is not defined
2025-09-15 14:05:32,210 - WARNING - 图像增强失败，使用原图像: name 'ImageEnhance' is not defined
2025-09-15 14:05:32,240 - WARNING - 图像增强失败，使用原图像: name 'ImageEnhance' is not defined
2025-09-15 14:05:32,271 - WARNING - 图像增强失败，使用原图像: name 'ImageEnhance' is not defined
2025-09-15 14:05:32,302 - WARNING - 图像增强失败，使用原图像: name 'ImageEnhance' is not defined
2025-09-15 14:05:32,332 - WARNING - 图像增强失败，使用原图像: name 'ImageEnhance' is not defined
2025-09-15 14:05:32,361 - WARNING - 图像增强失败，使用原图像: name 'ImageEnhance' is not defined
2025-09-15 14:05:32,390 - WARNING - 图像增强失败，使用原图像: name 'ImageEnhance' is not defined
2025-09-15 14:05:32,422 - WARNING - 图像增强失败，使用原图像: name 'ImageEnhance' is not defined
2025-09-15 14:05:32,455 - WARNING - 图像增强失败，使用原图像: name 'ImageEnhance' is not defined
2025-09-15 14:05:32,487 - WARNING - 图像增强失败，使用原图像: name 'ImageEnhance' is not defined
2025-09-15 14:05:32,517 - WARNING - 图像增强失败，使用原图像: name 'ImageEnhance' is not defined
2025-09-15 14:05:32,545 - WARNING - 图像增强失败，使用原图像: name 'ImageEnhance' is not defined
2025-09-15 14:05:32,574 - WARNING - 图像增强失败，使用原图像: name 'ImageEnhance' is not defined
2025-09-15 14:05:32,602 - WARNING - 图像增强失败，使用原图像: name 'ImageEnhance' is not defined
2025-09-15 14:05:32,634 - WARNING - 图像增强失败，使用原图像: name 'ImageEnhance' is not defined
2025-09-15 14:05:32,666 - WARNING - 图像增强失败，使用原图像: name 'ImageEnhance' is not defined
2025-09-15 14:05:32,697 - WARNING - 图像增强失败，使用原图像: name 'ImageEnhance' is not defined
2025-09-15 14:05:32,728 - WARNING - 图像增强失败，使用原图像: name 'ImageEnhance' is not defined
2025-09-15 14:05:32,756 - WARNING - 图像增强失败，使用原图像: name 'ImageEnhance' is not defined
2025-09-15 14:05:32,787 - WARNING - 图像增强失败，使用原图像: name 'ImageEnhance' is not defined
2025-09-15 14:05:32,817 - WARNING - 图像增强失败，使用原图像: name 'ImageEnhance' is not defined
2025-09-15 14:05:32,847 - WARNING - 图像增强失败，使用原图像: name 'ImageEnhance' is not defined
2025-09-15 14:05:32,877 - WARNING - 图像增强失败，使用原图像: name 'ImageEnhance' is not defined
2025-09-15 14:05:32,906 - WARNING - 图像增强失败，使用原图像: name 'ImageEnhance' is not defined
2025-09-15 14:05:32,936 - INFO - 已处理: 7_28_17_23-185_161.jpg → 类别9_181-184 (56.57%)
2025-09-15 14:05:32,949 - INFO - 已处理: 7_28_17_23-185_162.jpg → 类别9_181-184 (54.87%)
2025-09-15 14:05:32,963 - INFO - 已处理: 7_28_17_23-185_163.jpg → 类别9_181-184 (57.37%)
2025-09-15 14:05:32,978 - INFO - 已处理: 7_28_17_23-185_164.jpg → 类别9_181-184 (55.33%)
2025-09-15 14:05:32,989 - INFO - 已处理: 7_28_17_23-185_165.jpg → 类别9_181-184 (56.76%)
2025-09-15 14:05:33,001 - INFO - 已处理: 7_28_17_23-185_166.jpg → 类别9_181-184 (53.17%)
2025-09-15 14:05:33,014 - INFO - 已处理: 7_28_17_23-185_167.jpg → 类别9_181-184 (55.53%)
2025-09-15 14:05:33,030 - INFO - 已处理: 7_28_17_23-185_168.jpg → 类别9_181-184 (54.54%)
2025-09-15 14:05:33,043 - INFO - 已处理: 7_28_17_23-185_169.jpg → 类别9_181-184 (51.59%)
2025-09-15 14:05:33,057 - INFO - 已处理: 7_28_17_23-185_170.jpg → 类别9_181-184 (55.08%)
2025-09-15 14:05:33,071 - INFO - 已处理: 7_28_17_23-185_171.jpg → 类别9_181-184 (56.29%)
2025-09-15 14:05:33,086 - INFO - 已处理: 7_28_17_23-185_172.jpg → 类别9_181-184 (55.94%)
2025-09-15 14:05:33,101 - INFO - 已处理: 7_28_17_23-185_173.jpg → 类别9_181-184 (56.08%)
2025-09-15 14:05:33,115 - INFO - 已处理: 7_28_17_23-185_174.jpg → 类别9_181-184 (57.44%)
2025-09-15 14:05:33,127 - INFO - 已处理: 7_28_17_23-185_175.jpg → 类别9_181-184 (52.97%)
2025-09-15 14:05:33,140 - INFO - 已处理: 7_28_17_23-185_176.jpg → 类别9_181-184 (55.67%)
2025-09-15 14:05:33,151 - INFO - 已处理: 7_28_17_23-185_177.jpg → 类别9_181-184 (54.91%)
2025-09-15 14:05:33,163 - INFO - 已处理: 7_28_17_23-185_178.jpg → 类别9_181-184 (56.28%)
2025-09-15 14:05:33,174 - INFO - 已处理: 7_28_17_23-185_179.jpg → 类别9_181-184 (56.65%)
2025-09-15 14:05:33,186 - INFO - 已处理: 7_28_17_23-185_180.jpg → 类别9_181-184 (55.28%)
2025-09-15 14:05:33,198 - INFO - 已处理: 7_28_17_23-185_181.jpg → 类别9_181-184 (57.37%)
2025-09-15 14:05:33,209 - INFO - 已处理: 7_28_17_23-185_182.jpg → 类别9_181-184 (55.55%)
2025-09-15 14:05:33,221 - INFO - 已处理: 7_28_17_23-185_183.jpg → 类别9_181-184 (56.22%)
2025-09-15 14:05:33,234 - INFO - 已处理: 7_28_17_23-185_184.jpg → 类别9_181-184 (52.40%)
2025-09-15 14:05:33,246 - INFO - 已处理: 7_28_17_23-185_185.jpg → 类别9_181-184 (55.44%)
2025-09-15 14:05:33,260 - INFO - 已处理: 7_28_17_23-185_186.jpg → 类别9_181-184 (56.20%)
2025-09-15 14:05:33,273 - INFO - 已处理: 7_28_17_23-185_187.jpg → 类别9_181-184 (57.05%)
2025-09-15 14:05:33,286 - INFO - 已处理: 7_28_17_23-185_188.jpg → 类别9_181-184 (55.64%)
2025-09-15 14:05:33,300 - INFO - 已处理: 7_28_17_23-185_189.jpg → 类别9_181-184 (56.87%)
2025-09-15 14:05:33,314 - INFO - 已处理: 7_28_17_23-185_190.jpg → 类别9_181-184 (55.80%)
2025-09-15 14:05:33,325 - INFO - 已处理: 7_28_17_23-185_191.jpg → 类别9_181-184 (54.83%)
2025-09-15 14:05:33,339 - INFO - 已处理: 7_28_17_23-185_192.jpg → 类别9_181-184 (58.51%)
2025-09-15 14:05:33,363 - WARNING - 图像增强失败，使用原图像: name 'ImageEnhance' is not defined
2025-09-15 14:05:33,393 - WARNING - 图像增强失败，使用原图像: name 'ImageEnhance' is not defined
2025-09-15 14:05:33,422 - WARNING - 图像增强失败，使用原图像: name 'ImageEnhance' is not defined
2025-09-15 14:05:33,452 - WARNING - 图像增强失败，使用原图像: name 'ImageEnhance' is not defined
2025-09-15 14:05:33,487 - WARNING - 图像增强失败，使用原图像: name 'ImageEnhance' is not defined
2025-09-15 14:05:33,517 - WARNING - 图像增强失败，使用原图像: name 'ImageEnhance' is not defined
2025-09-15 14:05:33,548 - WARNING - 图像增强失败，使用原图像: name 'ImageEnhance' is not defined
2025-09-15 14:05:33,576 - WARNING - 图像增强失败，使用原图像: name 'ImageEnhance' is not defined
2025-09-15 14:05:33,607 - WARNING - 图像增强失败，使用原图像: name 'ImageEnhance' is not defined
2025-09-15 14:05:33,636 - WARNING - 图像增强失败，使用原图像: name 'ImageEnhance' is not defined
2025-09-15 14:05:33,668 - WARNING - 图像增强失败，使用原图像: name 'ImageEnhance' is not defined
2025-09-15 14:05:33,700 - WARNING - 图像增强失败，使用原图像: name 'ImageEnhance' is not defined
2025-09-15 14:05:33,732 - WARNING - 图像增强失败，使用原图像: name 'ImageEnhance' is not defined
2025-09-15 14:05:33,764 - WARNING - 图像增强失败，使用原图像: name 'ImageEnhance' is not defined
2025-09-15 14:05:33,795 - WARNING - 图像增强失败，使用原图像: name 'ImageEnhance' is not defined
2025-09-15 14:05:33,825 - WARNING - 图像增强失败，使用原图像: name 'ImageEnhance' is not defined
2025-09-15 14:05:33,856 - WARNING - 图像增强失败，使用原图像: name 'ImageEnhance' is not defined
2025-09-15 14:05:33,887 - WARNING - 图像增强失败，使用原图像: name 'ImageEnhance' is not defined
2025-09-15 14:05:33,915 - WARNING - 图像增强失败，使用原图像: name 'ImageEnhance' is not defined
2025-09-15 14:05:33,944 - WARNING - 图像增强失败，使用原图像: name 'ImageEnhance' is not defined
2025-09-15 14:05:33,977 - WARNING - 图像增强失败，使用原图像: name 'ImageEnhance' is not defined
2025-09-15 14:05:34,007 - WARNING - 图像增强失败，使用原图像: name 'ImageEnhance' is not defined
2025-09-15 14:05:34,035 - WARNING - 图像增强失败，使用原图像: name 'ImageEnhance' is not defined
2025-09-15 14:05:34,065 - WARNING - 图像增强失败，使用原图像: name 'ImageEnhance' is not defined
2025-09-15 14:05:34,098 - WARNING - 图像增强失败，使用原图像: name 'ImageEnhance' is not defined
2025-09-15 14:05:34,131 - WARNING - 图像增强失败，使用原图像: name 'ImageEnhance' is not defined
2025-09-15 14:05:34,165 - WARNING - 图像增强失败，使用原图像: name 'ImageEnhance' is not defined
2025-09-15 14:05:34,193 - WARNING - 图像增强失败，使用原图像: name 'ImageEnhance' is not defined
2025-09-15 14:05:34,223 - WARNING - 图像增强失败，使用原图像: name 'ImageEnhance' is not defined
2025-09-15 14:05:34,253 - WARNING - 图像增强失败，使用原图像: name 'ImageEnhance' is not defined
2025-09-15 14:05:34,282 - WARNING - 图像增强失败，使用原图像: name 'ImageEnhance' is not defined
2025-09-15 14:05:34,310 - WARNING - 图像增强失败，使用原图像: name 'ImageEnhance' is not defined
2025-09-15 14:05:34,343 - INFO - 已处理: 7_28_17_23-185_193.jpg → 类别9_181-184 (55.44%)
2025-09-15 14:05:34,359 - INFO - 已处理: 7_28_17_23-185_194.jpg → 类别9_181-184 (53.60%)
2025-09-15 14:05:34,371 - INFO - 已处理: 7_28_17_23-185_195.jpg → 类别9_181-184 (53.20%)
2025-09-15 14:05:34,383 - INFO - 已处理: 7_28_17_23-185_196.jpg → 类别9_181-184 (53.78%)
2025-09-15 14:05:34,394 - INFO - 已处理: 7_28_17_23-185_197.jpg → 类别9_181-184 (54.59%)
2025-09-15 14:05:34,407 - INFO - 已处理: 7_28_17_23-185_198.jpg → 类别9_181-184 (54.10%)
2025-09-15 14:05:34,420 - INFO - 已处理: 7_28_17_23-185_199.jpg → 类别9_181-184 (57.58%)
2025-09-15 14:05:34,433 - INFO - 已处理: 7_28_17_23-185_200.jpg → 类别9_181-184 (55.17%)
2025-09-15 14:05:34,445 - INFO - 已处理: 7_28_17_23-185_201.jpg → 类别9_181-184 (57.06%)
2025-09-15 14:05:34,457 - INFO - 已处理: 7_28_17_23-185_202.jpg → 类别9_181-184 (55.21%)
2025-09-15 14:05:34,470 - INFO - 已处理: 7_28_17_23-185_203.jpg → 类别9_181-184 (54.49%)
2025-09-15 14:05:34,482 - INFO - 已处理: 7_28_17_23-185_204.jpg → 类别9_181-184 (54.29%)
2025-09-15 14:05:34,494 - INFO - 已处理: 7_28_17_23-185_205.jpg → 类别9_181-184 (53.74%)
2025-09-15 14:05:34,506 - INFO - 已处理: 7_28_17_23-185_206.jpg → 类别9_181-184 (54.36%)
2025-09-15 14:05:34,519 - INFO - 已处理: 7_28_17_23-185_207.jpg → 类别9_181-184 (53.87%)
2025-09-15 14:05:34,531 - INFO - 已处理: 7_28_17_23-185_208.jpg → 类别9_181-184 (55.07%)
2025-09-15 14:05:34,544 - INFO - 已处理: 7_28_17_23-185_209.jpg → 类别9_181-184 (54.25%)
2025-09-15 14:05:34,557 - INFO - 已处理: 7_28_17_23-185_210.jpg → 类别9_181-184 (56.16%)
2025-09-15 14:05:34,569 - INFO - 已处理: 7_28_17_23-185_211.jpg → 类别9_181-184 (56.06%)
2025-09-15 14:05:34,582 - INFO - 已处理: 7_28_17_23-185_212.jpg → 类别9_181-184 (52.88%)
2025-09-15 14:05:34,594 - INFO - 已处理: 7_28_17_23-185_213.jpg → 类别9_181-184 (55.80%)
2025-09-15 14:05:34,606 - INFO - 已处理: 7_28_17_23-185_214.jpg → 类别9_181-184 (54.74%)
2025-09-15 14:05:34,619 - INFO - 已处理: 7_28_17_23-185_215.jpg → 类别9_181-184 (57.09%)
2025-09-15 14:05:34,631 - INFO - 已处理: 7_28_17_23-185_216.jpg → 类别9_181-184 (53.93%)
2025-09-15 14:05:34,642 - INFO - 已处理: 7_28_17_23-185_217.jpg → 类别9_181-184 (55.38%)
2025-09-15 14:05:34,654 - INFO - 已处理: 7_28_17_23-185_218.jpg → 类别9_181-184 (55.41%)
2025-09-15 14:05:34,665 - INFO - 已处理: 7_28_17_23-185_219.jpg → 类别9_181-184 (53.09%)
2025-09-15 14:05:34,676 - INFO - 已处理: 7_28_17_23-185_220.jpg → 类别9_181-184 (54.01%)
2025-09-15 14:05:34,688 - INFO - 已处理: 7_28_17_23-185_221.jpg → 类别9_181-184 (56.87%)
2025-09-15 14:05:34,699 - INFO - 已处理: 7_28_17_23-185_222.jpg → 类别9_181-184 (56.75%)
2025-09-15 14:05:34,711 - INFO - 已处理: 7_28_17_23-185_223.jpg → 类别9_181-184 (55.70%)
2025-09-15 14:05:34,723 - INFO - 已处理: 7_28_17_23-185_224.jpg → 类别9_181-184 (58.51%)
2025-09-15 14:05:34,751 - WARNING - 图像增强失败，使用原图像: name 'ImageEnhance' is not defined
2025-09-15 14:05:34,778 - WARNING - 图像增强失败，使用原图像: name 'ImageEnhance' is not defined
2025-09-15 14:05:34,808 - WARNING - 图像增强失败，使用原图像: name 'ImageEnhance' is not defined
2025-09-15 14:05:34,839 - WARNING - 图像增强失败，使用原图像: name 'ImageEnhance' is not defined
2025-09-15 14:05:34,867 - WARNING - 图像增强失败，使用原图像: name 'ImageEnhance' is not defined
2025-09-15 14:05:34,896 - WARNING - 图像增强失败，使用原图像: name 'ImageEnhance' is not defined
2025-09-15 14:05:34,923 - WARNING - 图像增强失败，使用原图像: name 'ImageEnhance' is not defined
2025-09-15 14:05:34,957 - WARNING - 图像增强失败，使用原图像: name 'ImageEnhance' is not defined
2025-09-15 14:05:34,992 - WARNING - 图像增强失败，使用原图像: name 'ImageEnhance' is not defined
2025-09-15 14:05:35,023 - WARNING - 图像增强失败，使用原图像: name 'ImageEnhance' is not defined
2025-09-15 14:05:35,052 - WARNING - 图像增强失败，使用原图像: name 'ImageEnhance' is not defined
2025-09-15 14:05:35,081 - WARNING - 图像增强失败，使用原图像: name 'ImageEnhance' is not defined
2025-09-15 14:05:35,113 - WARNING - 图像增强失败，使用原图像: name 'ImageEnhance' is not defined
2025-09-15 14:05:35,142 - WARNING - 图像增强失败，使用原图像: name 'ImageEnhance' is not defined
2025-09-15 14:05:35,176 - WARNING - 图像增强失败，使用原图像: name 'ImageEnhance' is not defined
2025-09-15 14:05:35,206 - WARNING - 图像增强失败，使用原图像: name 'ImageEnhance' is not defined
2025-09-15 14:05:35,237 - WARNING - 图像增强失败，使用原图像: name 'ImageEnhance' is not defined
2025-09-15 14:05:35,268 - WARNING - 图像增强失败，使用原图像: name 'ImageEnhance' is not defined
2025-09-15 14:05:35,297 - WARNING - 图像增强失败，使用原图像: name 'ImageEnhance' is not defined
2025-09-15 14:05:35,324 - WARNING - 图像增强失败，使用原图像: name 'ImageEnhance' is not defined
2025-09-15 14:05:35,351 - WARNING - 图像增强失败，使用原图像: name 'ImageEnhance' is not defined
2025-09-15 14:05:35,380 - WARNING - 图像增强失败，使用原图像: name 'ImageEnhance' is not defined
2025-09-15 14:05:35,410 - WARNING - 图像增强失败，使用原图像: name 'ImageEnhance' is not defined
2025-09-15 14:05:35,442 - WARNING - 图像增强失败，使用原图像: name 'ImageEnhance' is not defined
2025-09-15 14:05:35,475 - WARNING - 图像增强失败，使用原图像: name 'ImageEnhance' is not defined
2025-09-15 14:05:35,505 - WARNING - 图像增强失败，使用原图像: name 'ImageEnhance' is not defined
2025-09-15 14:05:35,535 - WARNING - 图像增强失败，使用原图像: name 'ImageEnhance' is not defined
2025-09-15 14:05:35,563 - WARNING - 图像增强失败，使用原图像: name 'ImageEnhance' is not defined
2025-09-15 14:05:35,594 - WARNING - 图像增强失败，使用原图像: name 'ImageEnhance' is not defined
2025-09-15 14:05:35,626 - WARNING - 图像增强失败，使用原图像: name 'ImageEnhance' is not defined
2025-09-15 14:05:35,658 - WARNING - 图像增强失败，使用原图像: name 'ImageEnhance' is not defined
2025-09-15 14:05:35,689 - WARNING - 图像增强失败，使用原图像: name 'ImageEnhance' is not defined
2025-09-15 14:05:35,719 - INFO - 已处理: 7_28_17_23-185_225.jpg → 类别9_181-184 (56.97%)
2025-09-15 14:05:35,732 - INFO - 已处理: 7_28_17_23-185_226.jpg → 类别9_181-184 (55.51%)
2025-09-15 14:05:35,744 - INFO - 已处理: 7_28_17_23-185_227.jpg → 类别9_181-184 (54.61%)
2025-09-15 14:05:35,757 - INFO - 已处理: 7_28_17_23-185_228.jpg → 类别9_181-184 (55.56%)
2025-09-15 14:05:35,770 - INFO - 已处理: 7_28_17_23-185_229.jpg → 类别9_181-184 (55.82%)
2025-09-15 14:05:35,782 - INFO - 已处理: 7_28_17_23-185_230.jpg → 类别9_181-184 (57.29%)
2025-09-15 14:05:35,794 - INFO - 已处理: 7_28_17_23-185_231.jpg → 类别9_181-184 (52.44%)
2025-09-15 14:05:35,808 - INFO - 已处理: 7_28_17_23-185_232.jpg → 类别9_181-184 (56.02%)
2025-09-15 14:05:35,825 - INFO - 已处理: 7_28_17_23-185_233.jpg → 类别9_181-184 (55.96%)
2025-09-15 14:05:35,839 - INFO - 已处理: 7_28_17_23-185_234.jpg → 类别9_181-184 (53.63%)
2025-09-15 14:05:35,852 - INFO - 已处理: 7_28_17_23-185_235.jpg → 类别9_181-184 (54.38%)
2025-09-15 14:05:35,867 - INFO - 已处理: 7_28_17_23-185_236.jpg → 类别9_181-184 (51.88%)
2025-09-15 14:05:35,883 - INFO - 已处理: 7_28_17_23-185_237.jpg → 类别9_181-184 (55.14%)
2025-09-15 14:05:35,898 - INFO - 已处理: 7_28_17_23-185_238.jpg → 类别9_181-184 (54.62%)
2025-09-15 14:05:35,910 - INFO - 已处理: 7_28_17_23-185_239.jpg → 类别9_181-184 (54.55%)
2025-09-15 14:05:35,923 - INFO - 已处理: 7_28_17_23-185_240.jpg → 类别9_181-184 (55.36%)
2025-09-15 14:05:35,934 - INFO - 已处理: 7_28_17_23-185_241.jpg → 类别9_181-184 (54.44%)
2025-09-15 14:05:35,946 - INFO - 已处理: 7_28_17_23-185_242.jpg → 类别9_181-184 (55.22%)
2025-09-15 14:05:35,958 - INFO - 已处理: 7_28_17_23-185_243.jpg → 类别9_181-184 (54.89%)
2025-09-15 14:05:35,971 - INFO - 已处理: 7_28_17_23-185_244.jpg → 类别9_181-184 (56.77%)
2025-09-15 14:05:35,982 - INFO - 已处理: 7_28_17_23-185_245.jpg → 类别9_181-184 (55.42%)
2025-09-15 14:05:35,994 - INFO - 已处理: 7_28_17_23-185_246.jpg → 类别9_181-184 (53.99%)
2025-09-15 14:05:36,006 - INFO - 已处理: 7_28_17_23-185_247.jpg → 类别9_181-184 (55.19%)
2025-09-15 14:05:36,019 - INFO - 已处理: 7_28_17_23-185_248.jpg → 类别9_181-184 (55.28%)
2025-09-15 14:05:36,033 - INFO - 已处理: 7_28_17_23-185_249.jpg → 类别9_181-184 (54.72%)
2025-09-15 14:05:36,047 - INFO - 已处理: 7_28_17_23-185_250.jpg → 类别9_181-184 (55.65%)
2025-09-15 14:05:36,059 - INFO - 已处理: 7_28_17_23-185_251.jpg → 类别9_181-184 (56.51%)
2025-09-15 14:05:36,072 - INFO - 已处理: 7_28_17_23-185_252.jpg → 类别9_181-184 (56.94%)
2025-09-15 14:05:36,088 - INFO - 已处理: 7_28_17_23-185_253.jpg → 类别9_181-184 (56.43%)
2025-09-15 14:05:36,101 - INFO - 已处理: 7_28_17_23-185_254.jpg → 类别9_181-184 (58.89%)
2025-09-15 14:05:36,113 - INFO - 已处理: 7_28_17_23-185_255.jpg → 类别9_181-184 (55.88%)
2025-09-15 14:05:36,125 - INFO - 已处理: 7_28_17_23-185_256.jpg → 类别9_181-184 (55.83%)
2025-09-15 14:05:36,152 - WARNING - 图像增强失败，使用原图像: name 'ImageEnhance' is not defined
2025-09-15 14:05:36,182 - WARNING - 图像增强失败，使用原图像: name 'ImageEnhance' is not defined
2025-09-15 14:05:36,210 - WARNING - 图像增强失败，使用原图像: name 'ImageEnhance' is not defined
2025-09-15 14:05:36,240 - WARNING - 图像增强失败，使用原图像: name 'ImageEnhance' is not defined
2025-09-15 14:05:36,273 - WARNING - 图像增强失败，使用原图像: name 'ImageEnhance' is not defined
2025-09-15 14:05:36,304 - WARNING - 图像增强失败，使用原图像: name 'ImageEnhance' is not defined
2025-09-15 14:05:36,332 - WARNING - 图像增强失败，使用原图像: name 'ImageEnhance' is not defined
2025-09-15 14:05:36,361 - WARNING - 图像增强失败，使用原图像: name 'ImageEnhance' is not defined
2025-09-15 14:05:36,391 - WARNING - 图像增强失败，使用原图像: name 'ImageEnhance' is not defined
2025-09-15 14:05:36,418 - WARNING - 图像增强失败，使用原图像: name 'ImageEnhance' is not defined
2025-09-15 14:05:36,448 - WARNING - 图像增强失败，使用原图像: name 'ImageEnhance' is not defined
2025-09-15 14:05:36,478 - WARNING - 图像增强失败，使用原图像: name 'ImageEnhance' is not defined
2025-09-15 14:05:36,509 - WARNING - 图像增强失败，使用原图像: name 'ImageEnhance' is not defined
2025-09-15 14:05:36,538 - WARNING - 图像增强失败，使用原图像: name 'ImageEnhance' is not defined
2025-09-15 14:05:36,568 - WARNING - 图像增强失败，使用原图像: name 'ImageEnhance' is not defined
2025-09-15 14:05:36,595 - WARNING - 图像增强失败，使用原图像: name 'ImageEnhance' is not defined
2025-09-15 14:05:36,624 - WARNING - 图像增强失败，使用原图像: name 'ImageEnhance' is not defined
2025-09-15 14:05:36,654 - WARNING - 图像增强失败，使用原图像: name 'ImageEnhance' is not defined
2025-09-15 14:05:36,684 - WARNING - 图像增强失败，使用原图像: name 'ImageEnhance' is not defined
2025-09-15 14:05:36,715 - WARNING - 图像增强失败，使用原图像: name 'ImageEnhance' is not defined
2025-09-15 14:05:36,743 - WARNING - 图像增强失败，使用原图像: name 'ImageEnhance' is not defined
2025-09-15 14:05:36,772 - WARNING - 图像增强失败，使用原图像: name 'ImageEnhance' is not defined
2025-09-15 14:05:36,799 - WARNING - 图像增强失败，使用原图像: name 'ImageEnhance' is not defined
2025-09-15 14:05:36,829 - WARNING - 图像增强失败，使用原图像: name 'ImageEnhance' is not defined
2025-09-15 14:05:36,857 - WARNING - 图像增强失败，使用原图像: name 'ImageEnhance' is not defined
2025-09-15 14:05:36,887 - WARNING - 图像增强失败，使用原图像: name 'ImageEnhance' is not defined
2025-09-15 14:05:36,917 - WARNING - 图像增强失败，使用原图像: name 'ImageEnhance' is not defined
2025-09-15 14:05:36,944 - WARNING - 图像增强失败，使用原图像: name 'ImageEnhance' is not defined
2025-09-15 14:05:36,973 - WARNING - 图像增强失败，使用原图像: name 'ImageEnhance' is not defined
2025-09-15 14:05:37,000 - WARNING - 图像增强失败，使用原图像: name 'ImageEnhance' is not defined
2025-09-15 14:05:37,029 - WARNING - 图像增强失败，使用原图像: name 'ImageEnhance' is not defined
2025-09-15 14:05:37,056 - WARNING - 图像增强失败，使用原图像: name 'ImageEnhance' is not defined
2025-09-15 14:05:37,087 - INFO - 已处理: 7_28_17_23-185_257.jpg → 类别9_181-184 (56.80%)
2025-09-15 14:05:37,102 - INFO - 已处理: 7_28_17_23-185_258.jpg → 类别9_181-184 (55.67%)
2025-09-15 14:05:37,118 - INFO - 已处理: 7_28_17_23-185_259.jpg → 类别9_181-184 (56.47%)
2025-09-15 14:05:37,131 - INFO - 已处理: 7_28_17_23-185_260.jpg → 类别9_181-184 (55.24%)
2025-09-15 14:05:37,145 - INFO - 已处理: 7_28_17_23-185_261.jpg → 类别9_181-184 (54.85%)
2025-09-15 14:05:37,157 - INFO - 已处理: 7_28_17_23-185_262.jpg → 类别9_181-184 (55.68%)
2025-09-15 14:05:37,170 - INFO - 已处理: 7_28_17_23-185_263.jpg → 类别9_181-184 (58.55%)
2025-09-15 14:05:37,183 - INFO - 已处理: 7_28_17_23-185_264.jpg → 类别9_181-184 (55.31%)
2025-09-15 14:05:37,195 - INFO - 已处理: 7_28_17_23-185_265.jpg → 类别9_181-184 (56.41%)
2025-09-15 14:05:37,208 - INFO - 已处理: 7_28_17_23-185_266.jpg → 类别9_181-184 (55.16%)
2025-09-15 14:05:37,220 - INFO - 已处理: 7_28_17_23-185_267.jpg → 类别9_181-184 (56.13%)
2025-09-15 14:05:37,232 - INFO - 已处理: 7_28_17_23-185_268.jpg → 类别9_181-184 (55.12%)
2025-09-15 14:05:37,243 - INFO - 已处理: 7_28_17_23-185_269.jpg → 类别9_181-184 (54.50%)
2025-09-15 14:05:37,256 - INFO - 已处理: 7_28_17_23-185_270.jpg → 类别9_181-184 (53.93%)
2025-09-15 14:05:37,268 - INFO - 已处理: 7_28_17_23-185_271.jpg → 类别9_181-184 (54.95%)
2025-09-15 14:05:37,279 - INFO - 已处理: 7_28_17_23-185_272.jpg → 类别9_181-184 (56.02%)
2025-09-15 14:05:37,292 - INFO - 已处理: 7_28_17_23-185_273.jpg → 类别9_181-184 (53.06%)
2025-09-15 14:05:37,305 - INFO - 已处理: 7_28_17_23-185_274.jpg → 类别9_181-184 (54.70%)
2025-09-15 14:05:37,319 - INFO - 已处理: 7_28_17_23-185_275.jpg → 类别9_181-184 (55.38%)
2025-09-15 14:05:37,331 - INFO - 已处理: 7_28_17_23-185_276.jpg → 类别9_181-184 (57.81%)
2025-09-15 14:05:37,343 - INFO - 已处理: 7_28_17_23-185_277.jpg → 类别9_181-184 (54.75%)
2025-09-15 14:05:37,357 - INFO - 已处理: 7_28_17_23-185_278.jpg → 类别9_181-184 (52.55%)
2025-09-15 14:05:37,370 - INFO - 已处理: 7_28_17_23-185_279.jpg → 类别9_181-184 (52.57%)
2025-09-15 14:05:37,384 - INFO - 已处理: 7_28_17_23-185_280.jpg → 类别9_181-184 (53.22%)
2025-09-15 14:05:37,396 - INFO - 已处理: 7_28_17_23-185_281.jpg → 类别9_181-184 (54.33%)
2025-09-15 14:05:37,408 - INFO - 已处理: 7_28_17_23-185_282.jpg → 类别9_181-184 (54.39%)
2025-09-15 14:05:37,419 - INFO - 已处理: 7_28_17_23-185_283.jpg → 类别9_181-184 (55.82%)
2025-09-15 14:05:37,431 - INFO - 已处理: 7_28_17_23-185_284.jpg → 类别9_181-184 (55.16%)
2025-09-15 14:05:37,442 - INFO - 已处理: 7_28_17_23-185_285.jpg → 类别9_181-184 (56.16%)
2025-09-15 14:05:37,453 - INFO - 已处理: 7_28_17_23-185_286.jpg → 类别9_181-184 (55.31%)
2025-09-15 14:05:37,465 - INFO - 已处理: 7_28_17_23-185_287.jpg → 类别9_181-184 (56.09%)
2025-09-15 14:05:37,477 - INFO - 已处理: 7_28_17_23-185_288.jpg → 类别9_181-184 (51.20%)
2025-09-15 14:05:37,514 - WARNING - 图像增强失败，使用原图像: name 'ImageEnhance' is not defined
2025-09-15 14:05:37,543 - WARNING - 图像增强失败，使用原图像: name 'ImageEnhance' is not defined
2025-09-15 14:05:37,571 - WARNING - 图像增强失败，使用原图像: name 'ImageEnhance' is not defined
2025-09-15 14:05:37,600 - WARNING - 图像增强失败，使用原图像: name 'ImageEnhance' is not defined
2025-09-15 14:05:37,627 - WARNING - 图像增强失败，使用原图像: name 'ImageEnhance' is not defined
2025-09-15 14:05:37,654 - WARNING - 图像增强失败，使用原图像: name 'ImageEnhance' is not defined
2025-09-15 14:05:37,681 - WARNING - 图像增强失败，使用原图像: name 'ImageEnhance' is not defined
2025-09-15 14:05:37,707 - WARNING - 图像增强失败，使用原图像: name 'ImageEnhance' is not defined
2025-09-15 14:05:37,737 - WARNING - 图像增强失败，使用原图像: name 'ImageEnhance' is not defined
2025-09-15 14:05:37,766 - WARNING - 图像增强失败，使用原图像: name 'ImageEnhance' is not defined
2025-09-15 14:05:37,795 - WARNING - 图像增强失败，使用原图像: name 'ImageEnhance' is not defined
2025-09-15 14:05:37,823 - WARNING - 图像增强失败，使用原图像: name 'ImageEnhance' is not defined
2025-09-15 14:05:37,850 - WARNING - 图像增强失败，使用原图像: name 'ImageEnhance' is not defined
2025-09-15 14:05:37,878 - WARNING - 图像增强失败，使用原图像: name 'ImageEnhance' is not defined
2025-09-15 14:05:37,907 - WARNING - 图像增强失败，使用原图像: name 'ImageEnhance' is not defined
2025-09-15 14:05:37,933 - WARNING - 图像增强失败，使用原图像: name 'ImageEnhance' is not defined
2025-09-15 14:05:37,963 - WARNING - 图像增强失败，使用原图像: name 'ImageEnhance' is not defined
2025-09-15 14:05:37,994 - WARNING - 图像增强失败，使用原图像: name 'ImageEnhance' is not defined
2025-09-15 14:05:38,025 - WARNING - 图像增强失败，使用原图像: name 'ImageEnhance' is not defined
2025-09-15 14:05:38,054 - WARNING - 图像增强失败，使用原图像: name 'ImageEnhance' is not defined
2025-09-15 14:05:38,081 - WARNING - 图像增强失败，使用原图像: name 'ImageEnhance' is not defined
2025-09-15 14:05:38,110 - WARNING - 图像增强失败，使用原图像: name 'ImageEnhance' is not defined
2025-09-15 14:05:38,137 - WARNING - 图像增强失败，使用原图像: name 'ImageEnhance' is not defined
2025-09-15 14:05:38,165 - WARNING - 图像增强失败，使用原图像: name 'ImageEnhance' is not defined
2025-09-15 14:05:38,194 - WARNING - 图像增强失败，使用原图像: name 'ImageEnhance' is not defined
2025-09-15 14:05:38,226 - WARNING - 图像增强失败，使用原图像: name 'ImageEnhance' is not defined
2025-09-15 14:05:38,255 - WARNING - 图像增强失败，使用原图像: name 'ImageEnhance' is not defined
2025-09-15 14:05:38,281 - WARNING - 图像增强失败，使用原图像: name 'ImageEnhance' is not defined
2025-09-15 14:05:38,311 - WARNING - 图像增强失败，使用原图像: name 'ImageEnhance' is not defined
2025-09-15 14:05:38,338 - WARNING - 图像增强失败，使用原图像: name 'ImageEnhance' is not defined
2025-09-15 14:05:38,367 - WARNING - 图像增强失败，使用原图像: name 'ImageEnhance' is not defined
2025-09-15 14:05:38,394 - WARNING - 图像增强失败，使用原图像: name 'ImageEnhance' is not defined
2025-09-15 14:05:38,428 - INFO - 已处理: 7_28_17_23-185_289.jpg → 类别9_181-184 (53.72%)
2025-09-15 14:05:38,442 - INFO - 已处理: 7_28_17_23-185_290.jpg → 类别9_181-184 (56.03%)
2025-09-15 14:05:38,455 - INFO - 已处理: 7_28_17_23-185_291.jpg → 类别9_181-184 (54.46%)
2025-09-15 14:05:38,468 - INFO - 已处理: 7_28_17_23-185_292.jpg → 类别9_181-184 (53.09%)
2025-09-15 14:05:38,482 - INFO - 已处理: 7_28_17_23-185_293.jpg → 类别9_181-184 (54.82%)
2025-09-15 14:05:38,494 - INFO - 已处理: 7_28_17_23-185_294.jpg → 类别9_181-184 (55.51%)
2025-09-15 14:05:38,507 - INFO - 已处理: 7_28_17_23-185_295.jpg → 类别9_181-184 (54.58%)
2025-09-15 14:05:38,522 - INFO - 已处理: 7_28_17_23-185_296.jpg → 类别9_181-184 (56.51%)
2025-09-15 14:05:38,536 - INFO - 已处理: 7_28_17_23-185_297.jpg → 类别9_181-184 (55.52%)
2025-09-15 14:05:38,551 - INFO - 已处理: 7_28_17_23-185_298.jpg → 类别9_181-184 (55.08%)
2025-09-15 14:05:38,564 - INFO - 已处理: 7_28_17_23-185_299.jpg → 类别9_181-184 (55.21%)
2025-09-15 14:05:38,576 - INFO - 已处理: 7_28_17_23-185_300.jpg → 类别9_181-184 (54.24%)
2025-09-15 14:05:38,589 - INFO - 已处理: 7_28_17_23-185_301.jpg → 类别9_181-184 (55.82%)
2025-09-15 14:05:38,603 - INFO - 已处理: 7_28_17_23-185_302.jpg → 类别9_181-184 (56.50%)
2025-09-15 14:05:38,615 - INFO - 已处理: 7_28_17_23-185_303.jpg → 类别9_181-184 (55.87%)
2025-09-15 14:05:38,628 - INFO - 已处理: 7_28_17_23-185_304.jpg → 类别9_181-184 (56.59%)
2025-09-15 14:05:38,641 - INFO - 已处理: 7_28_17_23-185_305.jpg → 类别9_181-184 (52.69%)
2025-09-15 14:05:38,653 - INFO - 已处理: 7_28_17_23-185_306.jpg → 类别9_181-184 (57.28%)
2025-09-15 14:05:38,665 - INFO - 已处理: 7_28_17_23-185_307.jpg → 类别9_181-184 (55.88%)
2025-09-15 14:05:38,679 - INFO - 已处理: 7_28_17_23-185_308.jpg → 类别9_181-184 (56.46%)
2025-09-15 14:05:38,691 - INFO - 已处理: 7_28_17_23-185_309.jpg → 类别9_181-184 (54.29%)
2025-09-15 14:05:38,705 - INFO - 已处理: 7_28_17_23-185_310.jpg → 类别9_181-184 (55.52%)
2025-09-15 14:05:38,715 - INFO - 已处理: 7_28_17_23-185_311.jpg → 类别9_181-184 (57.37%)
2025-09-15 14:05:38,728 - INFO - 已处理: 7_28_17_23-185_312.jpg → 类别9_181-184 (55.77%)
2025-09-15 14:05:38,739 - INFO - 已处理: 7_28_17_23-185_313.jpg → 类别9_181-184 (56.18%)
2025-09-15 14:05:38,750 - INFO - 已处理: 7_28_17_23-185_314.jpg → 类别9_181-184 (52.89%)
2025-09-15 14:05:38,763 - INFO - 已处理: 7_28_17_23-185_315.jpg → 类别9_181-184 (54.24%)
2025-09-15 14:05:38,774 - INFO - 已处理: 7_28_17_23-185_316.jpg → 类别9_181-184 (53.85%)
2025-09-15 14:05:38,785 - INFO - 已处理: 7_28_17_23-185_317.jpg → 类别9_181-184 (57.19%)
2025-09-15 14:05:38,797 - INFO - 已处理: 7_28_17_23-185_318.jpg → 类别9_181-184 (57.69%)
2025-09-15 14:05:38,808 - INFO - 已处理: 7_28_17_23-185_319.jpg → 类别9_181-184 (52.71%)
2025-09-15 14:05:38,821 - INFO - 已处理: 7_28_17_23-185_320.jpg → 类别9_181-184 (56.17%)
2025-09-15 14:05:38,848 - WARNING - 图像增强失败，使用原图像: name 'ImageEnhance' is not defined
2025-09-15 14:05:38,877 - WARNING - 图像增强失败，使用原图像: name 'ImageEnhance' is not defined
2025-09-15 14:05:38,908 - WARNING - 图像增强失败，使用原图像: name 'ImageEnhance' is not defined
2025-09-15 14:05:38,933 - WARNING - 图像增强失败，使用原图像: name 'ImageEnhance' is not defined
2025-09-15 14:05:38,960 - WARNING - 图像增强失败，使用原图像: name 'ImageEnhance' is not defined
2025-09-15 14:05:38,991 - WARNING - 图像增强失败，使用原图像: name 'ImageEnhance' is not defined
2025-09-15 14:05:39,018 - WARNING - 图像增强失败，使用原图像: name 'ImageEnhance' is not defined
2025-09-15 14:05:39,049 - WARNING - 图像增强失败，使用原图像: name 'ImageEnhance' is not defined
2025-09-15 14:05:39,078 - WARNING - 图像增强失败，使用原图像: name 'ImageEnhance' is not defined
2025-09-15 14:05:39,108 - WARNING - 图像增强失败，使用原图像: name 'ImageEnhance' is not defined
2025-09-15 14:05:39,138 - WARNING - 图像增强失败，使用原图像: name 'ImageEnhance' is not defined
2025-09-15 14:05:39,166 - WARNING - 图像增强失败，使用原图像: name 'ImageEnhance' is not defined
2025-09-15 14:05:39,193 - WARNING - 图像增强失败，使用原图像: name 'ImageEnhance' is not defined
2025-09-15 14:05:39,221 - WARNING - 图像增强失败，使用原图像: name 'ImageEnhance' is not defined
2025-09-15 14:05:39,249 - WARNING - 图像增强失败，使用原图像: name 'ImageEnhance' is not defined
2025-09-15 14:05:39,276 - WARNING - 图像增强失败，使用原图像: name 'ImageEnhance' is not defined
2025-09-15 14:05:39,305 - WARNING - 图像增强失败，使用原图像: name 'ImageEnhance' is not defined
2025-09-15 14:05:39,334 - WARNING - 图像增强失败，使用原图像: name 'ImageEnhance' is not defined
2025-09-15 14:05:39,362 - WARNING - 图像增强失败，使用原图像: name 'ImageEnhance' is not defined
2025-09-15 14:05:39,389 - WARNING - 图像增强失败，使用原图像: name 'ImageEnhance' is not defined
2025-09-15 14:05:39,417 - WARNING - 图像增强失败，使用原图像: name 'ImageEnhance' is not defined
2025-09-15 14:05:39,445 - WARNING - 图像增强失败，使用原图像: name 'ImageEnhance' is not defined
2025-09-15 14:05:39,474 - WARNING - 图像增强失败，使用原图像: name 'ImageEnhance' is not defined
2025-09-15 14:05:39,506 - WARNING - 图像增强失败，使用原图像: name 'ImageEnhance' is not defined
2025-09-15 14:05:39,532 - WARNING - 图像增强失败，使用原图像: name 'ImageEnhance' is not defined
2025-09-15 14:05:39,559 - WARNING - 图像增强失败，使用原图像: name 'ImageEnhance' is not defined
2025-09-15 14:05:39,586 - WARNING - 图像增强失败，使用原图像: name 'ImageEnhance' is not defined
2025-09-15 14:05:39,612 - WARNING - 图像增强失败，使用原图像: name 'ImageEnhance' is not defined
2025-09-15 14:05:39,644 - WARNING - 图像增强失败，使用原图像: name 'ImageEnhance' is not defined
2025-09-15 14:05:39,672 - WARNING - 图像增强失败，使用原图像: name 'ImageEnhance' is not defined
2025-09-15 14:05:39,701 - WARNING - 图像增强失败，使用原图像: name 'ImageEnhance' is not defined
2025-09-15 14:05:39,730 - WARNING - 图像增强失败，使用原图像: name 'ImageEnhance' is not defined
2025-09-15 14:05:39,762 - INFO - 已处理: 7_28_17_23-185_321.jpg → 类别9_181-184 (53.64%)
2025-09-15 14:05:39,777 - INFO - 已处理: 7_28_17_23-185_322.jpg → 类别9_181-184 (55.28%)
2025-09-15 14:05:39,788 - INFO - 已处理: 7_28_17_23-185_323.jpg → 类别9_181-184 (55.98%)
2025-09-15 14:05:39,800 - INFO - 已处理: 7_28_17_23-185_324.jpg → 类别9_181-184 (56.20%)
2025-09-15 14:05:39,813 - INFO - 已处理: 7_28_17_23-185_325.jpg → 类别9_181-184 (55.26%)
2025-09-15 14:05:39,826 - INFO - 已处理: 7_28_17_23-185_326.jpg → 类别9_181-184 (56.45%)
2025-09-15 14:05:39,839 - INFO - 已处理: 7_28_17_23-185_327.jpg → 类别9_181-184 (53.74%)
2025-09-15 14:05:39,852 - INFO - 已处理: 7_28_17_23-185_328.jpg → 类别9_181-184 (56.13%)
2025-09-15 14:05:39,864 - INFO - 已处理: 7_28_17_23-185_329.jpg → 类别9_181-184 (54.84%)
2025-09-15 14:05:39,876 - INFO - 已处理: 7_28_17_23-185_330.jpg → 类别9_181-184 (57.11%)
2025-09-15 14:05:39,888 - INFO - 已处理: 7_28_17_23-185_331.jpg → 类别9_181-184 (54.94%)
2025-09-15 14:05:39,900 - INFO - 已处理: 7_28_17_23-185_332.jpg → 类别9_181-184 (56.65%)
2025-09-15 14:05:39,912 - INFO - 已处理: 7_28_17_23-185_333.jpg → 类别9_181-184 (56.67%)
2025-09-15 14:05:39,926 - INFO - 已处理: 7_28_17_23-185_334.jpg → 类别9_181-184 (54.08%)
2025-09-15 14:05:39,939 - INFO - 已处理: 7_28_17_23-185_335.jpg → 类别9_181-184 (54.34%)
2025-09-15 14:05:39,954 - INFO - 已处理: 7_28_17_23-185_336.jpg → 类别9_181-184 (55.49%)
2025-09-15 14:05:39,967 - INFO - 已处理: 7_28_17_23-185_337.jpg → 类别9_181-184 (55.92%)
2025-09-15 14:05:39,981 - INFO - 已处理: 7_28_17_23-185_338.jpg → 类别9_181-184 (55.56%)
2025-09-15 14:05:39,993 - INFO - 已处理: 7_28_17_23-185_339.jpg → 类别9_181-184 (53.64%)
2025-09-15 14:05:40,005 - INFO - 已处理: 7_28_17_23-185_340.jpg → 类别9_181-184 (55.71%)
2025-09-15 14:05:40,017 - INFO - 已处理: 7_28_17_23-185_341.jpg → 类别9_181-184 (53.50%)
2025-09-15 14:05:40,030 - INFO - 已处理: 7_28_17_23-185_342.jpg → 类别9_181-184 (56.40%)
2025-09-15 14:05:40,042 - INFO - 已处理: 7_28_17_23-185_343.jpg → 类别9_181-184 (56.09%)
2025-09-15 14:05:40,054 - INFO - 已处理: 7_28_17_23-185_344.jpg → 类别9_181-184 (55.33%)
2025-09-15 14:05:40,066 - INFO - 已处理: 7_28_17_23-185_345.jpg → 类别9_181-184 (52.94%)
2025-09-15 14:05:40,078 - INFO - 已处理: 7_28_17_23-185_346.jpg → 类别9_181-184 (55.85%)
2025-09-15 14:05:40,090 - INFO - 已处理: 7_28_17_23-185_347.jpg → 类别9_181-184 (56.21%)
2025-09-15 14:05:40,104 - INFO - 已处理: 7_28_17_23-185_348.jpg → 类别9_181-184 (53.91%)
2025-09-15 14:05:40,116 - INFO - 已处理: 7_28_17_23-185_349.jpg → 类别9_181-184 (55.34%)
2025-09-15 14:05:40,130 - INFO - 已处理: 7_28_17_23-185_350.jpg → 类别9_181-184 (55.68%)
2025-09-15 14:05:40,143 - INFO - 已处理: 7_28_17_23-185_351.jpg → 类别9_181-184 (53.84%)
2025-09-15 14:05:40,156 - INFO - 已处理: 7_28_17_23-185_352.jpg → 类别9_181-184 (53.90%)
2025-09-15 14:05:40,184 - WARNING - 图像增强失败，使用原图像: name 'ImageEnhance' is not defined
2025-09-15 14:05:40,211 - WARNING - 图像增强失败，使用原图像: name 'ImageEnhance' is not defined
2025-09-15 14:05:40,239 - WARNING - 图像增强失败，使用原图像: name 'ImageEnhance' is not defined
2025-09-15 14:05:40,266 - WARNING - 图像增强失败，使用原图像: name 'ImageEnhance' is not defined
2025-09-15 14:05:40,293 - WARNING - 图像增强失败，使用原图像: name 'ImageEnhance' is not defined
2025-09-15 14:05:40,322 - WARNING - 图像增强失败，使用原图像: name 'ImageEnhance' is not defined
2025-09-15 14:05:40,351 - WARNING - 图像增强失败，使用原图像: name 'ImageEnhance' is not defined
2025-09-15 14:05:40,379 - WARNING - 图像增强失败，使用原图像: name 'ImageEnhance' is not defined
2025-09-15 14:05:40,412 - WARNING - 图像增强失败，使用原图像: name 'ImageEnhance' is not defined
2025-09-15 14:05:40,441 - WARNING - 图像增强失败，使用原图像: name 'ImageEnhance' is not defined
2025-09-15 14:05:40,470 - WARNING - 图像增强失败，使用原图像: name 'ImageEnhance' is not defined
2025-09-15 14:05:40,497 - WARNING - 图像增强失败，使用原图像: name 'ImageEnhance' is not defined
2025-09-15 14:05:40,525 - WARNING - 图像增强失败，使用原图像: name 'ImageEnhance' is not defined
2025-09-15 14:05:40,553 - WARNING - 图像增强失败，使用原图像: name 'ImageEnhance' is not defined
2025-09-15 14:05:40,585 - WARNING - 图像增强失败，使用原图像: name 'ImageEnhance' is not defined
2025-09-15 14:05:40,614 - WARNING - 图像增强失败，使用原图像: name 'ImageEnhance' is not defined
2025-09-15 14:05:40,644 - WARNING - 图像增强失败，使用原图像: name 'ImageEnhance' is not defined
2025-09-15 14:05:40,673 - WARNING - 图像增强失败，使用原图像: name 'ImageEnhance' is not defined
2025-09-15 14:05:40,703 - WARNING - 图像增强失败，使用原图像: name 'ImageEnhance' is not defined
2025-09-15 14:05:40,737 - WARNING - 图像增强失败，使用原图像: name 'ImageEnhance' is not defined
2025-09-15 14:05:40,768 - WARNING - 图像增强失败，使用原图像: name 'ImageEnhance' is not defined
2025-09-15 14:05:40,801 - WARNING - 图像增强失败，使用原图像: name 'ImageEnhance' is not defined
2025-09-15 14:05:40,833 - WARNING - 图像增强失败，使用原图像: name 'ImageEnhance' is not defined
2025-09-15 14:05:40,864 - WARNING - 图像增强失败，使用原图像: name 'ImageEnhance' is not defined
2025-09-15 14:05:40,896 - WARNING - 图像增强失败，使用原图像: name 'ImageEnhance' is not defined
2025-09-15 14:05:40,930 - WARNING - 图像增强失败，使用原图像: name 'ImageEnhance' is not defined
2025-09-15 14:05:40,958 - WARNING - 图像增强失败，使用原图像: name 'ImageEnhance' is not defined
2025-09-15 14:05:40,987 - WARNING - 图像增强失败，使用原图像: name 'ImageEnhance' is not defined
2025-09-15 14:05:41,017 - WARNING - 图像增强失败，使用原图像: name 'ImageEnhance' is not defined
2025-09-15 14:05:41,045 - WARNING - 图像增强失败，使用原图像: name 'ImageEnhance' is not defined
2025-09-15 14:05:41,074 - WARNING - 图像增强失败，使用原图像: name 'ImageEnhance' is not defined
2025-09-15 14:05:41,101 - WARNING - 图像增强失败，使用原图像: name 'ImageEnhance' is not defined
2025-09-15 14:05:41,132 - INFO - 已处理: 7_28_17_23-185_353.jpg → 类别9_181-184 (53.65%)
2025-09-15 14:05:41,146 - INFO - 已处理: 7_28_17_23-185_354.jpg → 类别9_181-184 (53.08%)
2025-09-15 14:05:41,158 - INFO - 已处理: 7_28_17_23-185_355.jpg → 类别9_181-184 (53.82%)
2025-09-15 14:05:41,173 - INFO - 已处理: 7_28_17_23-185_356.jpg → 类别9_181-184 (53.06%)
2025-09-15 14:05:41,185 - INFO - 已处理: 7_28_17_23-185_357.jpg → 类别9_181-184 (55.49%)
2025-09-15 14:05:41,196 - INFO - 已处理: 7_28_17_23-185_358.jpg → 类别9_181-184 (53.01%)
2025-09-15 14:05:41,209 - INFO - 已处理: 7_28_17_23-185_359.jpg → 类别9_181-184 (54.03%)
2025-09-15 14:05:41,222 - INFO - 已处理: 7_28_17_23-185_360.jpg → 类别9_181-184 (54.64%)
2025-09-15 14:05:41,235 - INFO - 已处理: 7_28_17_23-185_361.jpg → 类别9_181-184 (54.15%)
2025-09-15 14:05:41,251 - INFO - 已处理: 7_28_17_23-185_362.jpg → 类别9_181-184 (54.78%)
2025-09-15 14:05:41,264 - INFO - 已处理: 7_28_17_23-185_363.jpg → 类别9_181-184 (56.57%)
2025-09-15 14:05:41,276 - INFO - 已处理: 7_28_17_23-185_364.jpg → 类别9_181-184 (54.87%)
2025-09-15 14:05:41,290 - INFO - 已处理: 7_28_17_23-185_365.jpg → 类别9_181-184 (57.37%)
2025-09-15 14:05:41,303 - INFO - 已处理: 7_28_17_23-185_366.jpg → 类别9_181-184 (55.33%)
2025-09-15 14:05:41,316 - INFO - 已处理: 7_28_17_23-185_367.jpg → 类别9_181-184 (56.76%)
2025-09-15 14:05:41,329 - INFO - 已处理: 7_28_17_23-185_368.jpg → 类别9_181-184 (53.17%)
2025-09-15 14:05:41,342 - INFO - 已处理: 7_28_17_23-185_369.jpg → 类别9_181-184 (55.53%)
2025-09-15 14:05:41,353 - INFO - 已处理: 7_28_17_23-185_370.jpg → 类别9_181-184 (54.54%)
2025-09-15 14:05:41,365 - INFO - 已处理: 7_28_17_23-185_371.jpg → 类别9_181-184 (51.59%)
2025-09-15 14:05:41,376 - INFO - 已处理: 7_28_17_23-185_372.jpg → 类别9_181-184 (55.08%)
2025-09-15 14:05:41,388 - INFO - 已处理: 7_28_17_23-185_373.jpg → 类别9_181-184 (56.29%)
2025-09-15 14:05:41,400 - INFO - 已处理: 7_28_17_23-185_374.jpg → 类别9_181-184 (55.94%)
2025-09-15 14:05:41,412 - INFO - 已处理: 7_28_17_23-185_375.jpg → 类别9_181-184 (56.08%)
2025-09-15 14:05:41,425 - INFO - 已处理: 7_28_17_23-185_376.jpg → 类别9_181-184 (57.44%)
2025-09-15 14:05:41,438 - INFO - 已处理: 7_28_17_23-185_377.jpg → 类别9_181-184 (52.97%)
2025-09-15 14:05:41,451 - INFO - 已处理: 7_28_17_23-185_378.jpg → 类别9_181-184 (55.67%)
2025-09-15 14:05:41,464 - INFO - 已处理: 7_28_17_23-185_379.jpg → 类别9_181-184 (54.91%)
2025-09-15 14:05:41,476 - INFO - 已处理: 7_28_17_23-185_380.jpg → 类别9_181-184 (56.28%)
2025-09-15 14:05:41,488 - INFO - 已处理: 7_28_17_23-185_381.jpg → 类别9_181-184 (56.65%)
2025-09-15 14:05:41,501 - INFO - 已处理: 7_28_17_23-185_382.jpg → 类别9_181-184 (55.28%)
2025-09-15 14:05:41,513 - INFO - 已处理: 7_28_17_23-185_383.jpg → 类别9_181-184 (57.37%)
2025-09-15 14:05:41,525 - INFO - 已处理: 7_28_17_23-185_384.jpg → 类别9_181-184 (55.55%)
2025-09-15 14:05:41,552 - WARNING - 图像增强失败，使用原图像: name 'ImageEnhance' is not defined
2025-09-15 14:05:41,579 - WARNING - 图像增强失败，使用原图像: name 'ImageEnhance' is not defined
2025-09-15 14:05:41,609 - WARNING - 图像增强失败，使用原图像: name 'ImageEnhance' is not defined
2025-09-15 14:05:41,638 - WARNING - 图像增强失败，使用原图像: name 'ImageEnhance' is not defined
2025-09-15 14:05:41,669 - WARNING - 图像增强失败，使用原图像: name 'ImageEnhance' is not defined
2025-09-15 14:05:41,697 - WARNING - 图像增强失败，使用原图像: name 'ImageEnhance' is not defined
2025-09-15 14:05:41,730 - WARNING - 图像增强失败，使用原图像: name 'ImageEnhance' is not defined
2025-09-15 14:05:41,760 - WARNING - 图像增强失败，使用原图像: name 'ImageEnhance' is not defined
2025-09-15 14:05:41,791 - WARNING - 图像增强失败，使用原图像: name 'ImageEnhance' is not defined
2025-09-15 14:05:41,819 - WARNING - 图像增强失败，使用原图像: name 'ImageEnhance' is not defined
2025-09-15 14:05:41,851 - WARNING - 图像增强失败，使用原图像: name 'ImageEnhance' is not defined
2025-09-15 14:05:41,879 - WARNING - 图像增强失败，使用原图像: name 'ImageEnhance' is not defined
2025-09-15 14:05:41,908 - WARNING - 图像增强失败，使用原图像: name 'ImageEnhance' is not defined
2025-09-15 14:05:41,936 - WARNING - 图像增强失败，使用原图像: name 'ImageEnhance' is not defined
2025-09-15 14:05:41,965 - WARNING - 图像增强失败，使用原图像: name 'ImageEnhance' is not defined
2025-09-15 14:05:41,995 - WARNING - 图像增强失败，使用原图像: name 'ImageEnhance' is not defined
2025-09-15 14:05:42,022 - WARNING - 图像增强失败，使用原图像: name 'ImageEnhance' is not defined
2025-09-15 14:05:42,051 - WARNING - 图像增强失败，使用原图像: name 'ImageEnhance' is not defined
2025-09-15 14:05:42,081 - WARNING - 图像增强失败，使用原图像: name 'ImageEnhance' is not defined
2025-09-15 14:05:42,112 - WARNING - 图像增强失败，使用原图像: name 'ImageEnhance' is not defined
2025-09-15 14:05:42,141 - WARNING - 图像增强失败，使用原图像: name 'ImageEnhance' is not defined
2025-09-15 14:05:42,171 - WARNING - 图像增强失败，使用原图像: name 'ImageEnhance' is not defined
2025-09-15 14:05:42,198 - WARNING - 图像增强失败，使用原图像: name 'ImageEnhance' is not defined
2025-09-15 14:05:42,224 - WARNING - 图像增强失败，使用原图像: name 'ImageEnhance' is not defined
2025-09-15 14:05:42,251 - WARNING - 图像增强失败，使用原图像: name 'ImageEnhance' is not defined
2025-09-15 14:05:42,281 - WARNING - 图像增强失败，使用原图像: name 'ImageEnhance' is not defined
2025-09-15 14:05:42,312 - WARNING - 图像增强失败，使用原图像: name 'ImageEnhance' is not defined
2025-09-15 14:05:42,342 - WARNING - 图像增强失败，使用原图像: name 'ImageEnhance' is not defined
2025-09-15 14:05:42,369 - WARNING - 图像增强失败，使用原图像: name 'ImageEnhance' is not defined
2025-09-15 14:05:42,397 - WARNING - 图像增强失败，使用原图像: name 'ImageEnhance' is not defined
2025-09-15 14:05:42,425 - WARNING - 图像增强失败，使用原图像: name 'ImageEnhance' is not defined
2025-09-15 14:05:42,453 - WARNING - 图像增强失败，使用原图像: name 'ImageEnhance' is not defined
2025-09-15 14:05:42,483 - INFO - 已处理: 7_28_17_23-185_385.jpg → 类别9_181-184 (56.22%)
2025-09-15 14:05:42,496 - INFO - 已处理: 7_28_17_23-185_386.jpg → 类别9_181-184 (52.40%)
2025-09-15 14:05:42,508 - INFO - 已处理: 7_28_17_23-185_387.jpg → 类别9_181-184 (55.44%)
2025-09-15 14:05:42,520 - INFO - 已处理: 7_28_17_23-185_388.jpg → 类别9_181-184 (56.20%)
2025-09-15 14:05:42,534 - INFO - 已处理: 7_28_17_23-185_389.jpg → 类别9_181-184 (57.05%)
2025-09-15 14:05:42,551 - INFO - 已处理: 7_28_17_23-185_390.jpg → 类别9_181-184 (55.64%)
2025-09-15 14:05:42,569 - INFO - 已处理: 7_28_17_23-185_391.jpg → 类别9_181-184 (56.87%)
2025-09-15 14:05:42,583 - INFO - 已处理: 7_28_17_23-185_392.jpg → 类别9_181-184 (55.80%)
2025-09-15 14:05:42,598 - INFO - 已处理: 7_28_17_23-185_393.jpg → 类别9_181-184 (54.83%)
2025-09-15 14:05:42,611 - INFO - 已处理: 7_28_17_23-185_394.jpg → 类别9_181-184 (58.51%)
2025-09-15 14:05:42,623 - INFO - 已处理: 7_28_17_23-185_395.jpg → 类别9_181-184 (55.44%)
2025-09-15 14:05:42,638 - INFO - 已处理: 7_28_17_23-185_396.jpg → 类别9_181-184 (53.60%)
2025-09-15 14:05:42,650 - INFO - 已处理: 7_28_17_23-185_397.jpg → 类别9_181-184 (53.20%)
2025-09-15 14:05:42,662 - INFO - 已处理: 7_28_17_23-185_398.jpg → 类别9_181-184 (53.78%)
2025-09-15 14:05:42,674 - INFO - 已处理: 7_28_17_23-185_399.jpg → 类别9_181-184 (54.59%)
2025-09-15 14:05:42,685 - INFO - 已处理: 7_28_17_23-185_400.jpg → 类别9_181-184 (54.10%)
2025-09-15 14:05:42,697 - INFO - 已处理: 7_28_17_23-185_401.jpg → 类别9_181-184 (57.58%)
2025-09-15 14:05:42,708 - INFO - 已处理: 7_28_17_23-185_402.jpg → 类别9_181-184 (55.17%)
2025-09-15 14:05:42,719 - INFO - 已处理: 7_28_17_23-185_403.jpg → 类别9_181-184 (57.06%)
2025-09-15 14:05:42,732 - INFO - 已处理: 7_28_17_23-185_404.jpg → 类别9_181-184 (55.21%)
2025-09-15 14:05:42,745 - INFO - 已处理: 7_28_17_23-185_405.jpg → 类别9_181-184 (54.49%)
2025-09-15 14:05:42,758 - INFO - 已处理: 7_28_17_23-185_406.jpg → 类别9_181-184 (54.29%)
2025-09-15 14:05:42,771 - INFO - 已处理: 7_28_17_23-185_407.jpg → 类别9_181-184 (53.74%)
2025-09-15 14:05:42,784 - INFO - 已处理: 7_28_17_23-185_408.jpg → 类别9_181-184 (54.36%)
2025-09-15 14:05:42,797 - INFO - 已处理: 7_28_17_23-185_409.jpg → 类别9_181-184 (53.87%)
2025-09-15 14:05:42,811 - INFO - 已处理: 7_28_17_23-185_410.jpg → 类别9_181-184 (55.07%)
2025-09-15 14:05:42,824 - INFO - 已处理: 7_28_17_23-185_411.jpg → 类别9_181-184 (54.25%)
2025-09-15 14:05:42,837 - INFO - 已处理: 7_28_17_23-185_412.jpg → 类别9_181-184 (56.16%)
2025-09-15 14:05:42,848 - INFO - 已处理: 7_28_17_23-185_413.jpg → 类别9_181-184 (56.06%)
2025-09-15 14:05:42,859 - INFO - 已处理: 7_28_17_23-185_414.jpg → 类别9_181-184 (52.88%)
2025-09-15 14:05:42,871 - INFO - 已处理: 7_28_17_23-185_415.jpg → 类别9_181-184 (55.80%)
2025-09-15 14:05:42,883 - INFO - 已处理: 7_28_17_23-185_416.jpg → 类别9_181-184 (54.74%)
2025-09-15 14:05:42,908 - WARNING - 图像增强失败，使用原图像: name 'ImageEnhance' is not defined
2025-09-15 14:05:42,940 - WARNING - 图像增强失败，使用原图像: name 'ImageEnhance' is not defined
2025-09-15 14:05:42,971 - WARNING - 图像增强失败，使用原图像: name 'ImageEnhance' is not defined
2025-09-15 14:05:43,002 - WARNING - 图像增强失败，使用原图像: name 'ImageEnhance' is not defined
2025-09-15 14:05:43,037 - WARNING - 图像增强失败，使用原图像: name 'ImageEnhance' is not defined
2025-09-15 14:05:43,066 - WARNING - 图像增强失败，使用原图像: name 'ImageEnhance' is not defined
2025-09-15 14:05:43,095 - WARNING - 图像增强失败，使用原图像: name 'ImageEnhance' is not defined
2025-09-15 14:05:43,126 - WARNING - 图像增强失败，使用原图像: name 'ImageEnhance' is not defined
2025-09-15 14:05:43,158 - WARNING - 图像增强失败，使用原图像: name 'ImageEnhance' is not defined
2025-09-15 14:05:43,187 - WARNING - 图像增强失败，使用原图像: name 'ImageEnhance' is not defined
2025-09-15 14:05:43,218 - WARNING - 图像增强失败，使用原图像: name 'ImageEnhance' is not defined
2025-09-15 14:05:43,247 - WARNING - 图像增强失败，使用原图像: name 'ImageEnhance' is not defined
2025-09-15 14:05:43,276 - WARNING - 图像增强失败，使用原图像: name 'ImageEnhance' is not defined
2025-09-15 14:05:43,304 - WARNING - 图像增强失败，使用原图像: name 'ImageEnhance' is not defined
2025-09-15 14:05:43,331 - WARNING - 图像增强失败，使用原图像: name 'ImageEnhance' is not defined
2025-09-15 14:05:43,361 - WARNING - 图像增强失败，使用原图像: name 'ImageEnhance' is not defined
2025-09-15 14:05:43,394 - WARNING - 图像增强失败，使用原图像: name 'ImageEnhance' is not defined
2025-09-15 14:05:43,423 - WARNING - 图像增强失败，使用原图像: name 'ImageEnhance' is not defined
2025-09-15 14:05:43,449 - WARNING - 图像增强失败，使用原图像: name 'ImageEnhance' is not defined
2025-09-15 14:05:43,478 - WARNING - 图像增强失败，使用原图像: name 'ImageEnhance' is not defined
2025-09-15 14:05:43,507 - WARNING - 图像增强失败，使用原图像: name 'ImageEnhance' is not defined
2025-09-15 14:05:43,533 - WARNING - 图像增强失败，使用原图像: name 'ImageEnhance' is not defined
2025-09-15 14:05:43,564 - WARNING - 图像增强失败，使用原图像: name 'ImageEnhance' is not defined
2025-09-15 14:05:43,593 - WARNING - 图像增强失败，使用原图像: name 'ImageEnhance' is not defined
2025-09-15 14:05:43,622 - WARNING - 图像增强失败，使用原图像: name 'ImageEnhance' is not defined
2025-09-15 14:05:43,649 - WARNING - 图像增强失败，使用原图像: name 'ImageEnhance' is not defined
2025-09-15 14:05:43,676 - WARNING - 图像增强失败，使用原图像: name 'ImageEnhance' is not defined
2025-09-15 14:05:43,704 - WARNING - 图像增强失败，使用原图像: name 'ImageEnhance' is not defined
2025-09-15 14:05:43,731 - WARNING - 图像增强失败，使用原图像: name 'ImageEnhance' is not defined
2025-09-15 14:05:43,762 - WARNING - 图像增强失败，使用原图像: name 'ImageEnhance' is not defined
2025-09-15 14:05:43,792 - WARNING - 图像增强失败，使用原图像: name 'ImageEnhance' is not defined
2025-09-15 14:05:43,821 - WARNING - 图像增强失败，使用原图像: name 'ImageEnhance' is not defined
2025-09-15 14:05:43,852 - INFO - 已处理: 7_28_17_23-185_417.jpg → 类别9_181-184 (57.09%)
2025-09-15 14:05:43,866 - INFO - 已处理: 7_28_17_23-185_418.jpg → 类别9_181-184 (53.93%)
2025-09-15 14:05:43,880 - INFO - 已处理: 7_28_17_23-185_419.jpg → 类别9_181-184 (55.38%)
2025-09-15 14:05:43,892 - INFO - 已处理: 7_28_17_23-185_420.jpg → 类别9_181-184 (55.41%)
2025-09-15 14:05:43,904 - INFO - 已处理: 7_28_17_23-185_421.jpg → 类别9_181-184 (53.09%)
2025-09-15 14:05:43,916 - INFO - 已处理: 7_28_17_23-185_422.jpg → 类别9_181-184 (54.01%)
2025-09-15 14:05:43,927 - INFO - 已处理: 7_28_17_23-185_423.jpg → 类别9_181-184 (56.87%)
2025-09-15 14:05:43,938 - INFO - 已处理: 7_28_17_23-185_424.jpg → 类别9_181-184 (56.75%)
2025-09-15 14:05:43,951 - INFO - 已处理: 7_28_17_23-185_425.jpg → 类别9_181-184 (55.70%)
2025-09-15 14:05:43,964 - INFO - 已处理: 7_28_17_23-185_426.jpg → 类别9_181-184 (58.51%)
2025-09-15 14:05:43,976 - INFO - 已处理: 7_28_17_23-185_427.jpg → 类别9_181-184 (56.97%)
2025-09-15 14:05:43,988 - INFO - 已处理: 7_28_17_23-185_428.jpg → 类别9_181-184 (55.51%)
2025-09-15 14:05:44,003 - INFO - 已处理: 7_28_17_23-185_429.jpg → 类别9_181-184 (54.61%)
2025-09-15 14:05:44,017 - INFO - 已处理: 7_28_17_23-185_430.jpg → 类别9_181-184 (55.56%)
2025-09-15 14:05:44,031 - INFO - 已处理: 7_28_17_23-185_431.jpg → 类别9_181-184 (55.82%)
2025-09-15 14:05:44,044 - INFO - 已处理: 7_28_17_23-185_432.jpg → 类别9_181-184 (57.29%)
2025-09-15 14:05:44,056 - INFO - 已处理: 7_28_17_23-185_433.jpg → 类别9_181-184 (52.44%)
2025-09-15 14:05:44,070 - INFO - 已处理: 7_28_17_23-185_434.jpg → 类别9_181-184 (56.02%)
2025-09-15 14:05:44,083 - INFO - 已处理: 7_28_17_23-185_435.jpg → 类别9_181-184 (55.96%)
2025-09-15 14:05:44,096 - INFO - 已处理: 7_28_17_23-185_436.jpg → 类别9_181-184 (53.63%)
2025-09-15 14:05:44,109 - INFO - 已处理: 7_28_17_23-185_437.jpg → 类别9_181-184 (54.38%)
2025-09-15 14:05:44,121 - INFO - 已处理: 7_28_17_23-185_438.jpg → 类别9_181-184 (51.88%)
2025-09-15 14:05:44,132 - INFO - 已处理: 7_28_17_23-185_439.jpg → 类别9_181-184 (55.14%)
2025-09-15 14:05:44,144 - INFO - 已处理: 7_28_17_23-185_440.jpg → 类别9_181-184 (54.62%)
2025-09-15 14:05:44,156 - INFO - 已处理: 7_28_17_23-185_441.jpg → 类别9_181-184 (54.55%)
2025-09-15 14:05:44,168 - INFO - 已处理: 7_28_17_23-185_442.jpg → 类别9_181-184 (55.36%)
2025-09-15 14:05:44,181 - INFO - 已处理: 7_28_17_23-185_443.jpg → 类别9_181-184 (54.44%)
2025-09-15 14:05:44,192 - INFO - 已处理: 7_28_17_23-185_444.jpg → 类别9_181-184 (55.22%)
2025-09-15 14:05:44,205 - INFO - 已处理: 7_28_17_23-185_445.jpg → 类别9_181-184 (54.89%)
2025-09-15 14:05:44,216 - INFO - 已处理: 7_28_17_23-185_446.jpg → 类别9_181-184 (56.77%)
2025-09-15 14:05:44,230 - INFO - 已处理: 7_28_17_23-185_447.jpg → 类别9_181-184 (55.42%)
2025-09-15 14:05:44,244 - INFO - 已处理: 7_28_17_23-185_448.jpg → 类别9_181-184 (53.99%)
2025-09-15 14:05:44,268 - WARNING - 图像增强失败，使用原图像: name 'ImageEnhance' is not defined
2025-09-15 14:05:44,300 - WARNING - 图像增强失败，使用原图像: name 'ImageEnhance' is not defined
2025-09-15 14:05:44,329 - WARNING - 图像增强失败，使用原图像: name 'ImageEnhance' is not defined
2025-09-15 14:05:44,358 - WARNING - 图像增强失败，使用原图像: name 'ImageEnhance' is not defined
2025-09-15 14:05:44,383 - WARNING - 图像增强失败，使用原图像: name 'ImageEnhance' is not defined
2025-09-15 14:05:44,414 - WARNING - 图像增强失败，使用原图像: name 'ImageEnhance' is not defined
2025-09-15 14:05:44,447 - WARNING - 图像增强失败，使用原图像: name 'ImageEnhance' is not defined
2025-09-15 14:05:44,476 - WARNING - 图像增强失败，使用原图像: name 'ImageEnhance' is not defined
2025-09-15 14:05:44,505 - WARNING - 图像增强失败，使用原图像: name 'ImageEnhance' is not defined
2025-09-15 14:05:44,533 - WARNING - 图像增强失败，使用原图像: name 'ImageEnhance' is not defined
2025-09-15 14:05:44,562 - WARNING - 图像增强失败，使用原图像: name 'ImageEnhance' is not defined
2025-09-15 14:05:44,589 - WARNING - 图像增强失败，使用原图像: name 'ImageEnhance' is not defined
2025-09-15 14:05:44,616 - WARNING - 图像增强失败，使用原图像: name 'ImageEnhance' is not defined
2025-09-15 14:05:44,645 - WARNING - 图像增强失败，使用原图像: name 'ImageEnhance' is not defined
2025-09-15 14:05:44,676 - WARNING - 图像增强失败，使用原图像: name 'ImageEnhance' is not defined
2025-09-15 14:05:44,705 - WARNING - 图像增强失败，使用原图像: name 'ImageEnhance' is not defined
2025-09-15 14:05:44,734 - WARNING - 图像增强失败，使用原图像: name 'ImageEnhance' is not defined
2025-09-15 14:05:44,766 - WARNING - 图像增强失败，使用原图像: name 'ImageEnhance' is not defined
2025-09-15 14:05:44,792 - WARNING - 图像增强失败，使用原图像: name 'ImageEnhance' is not defined
2025-09-15 14:05:44,822 - WARNING - 图像增强失败，使用原图像: name 'ImageEnhance' is not defined
2025-09-15 14:05:44,851 - WARNING - 图像增强失败，使用原图像: name 'ImageEnhance' is not defined
2025-09-15 14:05:44,882 - WARNING - 图像增强失败，使用原图像: name 'ImageEnhance' is not defined
2025-09-15 14:05:44,911 - WARNING - 图像增强失败，使用原图像: name 'ImageEnhance' is not defined
2025-09-15 14:05:44,940 - WARNING - 图像增强失败，使用原图像: name 'ImageEnhance' is not defined
2025-09-15 14:05:44,972 - WARNING - 图像增强失败，使用原图像: name 'ImageEnhance' is not defined
2025-09-15 14:05:45,002 - WARNING - 图像增强失败，使用原图像: name 'ImageEnhance' is not defined
2025-09-15 14:05:45,035 - WARNING - 图像增强失败，使用原图像: name 'ImageEnhance' is not defined
2025-09-15 14:05:45,067 - WARNING - 图像增强失败，使用原图像: name 'ImageEnhance' is not defined
2025-09-15 14:05:45,097 - WARNING - 图像增强失败，使用原图像: name 'ImageEnhance' is not defined
2025-09-15 14:05:45,127 - WARNING - 图像增强失败，使用原图像: name 'ImageEnhance' is not defined
2025-09-15 14:05:45,158 - WARNING - 图像增强失败，使用原图像: name 'ImageEnhance' is not defined
2025-09-15 14:05:45,186 - WARNING - 图像增强失败，使用原图像: name 'ImageEnhance' is not defined
2025-09-15 14:05:45,216 - INFO - 已处理: 7_28_17_23-185_449.jpg → 类别9_181-184 (55.19%)
2025-09-15 14:05:45,230 - INFO - 已处理: 7_28_17_23-185_450.jpg → 类别9_181-184 (55.28%)
2025-09-15 14:05:45,244 - INFO - 已处理: 7_28_17_23-185_451.jpg → 类别9_181-184 (54.72%)
2025-09-15 14:05:45,259 - INFO - 已处理: 7_28_17_23-185_452.jpg → 类别9_181-184 (55.65%)
2025-09-15 14:05:45,275 - INFO - 已处理: 7_28_17_23-185_453.jpg → 类别9_181-184 (56.51%)
2025-09-15 14:05:45,292 - INFO - 已处理: 7_28_17_23-185_454.jpg → 类别9_181-184 (56.94%)
2025-09-15 14:05:45,308 - INFO - 已处理: 7_28_17_23-185_455.jpg → 类别9_181-184 (56.43%)
2025-09-15 14:05:45,322 - INFO - 已处理: 7_28_17_23-185_456.jpg → 类别9_181-184 (58.89%)
2025-09-15 14:05:45,336 - INFO - 已处理: 7_28_17_23-185_457.jpg → 类别9_181-184 (55.88%)
2025-09-15 14:05:45,349 - INFO - 已处理: 7_28_17_23-185_458.jpg → 类别9_181-184 (55.83%)
2025-09-15 14:05:45,360 - INFO - 已处理: 7_28_17_23-185_459.jpg → 类别9_181-184 (56.80%)
2025-09-15 14:05:45,373 - INFO - 已处理: 7_28_17_23-185_460.jpg → 类别9_181-184 (55.67%)
2025-09-15 14:05:45,385 - INFO - 已处理: 7_28_17_23-185_461.jpg → 类别9_181-184 (56.47%)
2025-09-15 14:05:45,396 - INFO - 已处理: 7_28_17_23-185_462.jpg → 类别9_181-184 (55.24%)
2025-09-15 14:05:45,408 - INFO - 已处理: 7_28_17_23-185_463.jpg → 类别9_181-184 (54.85%)
2025-09-15 14:05:45,420 - INFO - 已处理: 7_28_17_23-185_464.jpg → 类别9_181-184 (55.68%)
2025-09-15 14:05:45,431 - INFO - 已处理: 7_28_17_23-185_465.jpg → 类别9_181-184 (58.55%)
2025-09-15 14:05:45,443 - INFO - 已处理: 7_28_17_23-185_466.jpg → 类别9_181-184 (55.31%)
2025-09-15 14:05:45,456 - INFO - 已处理: 7_28_17_23-185_467.jpg → 类别9_181-184 (56.41%)
2025-09-15 14:05:45,468 - INFO - 已处理: 7_28_17_23-185_468.jpg → 类别9_181-184 (55.16%)
2025-09-15 14:05:45,481 - INFO - 已处理: 7_28_17_23-185_469.jpg → 类别9_181-184 (56.13%)
2025-09-15 14:05:45,495 - INFO - 已处理: 7_28_17_23-185_470.jpg → 类别9_181-184 (55.12%)
2025-09-15 14:05:45,507 - INFO - 已处理: 7_28_17_23-185_471.jpg → 类别9_181-184 (54.50%)
2025-09-15 14:05:45,520 - INFO - 已处理: 7_28_17_23-185_472.jpg → 类别9_181-184 (53.93%)
2025-09-15 14:05:45,532 - INFO - 已处理: 7_28_17_23-185_473.jpg → 类别9_181-184 (54.95%)
2025-09-15 14:05:45,547 - INFO - 已处理: 7_28_17_23-185_474.jpg → 类别9_181-184 (56.02%)
2025-09-15 14:05:45,559 - INFO - 已处理: 7_28_17_23-185_475.jpg → 类别9_181-184 (53.06%)
2025-09-15 14:05:45,570 - INFO - 已处理: 7_28_17_23-185_476.jpg → 类别9_181-184 (54.70%)
2025-09-15 14:05:45,582 - INFO - 已处理: 7_28_17_23-185_477.jpg → 类别9_181-184 (55.38%)
2025-09-15 14:05:45,593 - INFO - 已处理: 7_28_17_23-185_478.jpg → 类别9_181-184 (57.81%)
2025-09-15 14:05:45,604 - INFO - 已处理: 7_28_17_23-185_479.jpg → 类别9_181-184 (54.75%)
2025-09-15 14:05:45,615 - INFO - 已处理: 7_28_17_23-185_480.jpg → 类别9_181-184 (52.55%)
2025-09-15 14:05:45,640 - WARNING - 图像增强失败，使用原图像: name 'ImageEnhance' is not defined
2025-09-15 14:05:45,666 - WARNING - 图像增强失败，使用原图像: name 'ImageEnhance' is not defined
2025-09-15 14:05:45,695 - WARNING - 图像增强失败，使用原图像: name 'ImageEnhance' is not defined
2025-09-15 14:05:45,724 - WARNING - 图像增强失败，使用原图像: name 'ImageEnhance' is not defined
2025-09-15 14:05:45,755 - WARNING - 图像增强失败，使用原图像: name 'ImageEnhance' is not defined
2025-09-15 14:05:45,784 - WARNING - 图像增强失败，使用原图像: name 'ImageEnhance' is not defined
2025-09-15 14:05:45,812 - WARNING - 图像增强失败，使用原图像: name 'ImageEnhance' is not defined
2025-09-15 14:05:45,839 - WARNING - 图像增强失败，使用原图像: name 'ImageEnhance' is not defined
2025-09-15 14:05:45,866 - WARNING - 图像增强失败，使用原图像: name 'ImageEnhance' is not defined
2025-09-15 14:05:45,894 - WARNING - 图像增强失败，使用原图像: name 'ImageEnhance' is not defined
2025-09-15 14:05:45,922 - WARNING - 图像增强失败，使用原图像: name 'ImageEnhance' is not defined
2025-09-15 14:05:45,951 - WARNING - 图像增强失败，使用原图像: name 'ImageEnhance' is not defined
2025-09-15 14:05:45,979 - WARNING - 图像增强失败，使用原图像: name 'ImageEnhance' is not defined
2025-09-15 14:05:46,005 - WARNING - 图像增强失败，使用原图像: name 'ImageEnhance' is not defined
2025-09-15 14:05:46,033 - WARNING - 图像增强失败，使用原图像: name 'ImageEnhance' is not defined
2025-09-15 14:05:46,061 - WARNING - 图像增强失败，使用原图像: name 'ImageEnhance' is not defined
2025-09-15 14:05:46,090 - WARNING - 图像增强失败，使用原图像: name 'ImageEnhance' is not defined
2025-09-15 14:05:46,119 - WARNING - 图像增强失败，使用原图像: name 'ImageEnhance' is not defined
2025-09-15 14:05:46,153 - WARNING - 图像增强失败，使用原图像: name 'ImageEnhance' is not defined
2025-09-15 14:05:46,183 - WARNING - 图像增强失败，使用原图像: name 'ImageEnhance' is not defined
2025-09-15 14:05:46,213 - WARNING - 图像增强失败，使用原图像: name 'ImageEnhance' is not defined
2025-09-15 14:05:46,241 - WARNING - 图像增强失败，使用原图像: name 'ImageEnhance' is not defined
2025-09-15 14:05:46,268 - WARNING - 图像增强失败，使用原图像: name 'ImageEnhance' is not defined
2025-09-15 14:05:46,294 - WARNING - 图像增强失败，使用原图像: name 'ImageEnhance' is not defined
2025-09-15 14:05:46,321 - WARNING - 图像增强失败，使用原图像: name 'ImageEnhance' is not defined
2025-09-15 14:05:46,349 - WARNING - 图像增强失败，使用原图像: name 'ImageEnhance' is not defined
2025-09-15 14:05:46,380 - WARNING - 图像增强失败，使用原图像: name 'ImageEnhance' is not defined
2025-09-15 14:05:46,408 - WARNING - 图像增强失败，使用原图像: name 'ImageEnhance' is not defined
2025-09-15 14:05:46,437 - WARNING - 图像增强失败，使用原图像: name 'ImageEnhance' is not defined
2025-09-15 14:05:46,464 - WARNING - 图像增强失败，使用原图像: name 'ImageEnhance' is not defined
2025-09-15 14:05:46,491 - WARNING - 图像增强失败，使用原图像: name 'ImageEnhance' is not defined
2025-09-15 14:05:46,520 - WARNING - 图像增强失败，使用原图像: name 'ImageEnhance' is not defined
2025-09-15 14:05:46,549 - INFO - 已处理: 7_28_17_23-185_481.jpg → 类别9_181-184 (52.57%)
2025-09-15 14:05:46,563 - INFO - 已处理: 7_28_17_23-185_482.jpg → 类别9_181-184 (53.22%)
2025-09-15 14:05:46,579 - INFO - 已处理: 7_28_17_23-185_483.jpg → 类别9_181-184 (54.33%)
2025-09-15 14:05:46,593 - INFO - 已处理: 7_28_17_23-185_484.jpg → 类别9_181-184 (54.39%)
2025-09-15 14:05:46,607 - INFO - 已处理: 7_28_17_23-185_485.jpg → 类别9_181-184 (55.82%)
2025-09-15 14:05:46,621 - INFO - 已处理: 7_28_17_23-185_486.jpg → 类别9_181-184 (55.16%)
2025-09-15 14:05:46,633 - INFO - 已处理: 7_28_17_23-185_487.jpg → 类别9_181-184 (56.16%)
2025-09-15 14:05:46,647 - INFO - 已处理: 7_28_17_23-185_488.jpg → 类别9_181-184 (55.31%)
2025-09-15 14:05:46,659 - INFO - 已处理: 7_28_17_23-185_489.jpg → 类别9_181-184 (56.09%)
2025-09-15 14:05:46,671 - INFO - 已处理: 7_28_17_23-185_490.jpg → 类别9_181-184 (51.20%)
2025-09-15 14:05:46,683 - INFO - 已处理: 7_28_17_23-185_491.jpg → 类别9_181-184 (53.72%)
2025-09-15 14:05:46,696 - INFO - 已处理: 7_28_17_23-185_492.jpg → 类别9_181-184 (56.03%)
2025-09-15 14:05:46,708 - INFO - 已处理: 7_28_17_23-185_493.jpg → 类别9_181-184 (54.46%)
2025-09-15 14:05:46,722 - INFO - 已处理: 7_28_17_23-185_494.jpg → 类别9_181-184 (53.09%)
2025-09-15 14:05:46,733 - INFO - 已处理: 7_28_17_23-185_495.jpg → 类别9_181-184 (54.82%)
2025-09-15 14:05:46,746 - INFO - 已处理: 7_28_17_23-185_496.jpg → 类别9_181-184 (55.51%)
2025-09-15 14:05:46,758 - INFO - 已处理: 7_28_17_23-185_497.jpg → 类别9_181-184 (54.58%)
2025-09-15 14:05:46,771 - INFO - 已处理: 7_28_17_23-185_498.jpg → 类别9_181-184 (56.51%)
2025-09-15 14:05:46,784 - INFO - 已处理: 7_28_17_23-185_499.jpg → 类别9_181-184 (55.52%)
2025-09-15 14:05:46,796 - INFO - 已处理: 7_28_17_23-185_500.jpg → 类别9_181-184 (55.08%)
2025-09-15 14:05:46,807 - INFO - 已处理: 7_28_17_23-185_501.jpg → 类别9_181-184 (55.21%)
2025-09-15 14:05:46,821 - INFO - 已处理: 7_28_17_23-185_502.jpg → 类别9_181-184 (54.24%)
2025-09-15 14:05:46,834 - INFO - 已处理: 7_28_17_23-185_503.jpg → 类别9_181-184 (55.82%)
2025-09-15 14:05:46,849 - INFO - 已处理: 7_28_17_23-185_504.jpg → 类别9_181-184 (56.50%)
2025-09-15 14:05:46,861 - INFO - 已处理: 7_28_17_23-185_505.jpg → 类别9_181-184 (55.87%)
2025-09-15 14:05:46,873 - INFO - 已处理: 7_28_17_23-185_506.jpg → 类别9_181-184 (56.59%)
2025-09-15 14:05:46,884 - INFO - 已处理: 7_28_17_23-185_507.jpg → 类别9_181-184 (52.69%)
2025-09-15 14:05:46,895 - INFO - 已处理: 7_28_17_23-185_508.jpg → 类别9_181-184 (57.28%)
2025-09-15 14:05:46,907 - INFO - 已处理: 7_28_17_23-185_509.jpg → 类别9_181-184 (55.88%)
2025-09-15 14:05:46,920 - INFO - 已处理: 7_28_17_23-185_510.jpg → 类别9_181-184 (56.46%)
2025-09-15 14:05:46,932 - INFO - 已处理: 7_28_17_23-185_511.jpg → 类别9_181-184 (54.29%)
2025-09-15 14:05:46,943 - INFO - 已处理: 7_28_17_23-185_512.jpg → 类别9_181-184 (55.52%)
2025-09-15 14:05:46,970 - WARNING - 图像增强失败，使用原图像: name 'ImageEnhance' is not defined
2025-09-15 14:05:46,999 - WARNING - 图像增强失败，使用原图像: name 'ImageEnhance' is not defined
2025-09-15 14:05:47,029 - WARNING - 图像增强失败，使用原图像: name 'ImageEnhance' is not defined
2025-09-15 14:05:47,059 - WARNING - 图像增强失败，使用原图像: name 'ImageEnhance' is not defined
2025-09-15 14:05:47,087 - WARNING - 图像增强失败，使用原图像: name 'ImageEnhance' is not defined
2025-09-15 14:05:47,115 - WARNING - 图像增强失败，使用原图像: name 'ImageEnhance' is not defined
2025-09-15 14:05:47,143 - WARNING - 图像增强失败，使用原图像: name 'ImageEnhance' is not defined
2025-09-15 14:05:47,173 - WARNING - 图像增强失败，使用原图像: name 'ImageEnhance' is not defined
2025-09-15 14:05:47,205 - WARNING - 图像增强失败，使用原图像: name 'ImageEnhance' is not defined
2025-09-15 14:05:47,232 - WARNING - 图像增强失败，使用原图像: name 'ImageEnhance' is not defined
2025-09-15 14:05:47,263 - WARNING - 图像增强失败，使用原图像: name 'ImageEnhance' is not defined
2025-09-15 14:05:47,288 - WARNING - 图像增强失败，使用原图像: name 'ImageEnhance' is not defined
2025-09-15 14:05:47,320 - WARNING - 图像增强失败，使用原图像: name 'ImageEnhance' is not defined
2025-09-15 14:05:47,347 - WARNING - 图像增强失败，使用原图像: name 'ImageEnhance' is not defined
2025-09-15 14:05:47,375 - WARNING - 图像增强失败，使用原图像: name 'ImageEnhance' is not defined
2025-09-15 14:05:47,401 - WARNING - 图像增强失败，使用原图像: name 'ImageEnhance' is not defined
2025-09-15 14:05:47,431 - WARNING - 图像增强失败，使用原图像: name 'ImageEnhance' is not defined
2025-09-15 14:05:47,464 - WARNING - 图像增强失败，使用原图像: name 'ImageEnhance' is not defined
2025-09-15 14:05:47,493 - WARNING - 图像增强失败，使用原图像: name 'ImageEnhance' is not defined
2025-09-15 14:05:47,522 - WARNING - 图像增强失败，使用原图像: name 'ImageEnhance' is not defined
2025-09-15 14:05:47,555 - WARNING - 图像增强失败，使用原图像: name 'ImageEnhance' is not defined
2025-09-15 14:05:47,584 - WARNING - 图像增强失败，使用原图像: name 'ImageEnhance' is not defined
2025-09-15 14:05:47,621 - WARNING - 图像增强失败，使用原图像: name 'ImageEnhance' is not defined
2025-09-15 14:05:47,650 - WARNING - 图像增强失败，使用原图像: name 'ImageEnhance' is not defined
2025-09-15 14:05:47,681 - WARNING - 图像增强失败，使用原图像: name 'ImageEnhance' is not defined
2025-09-15 14:05:47,710 - WARNING - 图像增强失败，使用原图像: name 'ImageEnhance' is not defined
2025-09-15 14:05:47,736 - WARNING - 图像增强失败，使用原图像: name 'ImageEnhance' is not defined
2025-09-15 14:05:47,767 - WARNING - 图像增强失败，使用原图像: name 'ImageEnhance' is not defined
2025-09-15 14:05:47,795 - WARNING - 图像增强失败，使用原图像: name 'ImageEnhance' is not defined
2025-09-15 14:05:47,830 - WARNING - 图像增强失败，使用原图像: name 'ImageEnhance' is not defined
2025-09-15 14:05:47,860 - WARNING - 图像增强失败，使用原图像: name 'ImageEnhance' is not defined
2025-09-15 14:05:47,892 - WARNING - 图像增强失败，使用原图像: name 'ImageEnhance' is not defined
2025-09-15 14:05:47,924 - INFO - 已处理: 7_28_17_23-185_513.jpg → 类别9_181-184 (57.37%)
2025-09-15 14:05:47,938 - INFO - 已处理: 7_28_17_23-185_514.jpg → 类别9_181-184 (55.77%)
2025-09-15 14:05:47,950 - INFO - 已处理: 7_28_17_23-185_515.jpg → 类别9_181-184 (56.18%)
2025-09-15 14:05:47,964 - INFO - 已处理: 7_28_17_23-185_516.jpg → 类别9_181-184 (52.89%)
2025-09-15 14:05:47,976 - INFO - 已处理: 7_28_17_23-185_517.jpg → 类别9_181-184 (54.24%)
2025-09-15 14:05:47,988 - INFO - 已处理: 7_28_17_23-185_518.jpg → 类别9_181-184 (53.85%)
2025-09-15 14:05:47,999 - INFO - 已处理: 7_28_17_23-185_519.jpg → 类别9_181-184 (57.19%)
2025-09-15 14:05:48,011 - INFO - 已处理: 7_28_17_23-185_520.jpg → 类别9_181-184 (57.69%)
2025-09-15 14:05:48,023 - INFO - 已处理: 7_28_17_23-185_521.jpg → 类别9_181-184 (52.71%)
2025-09-15 14:05:48,036 - INFO - 已处理: 7_28_17_23-185_522.jpg → 类别9_181-184 (56.17%)
2025-09-15 14:05:48,050 - INFO - 已处理: 7_28_17_23-185_523.jpg → 类别9_181-184 (53.64%)
2025-09-15 14:05:48,061 - INFO - 已处理: 7_28_17_23-185_524.jpg → 类别9_181-184 (55.28%)
2025-09-15 14:05:48,074 - INFO - 已处理: 7_28_17_23-185_525.jpg → 类别9_181-184 (55.98%)
2025-09-15 14:05:48,087 - INFO - 已处理: 7_28_17_23-185_526.jpg → 类别9_181-184 (56.20%)
2025-09-15 14:05:48,101 - INFO - 已处理: 7_28_17_23-185_527.jpg → 类别9_181-184 (55.26%)
2025-09-15 14:05:48,114 - INFO - 已处理: 7_28_17_23-185_528.jpg → 类别9_181-184 (56.45%)
2025-09-15 14:05:48,127 - INFO - 已处理: 7_28_17_23-185_529.jpg → 类别9_181-184 (53.74%)
2025-09-15 14:05:48,139 - INFO - 已处理: 7_28_17_23-185_530.jpg → 类别9_181-184 (56.13%)
2025-09-15 14:05:48,151 - INFO - 已处理: 7_28_17_23-185_531.jpg → 类别9_181-184 (54.84%)
2025-09-15 14:05:48,165 - INFO - 已处理: 7_28_17_23-185_532.jpg → 类别9_181-184 (57.11%)
2025-09-15 14:05:48,178 - INFO - 已处理: 7_28_17_23-185_533.jpg → 类别9_181-184 (54.94%)
2025-09-15 14:05:48,190 - INFO - 已处理: 7_28_17_23-185_534.jpg → 类别9_181-184 (56.65%)
2025-09-15 14:05:48,201 - INFO - 已处理: 7_28_17_23-185_535.jpg → 类别9_181-184 (56.67%)
2025-09-15 14:05:48,213 - INFO - 已处理: 7_28_17_23-185_536.jpg → 类别9_181-184 (54.08%)
2025-09-15 14:05:48,225 - INFO - 已处理: 7_28_17_23-185_537.jpg → 类别9_181-184 (54.34%)
2025-09-15 14:05:48,237 - INFO - 已处理: 7_28_17_23-185_538.jpg → 类别9_181-184 (55.49%)
2025-09-15 14:05:48,249 - INFO - 已处理: 7_28_17_23-185_539.jpg → 类别9_181-184 (55.92%)
2025-09-15 14:05:48,261 - INFO - 已处理: 7_28_17_23-185_540.jpg → 类别9_181-184 (55.56%)
2025-09-15 14:05:48,272 - INFO - 已处理: 7_28_17_23-185_541.jpg → 类别9_181-184 (53.64%)
2025-09-15 14:05:48,284 - INFO - 已处理: 7_28_17_23-185_542.jpg → 类别9_181-184 (55.71%)
2025-09-15 14:05:48,298 - INFO - 已处理: 7_28_17_23-185_543.jpg → 类别9_181-184 (53.50%)
2025-09-15 14:05:48,310 - INFO - 已处理: 7_28_17_23-185_544.jpg → 类别9_181-184 (56.40%)
2025-09-15 14:05:48,338 - WARNING - 图像增强失败，使用原图像: name 'ImageEnhance' is not defined
2025-09-15 14:05:48,367 - WARNING - 图像增强失败，使用原图像: name 'ImageEnhance' is not defined
2025-09-15 14:05:48,397 - WARNING - 图像增强失败，使用原图像: name 'ImageEnhance' is not defined
2025-09-15 14:05:48,427 - WARNING - 图像增强失败，使用原图像: name 'ImageEnhance' is not defined
2025-09-15 14:05:48,456 - WARNING - 图像增强失败，使用原图像: name 'ImageEnhance' is not defined
2025-09-15 14:05:48,488 - WARNING - 图像增强失败，使用原图像: name 'ImageEnhance' is not defined
2025-09-15 14:05:48,521 - WARNING - 图像增强失败，使用原图像: name 'ImageEnhance' is not defined
2025-09-15 14:05:48,552 - WARNING - 图像增强失败，使用原图像: name 'ImageEnhance' is not defined
2025-09-15 14:05:48,596 - INFO - 已处理: 7_28_17_23-185_545.jpg → 类别9_181-184 (56.09%)
2025-09-15 14:05:48,609 - INFO - 已处理: 7_28_17_23-185_546.jpg → 类别9_181-184 (55.33%)
2025-09-15 14:05:48,621 - INFO - 已处理: 7_28_17_23-185_547.jpg → 类别9_181-184 (52.94%)
2025-09-15 14:05:48,638 - INFO - 已处理: 7_28_17_23-185_548.jpg → 类别9_181-184 (55.86%)
2025-09-15 14:05:48,651 - INFO - 已处理: 7_28_17_23-185_549.jpg → 类别9_181-184 (56.21%)
2025-09-15 14:05:48,663 - INFO - 已处理: 7_28_17_23-185_550.jpg → 类别9_181-184 (53.90%)
2025-09-15 14:05:48,676 - INFO - 已处理: 7_28_17_23-185_551.jpg → 类别9_181-184 (55.34%)
2025-09-15 14:05:48,689 - INFO - 已处理: 7_28_17_23-185_552.jpg → 类别9_181-184 (55.68%)
2025-09-15 14:05:48,705 - INFO - 报告已生成: F:/project/vgg_test/data/raw/27分类/类别9_181-184\recognition_output\recognition_report_20250915_140548.txt
2025-09-15 14:05:48,710 - INFO - 批量处理完成！共处理 552 张图片
2025-09-15 14:10:19,948 - INFO - 程序正在关闭，清理资源...
2025-09-15 14:10:19,948 - INFO - 资源清理完成
