2025-09-14 21:22:56,515 - INFO - 坍落度识别系统启动
2025-09-14 21:22:57,289 - INFO - 配置文件加载成功
2025-09-14 21:22:57,309 - INFO - UI状态初始化完成
2025-09-14 21:23:04,449 - INFO - 模型加载成功: resnet18, 权重: pretrained/resnet18/best_model.pth
2025-09-14 21:23:58,355 - INFO - 加载视频: F:/混凝土数据集/视频数据/7-25/19_28-43-200/视频/8月4日 (1)(1)/8月4日 (1)(1)-1.mp4, 帧数: 249
2025-09-14 21:24:00,235 - INFO - 实时识别已启用，识别间隔: 10帧
2025-09-14 21:24:03,691 - INFO - 实时识别: 帧9 → 类别12_194-200 (90.45%)
2025-09-14 21:24:04,263 - INFO - 实时识别: 帧19 → 类别12_194-200 (86.96%)
2025-09-14 21:24:04,985 - INFO - 实时识别: 帧29 → 类别12_194-200 (84.52%)
2025-09-14 21:24:05,678 - INFO - 实时识别: 帧39 → 类别12_194-200 (89.49%)
2025-09-14 21:24:06,431 - INFO - 实时识别: 帧49 → 类别12_194-200 (88.36%)
2025-09-14 21:24:07,219 - INFO - 实时识别: 帧59 → 类别12_194-200 (92.25%)
2025-09-14 21:24:07,962 - INFO - 实时识别: 帧69 → 类别12_194-200 (74.62%)
2025-09-14 21:24:08,712 - INFO - 实时识别: 帧79 → 类别12_194-200 (85.23%)
2025-09-14 21:24:09,532 - INFO - 实时识别: 帧89 → 类别12_194-200 (56.08%)
2025-09-14 21:24:10,364 - INFO - 实时识别: 帧99 → 类别12_194-200 (88.52%)
2025-09-14 21:24:11,217 - INFO - 实时识别: 帧109 → 类别12_194-200 (72.91%)
2025-09-14 21:24:12,100 - INFO - 实时识别: 帧119 → 类别16_215-220 (38.95%)
2025-09-14 21:24:12,927 - INFO - 实时识别: 帧129 → 类别12_194-200 (51.37%)
2025-09-14 21:24:13,814 - INFO - 实时识别: 帧139 → 类别12_194-200 (22.37%)
2025-09-14 21:24:14,691 - INFO - 实时识别: 帧149 → 类别12_194-200 (66.00%)
2025-09-14 21:24:15,598 - INFO - 实时识别: 帧159 → 类别12_194-200 (68.21%)
2025-09-14 21:24:16,297 - INFO - 实时识别: 帧169 → 类别12_194-200 (40.84%)
2025-09-14 21:24:17,058 - INFO - 实时识别: 帧179 → 类别12_194-200 (78.91%)
2025-09-14 21:24:17,846 - INFO - 实时识别: 帧189 → 类别16_215-220 (42.15%)
2025-09-14 21:24:18,633 - INFO - 实时识别: 帧199 → 类别10_185-190 (31.18%)
2025-09-14 21:24:19,386 - INFO - 实时识别: 帧209 → 类别18_225-230 (55.74%)
2025-09-14 21:24:20,170 - INFO - 实时识别: 帧219 → 类别12_194-200 (59.55%)
2025-09-14 21:24:20,929 - INFO - 实时识别: 帧229 → 类别18_225-230 (32.94%)
2025-09-14 21:24:21,756 - INFO - 实时识别: 帧239 → 类别10_185-190 (42.91%)
2025-09-14 21:24:23,125 - INFO - 实时识别: 帧9 → 类别12_194-200 (90.45%)
2025-09-14 21:24:23,896 - INFO - 实时识别: 帧19 → 类别12_194-200 (86.96%)
2025-09-14 21:24:24,692 - INFO - 实时识别: 帧29 → 类别12_194-200 (84.52%)
2025-09-14 21:24:25,411 - INFO - 实时识别: 帧39 → 类别12_194-200 (89.49%)
2025-09-14 21:24:26,201 - INFO - 实时识别: 帧49 → 类别12_194-200 (88.36%)
2025-09-14 21:24:26,987 - INFO - 实时识别: 帧59 → 类别12_194-200 (92.25%)
2025-09-14 21:24:27,759 - INFO - 实时识别: 帧69 → 类别12_194-200 (74.62%)
2025-09-14 21:24:28,520 - INFO - 实时识别: 帧79 → 类别12_194-200 (85.23%)
2025-09-14 21:24:29,298 - INFO - 实时识别: 帧89 → 类别12_194-200 (56.08%)
2025-09-14 21:24:30,105 - INFO - 实时识别: 帧99 → 类别12_194-200 (88.52%)
2025-09-14 21:24:30,891 - INFO - 实时识别: 帧109 → 类别12_194-200 (72.91%)
2025-09-14 21:24:31,690 - INFO - 实时识别: 帧119 → 类别16_215-220 (38.95%)
2025-09-14 21:24:32,510 - INFO - 实时识别: 帧129 → 类别12_194-200 (51.37%)
2025-09-14 21:24:33,397 - INFO - 实时识别: 帧139 → 类别12_194-200 (22.37%)
2025-09-14 21:24:34,233 - INFO - 实时识别: 帧149 → 类别12_194-200 (66.00%)
2025-09-14 21:24:35,114 - INFO - 实时识别: 帧159 → 类别12_194-200 (68.21%)
2025-09-14 21:24:35,827 - INFO - 实时识别: 帧169 → 类别12_194-200 (40.84%)
2025-09-14 21:24:36,549 - INFO - 实时识别: 帧179 → 类别12_194-200 (78.91%)
2025-09-14 21:24:37,238 - INFO - 实时识别: 帧189 → 类别16_215-220 (42.15%)
2025-09-14 21:24:37,994 - INFO - 实时识别: 帧199 → 类别10_185-190 (31.18%)
2025-09-14 21:24:38,747 - INFO - 实时识别: 帧209 → 类别18_225-230 (55.74%)
2025-09-14 21:24:39,525 - INFO - 实时识别: 帧219 → 类别12_194-200 (59.55%)
2025-09-14 21:24:40,308 - INFO - 实时识别: 帧229 → 类别18_225-230 (32.94%)
2025-09-14 21:24:41,056 - INFO - 实时识别: 帧239 → 类别10_185-190 (42.91%)
2025-09-14 21:24:42,334 - INFO - 实时识别: 帧9 → 类别12_194-200 (90.45%)
2025-09-14 21:24:43,065 - INFO - 实时识别: 帧19 → 类别12_194-200 (86.96%)
2025-09-14 21:24:43,795 - INFO - 实时识别: 帧29 → 类别12_194-200 (84.52%)
2025-09-14 21:24:44,531 - INFO - 实时识别: 帧39 → 类别12_194-200 (89.49%)
2025-09-14 21:24:45,279 - INFO - 实时识别: 帧49 → 类别12_194-200 (88.36%)
2025-09-14 21:24:46,017 - INFO - 实时识别: 帧59 → 类别12_194-200 (92.25%)
2025-09-14 21:24:46,788 - INFO - 实时识别: 帧69 → 类别12_194-200 (74.62%)
2025-09-14 21:24:47,576 - INFO - 实时识别: 帧79 → 类别12_194-200 (85.23%)
2025-09-14 21:24:48,391 - INFO - 实时识别: 帧89 → 类别12_194-200 (56.08%)
2025-09-14 21:24:49,216 - INFO - 实时识别: 帧99 → 类别12_194-200 (88.52%)
2025-09-14 21:24:50,051 - INFO - 实时识别: 帧109 → 类别12_194-200 (72.91%)
2025-09-14 21:24:50,895 - INFO - 实时识别: 帧119 → 类别16_215-220 (38.95%)
2025-09-14 21:24:51,750 - INFO - 实时识别: 帧129 → 类别12_194-200 (51.37%)
2025-09-14 21:24:52,636 - INFO - 实时识别: 帧139 → 类别12_194-200 (22.37%)
2025-09-14 21:24:53,496 - INFO - 实时识别: 帧149 → 类别12_194-200 (66.00%)
2025-09-14 21:24:54,330 - INFO - 实时识别: 帧159 → 类别12_194-200 (68.21%)
2025-09-14 21:24:54,997 - INFO - 实时识别: 帧169 → 类别12_194-200 (40.84%)
