2025-09-15 15:34:29,121 - INFO - 坍落度识别系统启动
2025-09-15 15:34:29,773 - INFO - 配置文件加载成功
2025-09-15 15:34:29,791 - INFO - UI状态初始化完成
2025-09-15 15:34:33,250 - INFO - 模型加载成功: resnet18, 权重: pretrained/resnet18/best_model.pth
2025-09-15 15:34:38,643 - INFO - 选择输入文件夹: C:/Users/26025/Desktop/fsdownload/class9, 找到 111 张图片
2025-09-15 15:34:40,122 - WARNING - 图像增强失败，使用原图像: name 'ImageEnhance' is not defined
2025-09-15 15:34:40,151 - WARNING - 图像增强失败，使用原图像: name 'ImageEnhance' is not defined
2025-09-15 15:34:40,176 - WARNING - 图像增强失败，使用原图像: name 'ImageEnhance' is not defined
2025-09-15 15:34:40,200 - WARNING - 图像增强失败，使用原图像: name 'ImageEnhance' is not defined
2025-09-15 15:34:40,226 - WARNING - 图像增强失败，使用原图像: name 'ImageEnhance' is not defined
2025-09-15 15:34:40,251 - WARNING - 图像增强失败，使用原图像: name 'ImageEnhance' is not defined
2025-09-15 15:34:40,277 - WARNING - 图像增强失败，使用原图像: name 'ImageEnhance' is not defined
2025-09-15 15:34:40,304 - WARNING - 图像增强失败，使用原图像: name 'ImageEnhance' is not defined
2025-09-15 15:34:40,331 - WARNING - 图像增强失败，使用原图像: name 'ImageEnhance' is not defined
2025-09-15 15:34:40,357 - WARNING - 图像增强失败，使用原图像: name 'ImageEnhance' is not defined
2025-09-15 15:34:40,383 - WARNING - 图像增强失败，使用原图像: name 'ImageEnhance' is not defined
2025-09-15 15:34:40,407 - WARNING - 图像增强失败，使用原图像: name 'ImageEnhance' is not defined
2025-09-15 15:34:40,432 - WARNING - 图像增强失败，使用原图像: name 'ImageEnhance' is not defined
2025-09-15 15:34:40,456 - WARNING - 图像增强失败，使用原图像: name 'ImageEnhance' is not defined
2025-09-15 15:34:40,481 - WARNING - 图像增强失败，使用原图像: name 'ImageEnhance' is not defined
2025-09-15 15:34:40,506 - WARNING - 图像增强失败，使用原图像: name 'ImageEnhance' is not defined
2025-09-15 15:34:40,532 - WARNING - 图像增强失败，使用原图像: name 'ImageEnhance' is not defined
2025-09-15 15:34:40,558 - WARNING - 图像增强失败，使用原图像: name 'ImageEnhance' is not defined
2025-09-15 15:34:40,584 - WARNING - 图像增强失败，使用原图像: name 'ImageEnhance' is not defined
2025-09-15 15:34:40,609 - WARNING - 图像增强失败，使用原图像: name 'ImageEnhance' is not defined
2025-09-15 15:34:40,637 - WARNING - 图像增强失败，使用原图像: name 'ImageEnhance' is not defined
2025-09-15 15:34:40,662 - WARNING - 图像增强失败，使用原图像: name 'ImageEnhance' is not defined
2025-09-15 15:34:40,687 - WARNING - 图像增强失败，使用原图像: name 'ImageEnhance' is not defined
2025-09-15 15:34:40,711 - WARNING - 图像增强失败，使用原图像: name 'ImageEnhance' is not defined
2025-09-15 15:34:40,737 - WARNING - 图像增强失败，使用原图像: name 'ImageEnhance' is not defined
2025-09-15 15:34:40,759 - WARNING - 图像增强失败，使用原图像: name 'ImageEnhance' is not defined
2025-09-15 15:34:40,786 - WARNING - 图像增强失败，使用原图像: name 'ImageEnhance' is not defined
2025-09-15 15:34:40,811 - WARNING - 图像增强失败，使用原图像: name 'ImageEnhance' is not defined
2025-09-15 15:34:40,838 - WARNING - 图像增强失败，使用原图像: name 'ImageEnhance' is not defined
2025-09-15 15:34:40,861 - WARNING - 图像增强失败，使用原图像: name 'ImageEnhance' is not defined
2025-09-15 15:34:40,887 - WARNING - 图像增强失败，使用原图像: name 'ImageEnhance' is not defined
2025-09-15 15:34:40,911 - WARNING - 图像增强失败，使用原图像: name 'ImageEnhance' is not defined
2025-09-15 15:34:41,132 - INFO - 已处理: 7_28_16_53-185_007.jpg → 类别10_185-190 (34.10%)
2025-09-15 15:34:41,138 - INFO - 已处理: 7_28_16_53-185_009.jpg → 类别9_181-184 (33.50%)
2025-09-15 15:34:41,147 - INFO - 已处理: 7_28_16_53-185_010.jpg → 类别9_181-184 (40.58%)
2025-09-15 15:34:41,154 - INFO - 已处理: 7_28_16_53-185_013.jpg → 类别10_185-190 (39.97%)
2025-09-15 15:34:41,161 - INFO - 已处理: 7_28_16_53-185_017.jpg → 类别9_181-184 (50.90%)
2025-09-15 15:34:41,171 - INFO - 已处理: 7_28_16_53-185_020.jpg → 类别10_185-190 (40.60%)
2025-09-15 15:34:41,179 - INFO - 已处理: 7_28_16_53-185_021.jpg → 类别9_181-184 (48.15%)
2025-09-15 15:34:41,192 - INFO - 已处理: 7_28_16_53-185_022.jpg → 类别10_185-190 (45.19%)
2025-09-15 15:34:41,201 - INFO - 已处理: 7_28_16_53-185_023.jpg → 类别9_181-184 (42.21%)
2025-09-15 15:34:41,209 - INFO - 已处理: 7_28_16_53-185_029.jpg → 类别9_181-184 (49.70%)
2025-09-15 15:34:41,217 - INFO - 已处理: 7_28_16_53-185_035.jpg → 类别9_181-184 (54.64%)
2025-09-15 15:34:41,231 - INFO - 已处理: 7_28_16_53-185_040.jpg → 类别9_181-184 (55.83%)
2025-09-15 15:34:41,240 - INFO - 已处理: 7_28_16_53-185_048.jpg → 类别9_181-184 (54.99%)
2025-09-15 15:34:41,247 - INFO - 已处理: 7_28_16_53-185_050.jpg → 类别9_181-184 (54.13%)
2025-09-15 15:34:41,257 - INFO - 已处理: 7_28_16_53-185_055.jpg → 类别9_181-184 (47.56%)
2025-09-15 15:34:41,267 - INFO - 已处理: 7_28_16_53-185_060.jpg → 类别9_181-184 (54.73%)
2025-09-15 15:34:41,276 - INFO - 已处理: 7_28_16_53-185_065.jpg → 类别9_181-184 (48.42%)
2025-09-15 15:34:41,287 - INFO - 已处理: 7_28_16_53-185_071.jpg → 类别9_181-184 (53.24%)
2025-09-15 15:34:41,298 - INFO - 已处理: 7_28_16_53-185_077.jpg → 类别10_185-190 (36.69%)
2025-09-15 15:34:41,315 - INFO - 已处理: 7_28_16_53-185_092.jpg → 类别9_181-184 (56.50%)
2025-09-15 15:34:41,329 - INFO - 已处理: 7_28_16_53-185_093.jpg → 类别9_181-184 (40.17%)
2025-09-15 15:34:41,342 - INFO - 已处理: 7_28_16_53-185_095.jpg → 类别9_181-184 (48.15%)
2025-09-15 15:34:41,356 - INFO - 已处理: 7_28_16_53-185_107.jpg → 类别9_181-184 (42.16%)
2025-09-15 15:34:41,368 - INFO - 已处理: 7_28_16_53-185_136.jpg → 类别9_181-184 (55.60%)
2025-09-15 15:34:41,381 - INFO - 已处理: 7_28_16_53-185_137.jpg → 类别9_181-184 (54.38%)
2025-09-15 15:34:41,394 - INFO - 已处理: 7_28_17_23-185_150.jpg → 类别9_181-184 (53.90%)
2025-09-15 15:34:41,407 - INFO - 已处理: 7_28_17_23-185_151.jpg → 类别9_181-184 (53.65%)
2025-09-15 15:34:41,420 - INFO - 已处理: 7_28_17_23-185_156.jpg → 类别9_181-184 (53.01%)
2025-09-15 15:34:41,433 - INFO - 已处理: 7_28_17_23-185_175.jpg → 类别9_181-184 (52.97%)
2025-09-15 15:34:41,446 - INFO - 已处理: 7_28_17_23-185_176.jpg → 类别9_181-184 (55.67%)
2025-09-15 15:34:41,459 - INFO - 已处理: 7_28_17_23-185_179.jpg → 类别9_181-184 (56.65%)
2025-09-15 15:34:41,471 - INFO - 已处理: 7_28_17_23-185_180.jpg → 类别9_181-184 (55.28%)
2025-09-15 15:34:41,495 - WARNING - 图像增强失败，使用原图像: name 'ImageEnhance' is not defined
2025-09-15 15:34:41,524 - WARNING - 图像增强失败，使用原图像: name 'ImageEnhance' is not defined
2025-09-15 15:34:41,553 - WARNING - 图像增强失败，使用原图像: name 'ImageEnhance' is not defined
2025-09-15 15:34:41,584 - WARNING - 图像增强失败，使用原图像: name 'ImageEnhance' is not defined
2025-09-15 15:34:41,611 - WARNING - 图像增强失败，使用原图像: name 'ImageEnhance' is not defined
2025-09-15 15:34:41,642 - WARNING - 图像增强失败，使用原图像: name 'ImageEnhance' is not defined
2025-09-15 15:34:41,672 - WARNING - 图像增强失败，使用原图像: name 'ImageEnhance' is not defined
2025-09-15 15:34:41,699 - WARNING - 图像增强失败，使用原图像: name 'ImageEnhance' is not defined
2025-09-15 15:34:41,724 - WARNING - 图像增强失败，使用原图像: name 'ImageEnhance' is not defined
2025-09-15 15:34:41,752 - WARNING - 图像增强失败，使用原图像: name 'ImageEnhance' is not defined
2025-09-15 15:34:41,782 - WARNING - 图像增强失败，使用原图像: name 'ImageEnhance' is not defined
2025-09-15 15:34:41,810 - WARNING - 图像增强失败，使用原图像: name 'ImageEnhance' is not defined
2025-09-15 15:34:41,838 - WARNING - 图像增强失败，使用原图像: name 'ImageEnhance' is not defined
2025-09-15 15:34:41,865 - WARNING - 图像增强失败，使用原图像: name 'ImageEnhance' is not defined
2025-09-15 15:34:41,891 - WARNING - 图像增强失败，使用原图像: name 'ImageEnhance' is not defined
2025-09-15 15:34:41,921 - WARNING - 图像增强失败，使用原图像: name 'ImageEnhance' is not defined
2025-09-15 15:34:41,949 - WARNING - 图像增强失败，使用原图像: name 'ImageEnhance' is not defined
2025-09-15 15:34:41,975 - WARNING - 图像增强失败，使用原图像: name 'ImageEnhance' is not defined
2025-09-15 15:34:42,003 - WARNING - 图像增强失败，使用原图像: name 'ImageEnhance' is not defined
2025-09-15 15:34:42,031 - WARNING - 图像增强失败，使用原图像: name 'ImageEnhance' is not defined
2025-09-15 15:34:42,058 - WARNING - 图像增强失败，使用原图像: name 'ImageEnhance' is not defined
2025-09-15 15:34:42,085 - WARNING - 图像增强失败，使用原图像: name 'ImageEnhance' is not defined
2025-09-15 15:34:42,115 - WARNING - 图像增强失败，使用原图像: name 'ImageEnhance' is not defined
2025-09-15 15:34:42,141 - WARNING - 图像增强失败，使用原图像: name 'ImageEnhance' is not defined
2025-09-15 15:34:42,168 - WARNING - 图像增强失败，使用原图像: name 'ImageEnhance' is not defined
2025-09-15 15:34:42,196 - WARNING - 图像增强失败，使用原图像: name 'ImageEnhance' is not defined
2025-09-15 15:34:42,223 - WARNING - 图像增强失败，使用原图像: name 'ImageEnhance' is not defined
2025-09-15 15:34:42,252 - WARNING - 图像增强失败，使用原图像: name 'ImageEnhance' is not defined
2025-09-15 15:34:42,279 - WARNING - 图像增强失败，使用原图像: name 'ImageEnhance' is not defined
2025-09-15 15:34:42,310 - WARNING - 图像增强失败，使用原图像: name 'ImageEnhance' is not defined
2025-09-15 15:34:42,336 - WARNING - 图像增强失败，使用原图像: name 'ImageEnhance' is not defined
2025-09-15 15:34:42,365 - WARNING - 图像增强失败，使用原图像: name 'ImageEnhance' is not defined
2025-09-15 15:34:42,399 - INFO - 已处理: 7_28_17_23-185_183.jpg → 类别9_181-184 (56.22%)
2025-09-15 15:34:42,412 - INFO - 已处理: 7_28_17_23-185_184.jpg → 类别9_181-184 (52.40%)
2025-09-15 15:34:42,424 - INFO - 已处理: 7_28_17_23-185_186.jpg → 类别9_181-184 (56.20%)
2025-09-15 15:34:42,439 - INFO - 已处理: 7_28_17_23-185_188.jpg → 类别9_181-184 (55.64%)
2025-09-15 15:34:42,452 - INFO - 已处理: 7_28_17_23-185_190.jpg → 类别9_181-184 (55.80%)
2025-09-15 15:34:42,467 - INFO - 已处理: 7_28_17_23-185_191.jpg → 类别9_181-184 (54.83%)
2025-09-15 15:34:42,481 - INFO - 已处理: 7_28_17_23-185_199.jpg → 类别9_181-184 (57.58%)
2025-09-15 15:34:42,496 - INFO - 已处理: 7_28_17_23-185_204.jpg → 类别9_181-184 (54.29%)
2025-09-15 15:34:42,511 - INFO - 已处理: 7_28_17_23-185_205.jpg → 类别9_181-184 (53.74%)
2025-09-15 15:34:42,522 - INFO - 已处理: 7_28_17_23-185_208.jpg → 类别9_181-184 (55.07%)
2025-09-15 15:34:42,534 - INFO - 已处理: 7_28_17_23-185_209.jpg → 类别9_181-184 (54.25%)
2025-09-15 15:34:42,547 - INFO - 已处理: 7_28_17_23-185_218.jpg → 类别9_181-184 (55.41%)
2025-09-15 15:34:42,561 - INFO - 已处理: 7_28_17_23-185_223.jpg → 类别9_181-184 (55.70%)
2025-09-15 15:34:42,575 - INFO - 已处理: 7_28_17_23-185_225.jpg → 类别9_181-184 (56.97%)
2025-09-15 15:34:42,587 - INFO - 已处理: 7_28_17_23-185_235.jpg → 类别9_181-184 (54.38%)
2025-09-15 15:34:42,600 - INFO - 已处理: 7_28_17_23-185_238.jpg → 类别9_181-184 (54.62%)
2025-09-15 15:34:42,612 - INFO - 已处理: 7_28_17_23-185_251.jpg → 类别9_181-184 (56.51%)
2025-09-15 15:34:42,624 - INFO - 已处理: 7_28_17_23-185_255.jpg → 类别9_181-184 (55.88%)
2025-09-15 15:34:42,636 - INFO - 已处理: 7_28_17_23-185_261.jpg → 类别9_181-184 (54.85%)
2025-09-15 15:34:42,647 - INFO - 已处理: 7_28_17_23-185_264.jpg → 类别9_181-184 (55.31%)
2025-09-15 15:34:42,660 - INFO - 已处理: 7_28_17_23-185_271.jpg → 类别9_181-184 (54.95%)
2025-09-15 15:34:42,673 - INFO - 已处理: 7_28_17_23-185_272.jpg → 类别9_181-184 (56.02%)
2025-09-15 15:34:42,685 - INFO - 已处理: 7_28_17_23-185_279.jpg → 类别9_181-184 (52.57%)
2025-09-15 15:34:42,699 - INFO - 已处理: 7_28_17_23-185_281.jpg → 类别9_181-184 (54.33%)
2025-09-15 15:34:42,712 - INFO - 已处理: 7_28_17_23-185_288.jpg → 类别9_181-184 (51.20%)
2025-09-15 15:34:42,724 - INFO - 已处理: 7_28_17_23-185_313.jpg → 类别9_181-184 (56.18%)
2025-09-15 15:34:42,737 - INFO - 已处理: 7_28_17_23-185_329.jpg → 类别9_181-184 (54.84%)
2025-09-15 15:34:42,750 - INFO - 已处理: 7_28_17_23-185_330.jpg → 类别9_181-184 (57.11%)
2025-09-15 15:34:42,763 - INFO - 已处理: 7_28_17_23-185_334.jpg → 类别9_181-184 (54.08%)
2025-09-15 15:34:42,773 - INFO - 已处理: 7_28_17_23-185_335.jpg → 类别9_181-184 (54.34%)
2025-09-15 15:34:42,786 - INFO - 已处理: 7_28_17_23-185_336.jpg → 类别9_181-184 (55.49%)
2025-09-15 15:34:42,797 - INFO - 已处理: 7_28_17_23-185_344.jpg → 类别9_181-184 (55.33%)
2025-09-15 15:34:42,824 - WARNING - 图像增强失败，使用原图像: name 'ImageEnhance' is not defined
2025-09-15 15:34:42,853 - WARNING - 图像增强失败，使用原图像: name 'ImageEnhance' is not defined
2025-09-15 15:34:42,883 - WARNING - 图像增强失败，使用原图像: name 'ImageEnhance' is not defined
2025-09-15 15:34:42,913 - WARNING - 图像增强失败，使用原图像: name 'ImageEnhance' is not defined
2025-09-15 15:34:42,940 - WARNING - 图像增强失败，使用原图像: name 'ImageEnhance' is not defined
2025-09-15 15:34:42,967 - WARNING - 图像增强失败，使用原图像: name 'ImageEnhance' is not defined
2025-09-15 15:34:42,994 - WARNING - 图像增强失败，使用原图像: name 'ImageEnhance' is not defined
2025-09-15 15:34:43,022 - WARNING - 图像增强失败，使用原图像: name 'ImageEnhance' is not defined
2025-09-15 15:34:43,051 - WARNING - 图像增强失败，使用原图像: name 'ImageEnhance' is not defined
2025-09-15 15:34:43,082 - WARNING - 图像增强失败，使用原图像: name 'ImageEnhance' is not defined
2025-09-15 15:34:43,112 - WARNING - 图像增强失败，使用原图像: name 'ImageEnhance' is not defined
2025-09-15 15:34:43,140 - WARNING - 图像增强失败，使用原图像: name 'ImageEnhance' is not defined
2025-09-15 15:34:43,171 - WARNING - 图像增强失败，使用原图像: name 'ImageEnhance' is not defined
2025-09-15 15:34:43,197 - WARNING - 图像增强失败，使用原图像: name 'ImageEnhance' is not defined
2025-09-15 15:34:43,223 - WARNING - 图像增强失败，使用原图像: name 'ImageEnhance' is not defined
2025-09-15 15:34:43,251 - WARNING - 图像增强失败，使用原图像: name 'ImageEnhance' is not defined
2025-09-15 15:34:43,278 - WARNING - 图像增强失败，使用原图像: name 'ImageEnhance' is not defined
2025-09-15 15:34:43,307 - WARNING - 图像增强失败，使用原图像: name 'ImageEnhance' is not defined
2025-09-15 15:34:43,339 - WARNING - 图像增强失败，使用原图像: name 'ImageEnhance' is not defined
2025-09-15 15:34:43,367 - WARNING - 图像增强失败，使用原图像: name 'ImageEnhance' is not defined
2025-09-15 15:34:43,397 - WARNING - 图像增强失败，使用原图像: name 'ImageEnhance' is not defined
2025-09-15 15:34:43,426 - WARNING - 图像增强失败，使用原图像: name 'ImageEnhance' is not defined
2025-09-15 15:34:43,453 - WARNING - 图像增强失败，使用原图像: name 'ImageEnhance' is not defined
2025-09-15 15:34:43,481 - WARNING - 图像增强失败，使用原图像: name 'ImageEnhance' is not defined
2025-09-15 15:34:43,509 - WARNING - 图像增强失败，使用原图像: name 'ImageEnhance' is not defined
2025-09-15 15:34:43,540 - WARNING - 图像增强失败，使用原图像: name 'ImageEnhance' is not defined
2025-09-15 15:34:43,568 - WARNING - 图像增强失败，使用原图像: name 'ImageEnhance' is not defined
2025-09-15 15:34:43,597 - WARNING - 图像增强失败，使用原图像: name 'ImageEnhance' is not defined
2025-09-15 15:34:43,627 - WARNING - 图像增强失败，使用原图像: name 'ImageEnhance' is not defined
2025-09-15 15:34:43,656 - WARNING - 图像增强失败，使用原图像: name 'ImageEnhance' is not defined
2025-09-15 15:34:43,685 - WARNING - 图像增强失败，使用原图像: name 'ImageEnhance' is not defined
2025-09-15 15:34:43,709 - WARNING - 图像增强失败，使用原图像: name 'ImageEnhance' is not defined
2025-09-15 15:34:43,737 - INFO - 已处理: 7_28_17_23-185_349.jpg → 类别9_181-184 (55.34%)
2025-09-15 15:34:43,752 - INFO - 已处理: 7_28_17_23-185_355.jpg → 类别9_181-184 (53.82%)
2025-09-15 15:34:43,764 - INFO - 已处理: 7_28_17_23-185_357.jpg → 类别9_181-184 (55.49%)
2025-09-15 15:34:43,777 - INFO - 已处理: 7_28_17_23-185_358.jpg → 类别9_181-184 (53.01%)
2025-09-15 15:34:43,790 - INFO - 已处理: 7_28_17_23-185_360.jpg → 类别9_181-184 (54.64%)
2025-09-15 15:34:43,804 - INFO - 已处理: 7_28_17_23-185_361.jpg → 类别9_181-184 (54.15%)
2025-09-15 15:34:43,819 - INFO - 已处理: 7_28_17_23-185_368.jpg → 类别9_181-184 (53.17%)
2025-09-15 15:34:43,831 - INFO - 已处理: 7_28_17_23-185_375.jpg → 类别9_181-184 (56.08%)
2025-09-15 15:34:43,845 - INFO - 已处理: 7_28_17_23-185_378.jpg → 类别9_181-184 (55.67%)
2025-09-15 15:34:43,859 - INFO - 已处理: 7_28_17_23-185_390.jpg → 类别9_181-184 (55.64%)
2025-09-15 15:34:43,871 - INFO - 已处理: 7_28_17_23-185_391.jpg → 类别9_181-184 (56.87%)
2025-09-15 15:34:43,885 - INFO - 已处理: 7_28_17_23-185_392.jpg → 类别9_181-184 (55.80%)
2025-09-15 15:34:43,896 - INFO - 已处理: 7_28_17_23-185_393.jpg → 类别9_181-184 (54.83%)
2025-09-15 15:34:43,908 - INFO - 已处理: 7_28_17_23-185_398.jpg → 类别9_181-184 (53.78%)
2025-09-15 15:34:43,920 - INFO - 已处理: 7_28_17_23-185_405.jpg → 类别9_181-184 (54.49%)
2025-09-15 15:34:43,932 - INFO - 已处理: 7_28_17_23-185_411.jpg → 类别9_181-184 (54.25%)
2025-09-15 15:34:43,944 - INFO - 已处理: 7_28_17_23-185_414.jpg → 类别9_181-184 (52.88%)
2025-09-15 15:34:43,956 - INFO - 已处理: 7_28_17_23-185_420.jpg → 类别9_181-184 (55.41%)
2025-09-15 15:34:43,967 - INFO - 已处理: 7_28_17_23-185_426.jpg → 类别9_181-184 (58.51%)
2025-09-15 15:34:43,978 - INFO - 已处理: 7_28_17_23-185_430.jpg → 类别9_181-184 (55.56%)
2025-09-15 15:34:43,991 - INFO - 已处理: 7_28_17_23-185_431.jpg → 类别9_181-184 (55.82%)
2025-09-15 15:34:44,003 - INFO - 已处理: 7_28_17_23-185_436.jpg → 类别9_181-184 (53.63%)
2025-09-15 15:34:44,014 - INFO - 已处理: 7_28_17_23-185_440.jpg → 类别9_181-184 (54.62%)
2025-09-15 15:34:44,028 - INFO - 已处理: 7_28_17_23-185_444.jpg → 类别9_181-184 (55.22%)
2025-09-15 15:34:44,040 - INFO - 已处理: 7_28_17_23-185_446.jpg → 类别9_181-184 (56.77%)
2025-09-15 15:34:44,053 - INFO - 已处理: 7_28_17_23-185_451.jpg → 类别9_181-184 (54.72%)
2025-09-15 15:34:44,065 - INFO - 已处理: 7_28_17_23-185_454.jpg → 类别9_181-184 (56.94%)
2025-09-15 15:34:44,078 - INFO - 已处理: 7_28_17_23-185_461.jpg → 类别9_181-184 (56.47%)
2025-09-15 15:34:44,091 - INFO - 已处理: 7_28_17_23-185_472.jpg → 类别9_181-184 (53.93%)
2025-09-15 15:34:44,104 - INFO - 已处理: 7_28_17_23-185_473.jpg → 类别9_181-184 (54.95%)
2025-09-15 15:34:44,116 - INFO - 已处理: 7_28_17_23-185_474.jpg → 类别9_181-184 (56.02%)
2025-09-15 15:34:44,128 - INFO - 已处理: 7_28_17_23-185_479.jpg → 类别9_181-184 (54.75%)
2025-09-15 15:34:44,159 - WARNING - 图像增强失败，使用原图像: name 'ImageEnhance' is not defined
2025-09-15 15:34:44,190 - WARNING - 图像增强失败，使用原图像: name 'ImageEnhance' is not defined
2025-09-15 15:34:44,220 - WARNING - 图像增强失败，使用原图像: name 'ImageEnhance' is not defined
2025-09-15 15:34:44,247 - WARNING - 图像增强失败，使用原图像: name 'ImageEnhance' is not defined
2025-09-15 15:34:44,275 - WARNING - 图像增强失败，使用原图像: name 'ImageEnhance' is not defined
2025-09-15 15:34:44,306 - WARNING - 图像增强失败，使用原图像: name 'ImageEnhance' is not defined
2025-09-15 15:34:44,332 - WARNING - 图像增强失败，使用原图像: name 'ImageEnhance' is not defined
2025-09-15 15:34:44,360 - WARNING - 图像增强失败，使用原图像: name 'ImageEnhance' is not defined
2025-09-15 15:34:44,386 - WARNING - 图像增强失败，使用原图像: name 'ImageEnhance' is not defined
2025-09-15 15:34:44,414 - WARNING - 图像增强失败，使用原图像: name 'ImageEnhance' is not defined
2025-09-15 15:34:44,439 - WARNING - 图像增强失败，使用原图像: name 'ImageEnhance' is not defined
2025-09-15 15:34:44,468 - WARNING - 图像增强失败，使用原图像: name 'ImageEnhance' is not defined
2025-09-15 15:34:44,498 - WARNING - 图像增强失败，使用原图像: name 'ImageEnhance' is not defined
2025-09-15 15:34:44,535 - WARNING - 图像增强失败，使用原图像: name 'ImageEnhance' is not defined
2025-09-15 15:34:44,563 - WARNING - 图像增强失败，使用原图像: name 'ImageEnhance' is not defined
2025-09-15 15:34:44,597 - INFO - 已处理: 7_28_17_23-185_486.jpg → 类别9_181-184 (55.16%)
2025-09-15 15:34:44,609 - INFO - 已处理: 7_28_17_23-185_487.jpg → 类别9_181-184 (56.16%)
2025-09-15 15:34:44,621 - INFO - 已处理: 7_28_17_23-185_494.jpg → 类别9_181-184 (53.09%)
2025-09-15 15:34:44,633 - INFO - 已处理: 7_28_17_23-185_495.jpg → 类别9_181-184 (54.82%)
2025-09-15 15:34:44,647 - INFO - 已处理: 7_28_17_23-185_504.jpg → 类别9_181-184 (56.50%)
2025-09-15 15:34:44,660 - INFO - 已处理: 7_28_17_23-185_514.jpg → 类别9_181-184 (55.76%)
2025-09-15 15:34:44,675 - INFO - 已处理: 7_28_17_23-185_524.jpg → 类别9_181-184 (55.28%)
2025-09-15 15:34:44,691 - INFO - 已处理: 7_28_17_23-185_525.jpg → 类别9_181-184 (55.98%)
2025-09-15 15:34:44,704 - INFO - 已处理: 7_28_17_23-185_528.jpg → 类别9_181-184 (56.45%)
2025-09-15 15:34:44,718 - INFO - 已处理: 7_28_17_23-185_536.jpg → 类别9_181-184 (54.08%)
2025-09-15 15:34:44,730 - INFO - 已处理: 7_28_17_23-185_537.jpg → 类别9_181-184 (54.34%)
2025-09-15 15:34:44,743 - INFO - 已处理: 7_28_17_23-185_541.jpg → 类别9_181-184 (53.64%)
2025-09-15 15:34:44,756 - INFO - 已处理: 7_28_17_23-185_542.jpg → 类别9_181-184 (55.71%)
2025-09-15 15:34:44,769 - INFO - 已处理: 7_28_17_23-185_549.jpg → 类别9_181-184 (56.21%)
2025-09-15 15:34:44,779 - INFO - 已处理: 7_28_17_23-185_550.jpg → 类别9_181-184 (53.91%)
2025-09-15 15:34:44,795 - INFO - 结果已保存: C:/Users/26025/Desktop/fsdownload/class9\recognition_output\recognition_results_20250915_153444.json
2025-09-15 15:34:44,801 - INFO - 报告已生成: C:/Users/26025/Desktop/fsdownload/class9\recognition_output\recognition_report_20250915_153444.txt
2025-09-15 15:34:44,805 - INFO - 批量处理完成！共处理 111 张图片
