2025-09-14 16:31:12,410 - INFO - 坍落度识别系统启动
2025-09-14 16:31:12,955 - INFO - 配置文件加载成功
2025-09-14 16:31:21,678 - INFO - 加载文件夹: F:/混凝土数据集/分类数据/27分类/类别15_210-215, 找到 1000 张图片
2025-09-14 16:31:26,179 - INFO - 模型加载成功: resnet18, 权重: pretrained/resnet18/best_model.pth
2025-09-14 16:31:30,576 - WARNING - 图像增强失败，使用原图像: name 'ImageEnhance' is not defined
2025-09-14 16:31:31,221 - INFO - 识别完成: 类别16_215-220 (置信度: 62.19%)
2025-09-14 16:31:48,303 - WARNING - 图像增强失败，使用原图像: name 'ImageEnhance' is not defined
2025-09-14 16:31:48,380 - INFO - 识别完成: 类别16_215-220 (置信度: 62.19%)
2025-09-14 16:31:50,733 - WARNING - 图像增强失败，使用原图像: name 'ImageEnhance' is not defined
2025-09-14 16:31:50,818 - INFO - 识别完成: 类别16_215-220 (置信度: 71.18%)
2025-09-14 16:31:52,869 - WARNING - 图像增强失败，使用原图像: name 'ImageEnhance' is not defined
2025-09-14 16:31:52,956 - INFO - 识别完成: 类别16_215-220 (置信度: 71.18%)
2025-09-14 16:31:54,863 - WARNING - 图像增强失败，使用原图像: name 'ImageEnhance' is not defined
2025-09-14 16:31:54,949 - INFO - 识别完成: 类别16_215-220 (置信度: 62.32%)
2025-09-14 16:32:32,134 - INFO - 加载文件夹: F:/project/vgg_test/data/raw/27分类/类别13_200-205, 找到 824 张图片
2025-09-14 16:32:33,692 - WARNING - 图像增强失败，使用原图像: name 'ImageEnhance' is not defined
2025-09-14 16:32:33,779 - INFO - 识别完成: 类别21_240-250 (置信度: 46.52%)
2025-09-14 16:32:34,955 - WARNING - 图像增强失败，使用原图像: name 'ImageEnhance' is not defined
2025-09-14 16:32:35,041 - INFO - 识别完成: 类别21_240-250 (置信度: 46.52%)
2025-09-14 16:32:36,079 - WARNING - 图像增强失败，使用原图像: name 'ImageEnhance' is not defined
2025-09-14 16:32:36,155 - INFO - 识别完成: 类别21_240-250 (置信度: 46.52%)
2025-09-14 16:32:36,292 - WARNING - 图像增强失败，使用原图像: name 'ImageEnhance' is not defined
2025-09-14 16:32:36,377 - INFO - 识别完成: 类别21_240-250 (置信度: 46.52%)
2025-09-14 16:32:41,836 - WARNING - 图像增强失败，使用原图像: name 'ImageEnhance' is not defined
2025-09-14 16:32:41,920 - INFO - 识别完成: 类别21_240-250 (置信度: 46.52%)
2025-09-14 16:32:43,716 - WARNING - 图像增强失败，使用原图像: name 'ImageEnhance' is not defined
2025-09-14 16:32:43,811 - INFO - 识别完成: 类别18_225-230 (置信度: 23.37%)
2025-09-14 16:32:46,265 - WARNING - 图像增强失败，使用原图像: name 'ImageEnhance' is not defined
2025-09-14 16:32:46,339 - INFO - 识别完成: 类别18_225-230 (置信度: 23.37%)
2025-09-14 16:32:48,969 - WARNING - 图像增强失败，使用原图像: name 'ImageEnhance' is not defined
2025-09-14 16:32:49,055 - INFO - 识别完成: 类别18_225-230 (置信度: 29.00%)
2025-09-14 16:32:50,660 - WARNING - 图像增强失败，使用原图像: name 'ImageEnhance' is not defined
2025-09-14 16:32:50,753 - INFO - 识别完成: 类别18_225-230 (置信度: 29.00%)
2025-09-14 16:32:52,567 - WARNING - 图像增强失败，使用原图像: name 'ImageEnhance' is not defined
2025-09-14 16:32:52,651 - INFO - 识别完成: 类别18_225-230 (置信度: 58.46%)
2025-09-14 16:32:56,192 - WARNING - 图像增强失败，使用原图像: name 'ImageEnhance' is not defined
2025-09-14 16:32:56,267 - INFO - 识别完成: 类别18_225-230 (置信度: 58.46%)
2025-09-14 16:32:58,359 - WARNING - 图像增强失败，使用原图像: name 'ImageEnhance' is not defined
2025-09-14 16:32:58,437 - INFO - 识别完成: 类别18_225-230 (置信度: 50.81%)
2025-09-14 16:33:00,065 - WARNING - 图像增强失败，使用原图像: name 'ImageEnhance' is not defined
2025-09-14 16:33:00,151 - INFO - 识别完成: 类别18_225-230 (置信度: 50.81%)
2025-09-14 16:33:01,919 - WARNING - 图像增强失败，使用原图像: name 'ImageEnhance' is not defined
2025-09-14 16:33:02,006 - INFO - 识别完成: 类别18_225-230 (置信度: 34.37%)
2025-09-14 16:33:04,244 - WARNING - 图像增强失败，使用原图像: name 'ImageEnhance' is not defined
2025-09-14 16:33:04,323 - INFO - 识别完成: 类别18_225-230 (置信度: 34.37%)
2025-09-14 16:33:06,371 - WARNING - 图像增强失败，使用原图像: name 'ImageEnhance' is not defined
2025-09-14 16:33:06,447 - INFO - 识别完成: 类别19_230-235 (置信度: 28.28%)
2025-09-14 16:33:09,340 - WARNING - 图像增强失败，使用原图像: name 'ImageEnhance' is not defined
2025-09-14 16:33:09,431 - INFO - 识别完成: 类别19_230-235 (置信度: 28.28%)
2025-09-14 16:33:14,157 - WARNING - 图像增强失败，使用原图像: name 'ImageEnhance' is not defined
2025-09-14 16:33:14,237 - INFO - 识别完成: 类别19_230-235 (置信度: 42.20%)
2025-09-14 16:33:18,303 - WARNING - 图像增强失败，使用原图像: name 'ImageEnhance' is not defined
2025-09-14 16:33:18,383 - INFO - 识别完成: 类别19_230-235 (置信度: 42.20%)
2025-09-14 16:33:23,676 - INFO - 加载文件夹: F:/project/vgg_test/data/raw/27分类/类别1_120-130, 找到 88 张图片
2025-09-14 16:33:24,823 - WARNING - 图像增强失败，使用原图像: name 'ImageEnhance' is not defined
2025-09-14 16:33:24,911 - INFO - 识别完成: 类别6_166-169 (置信度: 18.69%)
2025-09-14 16:33:29,574 - WARNING - 图像增强失败，使用原图像: name 'ImageEnhance' is not defined
2025-09-14 16:33:29,669 - INFO - 识别完成: 类别6_166-169 (置信度: 18.69%)
2025-09-14 16:33:31,555 - WARNING - 图像增强失败，使用原图像: name 'ImageEnhance' is not defined
2025-09-14 16:33:31,642 - INFO - 识别完成: 类别17_220-225 (置信度: 17.79%)
2025-09-14 16:33:35,497 - WARNING - 图像增强失败，使用原图像: name 'ImageEnhance' is not defined
2025-09-14 16:33:35,583 - INFO - 识别完成: 类别17_220-225 (置信度: 17.79%)
2025-09-14 16:33:37,496 - WARNING - 图像增强失败，使用原图像: name 'ImageEnhance' is not defined
2025-09-14 16:33:37,585 - INFO - 识别完成: 类别17_220-225 (置信度: 20.72%)
2025-09-14 16:33:39,084 - WARNING - 图像增强失败，使用原图像: name 'ImageEnhance' is not defined
2025-09-14 16:33:39,171 - INFO - 识别完成: 类别17_220-225 (置信度: 20.72%)
2025-09-14 16:33:40,699 - WARNING - 图像增强失败，使用原图像: name 'ImageEnhance' is not defined
2025-09-14 16:33:40,788 - INFO - 识别完成: 类别17_220-225 (置信度: 12.77%)
2025-09-14 16:33:42,303 - WARNING - 图像增强失败，使用原图像: name 'ImageEnhance' is not defined
2025-09-14 16:33:42,379 - INFO - 识别完成: 类别17_220-225 (置信度: 12.77%)
2025-09-14 16:33:44,365 - WARNING - 图像增强失败，使用原图像: name 'ImageEnhance' is not defined
2025-09-14 16:33:44,445 - INFO - 识别完成: 类别17_220-225 (置信度: 25.65%)
2025-09-14 16:33:46,051 - WARNING - 图像增强失败，使用原图像: name 'ImageEnhance' is not defined
2025-09-14 16:33:46,142 - INFO - 识别完成: 类别17_220-225 (置信度: 25.65%)
2025-09-14 16:33:47,837 - WARNING - 图像增强失败，使用原图像: name 'ImageEnhance' is not defined
2025-09-14 16:33:47,922 - INFO - 识别完成: 类别17_220-225 (置信度: 25.82%)
2025-09-14 16:33:49,511 - WARNING - 图像增强失败，使用原图像: name 'ImageEnhance' is not defined
2025-09-14 16:33:49,595 - INFO - 识别完成: 类别17_220-225 (置信度: 25.82%)
2025-09-14 16:33:51,049 - WARNING - 图像增强失败，使用原图像: name 'ImageEnhance' is not defined
2025-09-14 16:33:51,133 - INFO - 识别完成: 类别17_220-225 (置信度: 21.35%)
2025-09-14 16:34:23,843 - WARNING - 图像增强失败，使用原图像: name 'ImageEnhance' is not defined
2025-09-14 16:34:23,930 - INFO - 识别完成: 类别21_240-250 (置信度: 26.62%)
2025-09-14 16:34:28,032 - WARNING - 图像增强失败，使用原图像: name 'ImageEnhance' is not defined
2025-09-14 16:34:28,123 - INFO - 识别完成: 类别19_230-235 (置信度: 27.34%)
2025-09-14 16:37:24,115 - INFO - 模型加载成功: resnet18, 权重: pretrained/resnet18/best_model.pth
2025-09-14 16:37:36,749 - INFO - 加载文件夹: F:/project/vgg_test/data/raw/27分类/类别16_215-220, 找到 7124 张图片
2025-09-14 16:37:42,272 - INFO - 识别完成: 类别16_215-220 (置信度: 55.65%)
2025-09-14 16:37:46,534 - INFO - 识别完成: 类别16_215-220 (置信度: 75.79%)
2025-09-14 16:37:51,430 - INFO - 识别完成: 类别16_215-220 (置信度: 75.79%)
2025-09-14 16:37:53,425 - INFO - 识别完成: 类别16_215-220 (置信度: 80.31%)
2025-09-14 16:37:55,463 - INFO - 识别完成: 类别16_215-220 (置信度: 80.31%)
2025-09-14 16:37:57,137 - INFO - 识别完成: 类别16_215-220 (置信度: 93.99%)
2025-09-14 16:37:58,673 - INFO - 识别完成: 类别16_215-220 (置信度: 93.99%)
2025-09-14 16:38:00,646 - INFO - 识别完成: 类别16_215-220 (置信度: 88.46%)
2025-09-14 16:38:02,331 - INFO - 识别完成: 类别16_215-220 (置信度: 88.46%)
2025-09-14 16:38:10,562 - INFO - 识别完成: 类别16_215-220 (置信度: 86.84%)
2025-09-14 16:38:19,809 - INFO - 识别完成: 类别16_215-220 (置信度: 75.79%)
2025-09-14 16:38:28,610 - INFO - 识别完成: 类别11_190-195 (置信度: 58.08%)
2025-09-14 16:38:42,406 - INFO - 识别完成: 类别16_215-220 (置信度: 83.16%)
2025-09-14 16:38:54,168 - INFO - 加载文件夹: F:/project/vgg_test/data/raw/27分类/类别3_136-140, 找到 236 张图片
2025-09-14 16:38:55,344 - INFO - 识别完成: 类别21_240-250 (置信度: 41.64%)
2025-09-14 16:39:02,990 - INFO - 识别完成: 类别17_220-225 (置信度: 17.64%)
2025-09-14 16:39:10,959 - INFO - 识别完成: 类别18_225-230 (置信度: 26.13%)
2025-09-14 16:39:20,361 - INFO - 识别完成: 类别16_215-220 (置信度: 31.69%)
2025-09-14 16:39:22,153 - INFO - 识别完成: 类别16_215-220 (置信度: 31.69%)
2025-09-14 16:39:22,499 - INFO - 识别完成: 类别16_215-220 (置信度: 31.69%)
2025-09-14 16:39:24,058 - INFO - 识别完成: 类别17_220-225 (置信度: 51.18%)
2025-09-14 16:39:28,750 - INFO - 识别完成: 类别16_215-220 (置信度: 22.79%)
