2025-09-14 17:47:06,232 - INFO - 坍落度识别系统启动
2025-09-14 17:47:06,863 - INFO - 配置文件加载成功
2025-09-14 17:47:10,936 - INFO - 模型加载成功: resnet18, 权重: pretrained/resnet18/best_model.pth
2025-09-14 17:47:14,154 - INFO - 模型加载成功: resnet18, 权重: pretrained/resnet18/best_model.pth
2025-09-14 17:47:21,718 - INFO - 选择输入文件夹: F:/混凝土数据集/视频数据/7-28/12_32-34-160/图片/8月4日(1)-1, 找到 108 张图片
2025-09-14 17:47:23,870 - INFO - 已处理: frame_00000000_t0.000s.jpg → 类别4_150-160 (91.13%)
2025-09-14 17:47:23,875 - INFO - 已处理: frame_00000006_t0.200s.jpg → 类别4_150-160 (88.55%)
2025-09-14 17:47:23,879 - INFO - 已处理: frame_00000012_t0.400s.jpg → 类别4_150-160 (90.39%)
2025-09-14 17:47:23,882 - INFO - 已处理: frame_00000018_t0.600s.jpg → 类别4_150-160 (88.98%)
2025-09-14 17:47:23,887 - INFO - 已处理: frame_00000024_t0.800s.jpg → 类别4_150-160 (91.27%)
2025-09-14 17:47:23,893 - INFO - 已处理: frame_00000030_t1.000s.jpg → 类别4_150-160 (91.08%)
2025-09-14 17:47:23,899 - INFO - 已处理: frame_00000036_t1.200s.jpg → 类别4_150-160 (89.55%)
2025-09-14 17:47:23,905 - INFO - 已处理: frame_00000042_t1.400s.jpg → 类别4_150-160 (89.80%)
2025-09-14 17:47:23,911 - INFO - 已处理: frame_00000048_t1.600s.jpg → 类别4_150-160 (91.97%)
2025-09-14 17:47:23,917 - INFO - 已处理: frame_00000054_t1.800s.jpg → 类别4_150-160 (91.03%)
2025-09-14 17:47:23,924 - INFO - 已处理: frame_00000060_t2.000s.jpg → 类别4_150-160 (91.57%)
2025-09-14 17:47:23,931 - INFO - 已处理: frame_00000066_t2.200s.jpg → 类别4_150-160 (92.02%)
2025-09-14 17:47:23,939 - INFO - 已处理: frame_00000072_t2.400s.jpg → 类别4_150-160 (92.37%)
2025-09-14 17:47:23,947 - INFO - 已处理: frame_00000078_t2.600s.jpg → 类别4_150-160 (92.78%)
2025-09-14 17:47:23,956 - INFO - 已处理: frame_00000084_t2.800s.jpg → 类别4_150-160 (92.22%)
2025-09-14 17:47:23,964 - INFO - 已处理: frame_00000090_t3.000s.jpg → 类别4_150-160 (92.24%)
2025-09-14 17:47:23,974 - INFO - 已处理: frame_00000096_t3.200s.jpg → 类别4_150-160 (91.85%)
2025-09-14 17:47:23,983 - INFO - 已处理: frame_00000102_t3.400s.jpg → 类别4_150-160 (93.04%)
2025-09-14 17:47:23,993 - INFO - 已处理: frame_00000108_t3.600s.jpg → 类别4_150-160 (89.79%)
2025-09-14 17:47:24,003 - INFO - 已处理: frame_00000114_t3.800s.jpg → 类别4_150-160 (91.03%)
2025-09-14 17:47:24,014 - INFO - 已处理: frame_00000120_t4.000s.jpg → 类别4_150-160 (90.59%)
2025-09-14 17:47:24,025 - INFO - 已处理: frame_00000126_t4.200s.jpg → 类别4_150-160 (94.25%)
2025-09-14 17:47:24,036 - INFO - 已处理: frame_00000132_t4.400s.jpg → 类别4_150-160 (91.04%)
2025-09-14 17:47:24,047 - INFO - 已处理: frame_00000138_t4.600s.jpg → 类别4_150-160 (90.24%)
2025-09-14 17:47:24,058 - INFO - 已处理: frame_00000144_t4.800s.jpg → 类别4_150-160 (90.84%)
2025-09-14 17:47:24,068 - INFO - 已处理: frame_00000150_t5.000s.jpg → 类别4_150-160 (89.65%)
2025-09-14 17:47:24,080 - INFO - 已处理: frame_00000156_t5.200s.jpg → 类别4_150-160 (88.81%)
2025-09-14 17:47:24,091 - INFO - 已处理: frame_00000162_t5.400s.jpg → 类别4_150-160 (90.35%)
2025-09-14 17:47:24,102 - INFO - 已处理: frame_00000168_t5.600s.jpg → 类别4_150-160 (91.27%)
2025-09-14 17:47:24,114 - INFO - 已处理: frame_00000174_t5.800s.jpg → 类别4_150-160 (90.62%)
2025-09-14 17:47:24,128 - INFO - 已处理: frame_00000180_t6.000s.jpg → 类别4_150-160 (92.09%)
2025-09-14 17:47:24,139 - INFO - 已处理: frame_00000186_t6.200s.jpg → 类别4_150-160 (93.78%)
2025-09-14 17:47:24,804 - INFO - 已处理: frame_00000192_t6.400s.jpg → 类别4_150-160 (93.21%)
2025-09-14 17:47:24,815 - INFO - 已处理: frame_00000198_t6.600s.jpg → 类别4_150-160 (92.21%)
2025-09-14 17:47:24,827 - INFO - 已处理: frame_00000204_t6.800s.jpg → 类别4_150-160 (92.86%)
2025-09-14 17:47:24,841 - INFO - 已处理: frame_00000210_t7.000s.jpg → 类别4_150-160 (91.70%)
2025-09-14 17:47:24,852 - INFO - 已处理: frame_00000216_t7.200s.jpg → 类别4_150-160 (90.94%)
2025-09-14 17:47:24,864 - INFO - 已处理: frame_00000222_t7.400s.jpg → 类别4_150-160 (90.75%)
2025-09-14 17:47:24,876 - INFO - 已处理: frame_00000228_t7.600s.jpg → 类别4_150-160 (91.71%)
2025-09-14 17:47:24,887 - INFO - 已处理: frame_00000234_t7.800s.jpg → 类别4_150-160 (93.15%)
2025-09-14 17:47:24,901 - INFO - 已处理: frame_00000240_t8.000s.jpg → 类别4_150-160 (92.28%)
2025-09-14 17:47:24,913 - INFO - 已处理: frame_00000246_t8.200s.jpg → 类别4_150-160 (92.19%)
2025-09-14 17:47:24,926 - INFO - 已处理: frame_00000252_t8.400s.jpg → 类别4_150-160 (93.13%)
2025-09-14 17:47:24,938 - INFO - 已处理: frame_00000258_t8.600s.jpg → 类别4_150-160 (93.72%)
2025-09-14 17:47:24,951 - INFO - 已处理: frame_00000264_t8.800s.jpg → 类别4_150-160 (94.11%)
2025-09-14 17:47:24,964 - INFO - 已处理: frame_00000270_t9.000s.jpg → 类别4_150-160 (93.62%)
2025-09-14 17:47:24,976 - INFO - 已处理: frame_00000276_t9.200s.jpg → 类别4_150-160 (92.60%)
2025-09-14 17:47:24,987 - INFO - 已处理: frame_00000282_t9.400s.jpg → 类别4_150-160 (91.89%)
2025-09-14 17:47:24,998 - INFO - 已处理: frame_00000288_t9.600s.jpg → 类别4_150-160 (91.77%)
2025-09-14 17:47:25,010 - INFO - 已处理: frame_00000294_t9.800s.jpg → 类别4_150-160 (92.33%)
2025-09-14 17:47:25,023 - INFO - 已处理: frame_00000300_t10.000s.jpg → 类别4_150-160 (92.69%)
2025-09-14 17:47:25,039 - INFO - 已处理: frame_00000306_t10.200s.jpg → 类别4_150-160 (92.43%)
2025-09-14 17:47:25,055 - INFO - 已处理: frame_00000312_t10.400s.jpg → 类别4_150-160 (91.54%)
2025-09-14 17:47:25,070 - INFO - 已处理: frame_00000318_t10.600s.jpg → 类别4_150-160 (91.38%)
2025-09-14 17:47:25,096 - INFO - 已处理: frame_00000324_t10.800s.jpg → 类别4_150-160 (92.24%)
2025-09-14 17:47:25,109 - INFO - 已处理: frame_00000330_t11.000s.jpg → 类别4_150-160 (90.12%)
2025-09-14 17:47:25,122 - INFO - 已处理: frame_00000336_t11.200s.jpg → 类别4_150-160 (91.19%)
2025-09-14 17:47:25,135 - INFO - 已处理: frame_00000342_t11.400s.jpg → 类别4_150-160 (92.98%)
2025-09-14 17:47:25,147 - INFO - 已处理: frame_00000348_t11.600s.jpg → 类别4_150-160 (90.77%)
2025-09-14 17:47:25,158 - INFO - 已处理: frame_00000354_t11.800s.jpg → 类别4_150-160 (91.43%)
2025-09-14 17:47:25,170 - INFO - 已处理: frame_00000360_t12.000s.jpg → 类别4_150-160 (90.90%)
2025-09-14 17:47:25,182 - INFO - 已处理: frame_00000366_t12.200s.jpg → 类别4_150-160 (90.35%)
2025-09-14 17:47:25,193 - INFO - 已处理: frame_00000372_t12.400s.jpg → 类别4_150-160 (91.42%)
2025-09-14 17:47:25,205 - INFO - 已处理: frame_00000378_t12.600s.jpg → 类别4_150-160 (91.28%)
2025-09-14 17:47:25,859 - INFO - 已处理: frame_00000384_t12.800s.jpg → 类别4_150-160 (91.54%)
2025-09-14 17:47:25,871 - INFO - 已处理: frame_00000390_t13.000s.jpg → 类别4_150-160 (90.24%)
2025-09-14 17:47:25,884 - INFO - 已处理: frame_00000396_t13.200s.jpg → 类别4_150-160 (91.70%)
2025-09-14 17:47:25,896 - INFO - 已处理: frame_00000402_t13.400s.jpg → 类别4_150-160 (87.54%)
2025-09-14 17:47:25,907 - INFO - 已处理: frame_00000408_t13.600s.jpg → 类别4_150-160 (91.70%)
2025-09-14 17:47:25,920 - INFO - 已处理: frame_00000414_t13.800s.jpg → 类别4_150-160 (89.63%)
2025-09-14 17:47:25,934 - INFO - 已处理: frame_00000420_t14.000s.jpg → 类别4_150-160 (92.39%)
2025-09-14 17:47:25,947 - INFO - 已处理: frame_00000426_t14.200s.jpg → 类别4_150-160 (90.01%)
2025-09-14 17:47:25,961 - INFO - 已处理: frame_00000432_t14.400s.jpg → 类别4_150-160 (90.52%)
2025-09-14 17:47:25,973 - INFO - 已处理: frame_00000438_t14.600s.jpg → 类别4_150-160 (89.67%)
2025-09-14 17:47:25,986 - INFO - 已处理: frame_00000444_t14.800s.jpg → 类别4_150-160 (90.47%)
2025-09-14 17:47:25,998 - INFO - 已处理: frame_00000450_t15.000s.jpg → 类别4_150-160 (91.08%)
2025-09-14 17:47:26,010 - INFO - 已处理: frame_00000456_t15.200s.jpg → 类别4_150-160 (90.11%)
2025-09-14 17:47:26,022 - INFO - 已处理: frame_00000462_t15.400s.jpg → 类别4_150-160 (89.04%)
2025-09-14 17:47:26,034 - INFO - 已处理: frame_00000468_t15.600s.jpg → 类别4_150-160 (86.37%)
2025-09-14 17:47:26,046 - INFO - 已处理: frame_00000474_t15.800s.jpg → 类别4_150-160 (90.89%)
2025-09-14 17:47:26,057 - INFO - 已处理: frame_00000480_t16.000s.jpg → 类别4_150-160 (91.10%)
2025-09-14 17:47:26,068 - INFO - 已处理: frame_00000486_t16.200s.jpg → 类别4_150-160 (90.72%)
2025-09-14 17:47:26,081 - INFO - 已处理: frame_00000492_t16.400s.jpg → 类别4_150-160 (91.59%)
2025-09-14 17:47:26,094 - INFO - 已处理: frame_00000498_t16.600s.jpg → 类别4_150-160 (92.00%)
2025-09-14 17:47:26,106 - INFO - 已处理: frame_00000504_t16.800s.jpg → 类别4_150-160 (92.09%)
2025-09-14 17:47:26,116 - INFO - 已处理: frame_00000510_t17.000s.jpg → 类别4_150-160 (88.65%)
2025-09-14 17:47:26,129 - INFO - 已处理: frame_00000516_t17.200s.jpg → 类别4_150-160 (90.25%)
2025-09-14 17:47:26,140 - INFO - 已处理: frame_00000522_t17.400s.jpg → 类别4_150-160 (91.55%)
2025-09-14 17:47:26,154 - INFO - 已处理: frame_00000528_t17.600s.jpg → 类别4_150-160 (87.75%)
2025-09-14 17:47:26,165 - INFO - 已处理: frame_00000534_t17.800s.jpg → 类别4_150-160 (91.60%)
2025-09-14 17:47:26,176 - INFO - 已处理: frame_00000540_t18.000s.jpg → 类别4_150-160 (91.85%)
2025-09-14 17:47:26,186 - INFO - 已处理: frame_00000546_t18.200s.jpg → 类别4_150-160 (89.86%)
2025-09-14 17:47:26,196 - INFO - 已处理: frame_00000552_t18.400s.jpg → 类别4_150-160 (91.64%)
2025-09-14 17:47:26,209 - INFO - 已处理: frame_00000558_t18.600s.jpg → 类别4_150-160 (91.82%)
2025-09-14 17:47:26,220 - INFO - 已处理: frame_00000564_t18.800s.jpg → 类别4_150-160 (89.92%)
2025-09-14 17:47:26,231 - INFO - 已处理: frame_00000570_t19.000s.jpg → 类别4_150-160 (88.94%)
2025-09-14 17:47:26,491 - INFO - 已处理: frame_00000576_t19.200s.jpg → 类别4_150-160 (91.53%)
2025-09-14 17:47:26,503 - INFO - 已处理: frame_00000582_t19.400s.jpg → 类别4_150-160 (88.02%)
2025-09-14 17:47:26,515 - INFO - 已处理: frame_00000588_t19.600s.jpg → 类别4_150-160 (89.90%)
2025-09-14 17:47:26,528 - INFO - 已处理: frame_00000594_t19.800s.jpg → 类别4_150-160 (87.78%)
2025-09-14 17:47:26,543 - INFO - 已处理: frame_00000600_t20.000s.jpg → 类别4_150-160 (90.51%)
2025-09-14 17:47:26,555 - INFO - 已处理: frame_00000606_t20.200s.jpg → 类别4_150-160 (92.23%)
2025-09-14 17:47:26,568 - INFO - 已处理: frame_00000612_t20.400s.jpg → 类别4_150-160 (88.72%)
2025-09-14 17:47:26,581 - INFO - 已处理: frame_00000618_t20.600s.jpg → 类别4_150-160 (91.06%)
2025-09-14 17:47:26,593 - INFO - 已处理: frame_00000624_t20.800s.jpg → 类别4_150-160 (88.52%)
2025-09-14 17:47:26,606 - INFO - 已处理: frame_00000630_t21.000s.jpg → 类别4_150-160 (92.10%)
2025-09-14 17:47:26,620 - INFO - 已处理: frame_00000636_t21.200s.jpg → 类别4_150-160 (92.32%)
2025-09-14 17:47:26,633 - INFO - 已处理: frame_00000642_t21.400s.jpg → 类别4_150-160 (91.77%)
2025-09-14 17:47:26,641 - INFO - 结果已保存: F:/混凝土数据集/视频数据/7-28/12_32-34-160/图片/8月4日(1)-1\recognition_output\recognition_results_20250914_174726.json
2025-09-14 17:47:26,650 - INFO - 报告已生成: F:/混凝土数据集/视频数据/7-28/12_32-34-160/图片/8月4日(1)-1\recognition_output\recognition_report_20250914_174726.txt
2025-09-14 17:47:26,654 - INFO - 批量处理完成！共处理 108 张图片
2025-09-14 17:47:59,687 - INFO - 选择输入文件夹: F:/混凝土数据集/视频数据/7-29/19_44-22-200/图片/7-29-1, 找到 115 张图片
2025-09-14 17:48:01,650 - INFO - 已处理: frame_00000000_t0.000s.jpg → 类别12_194-200 (89.45%)
2025-09-14 17:48:01,655 - INFO - 已处理: frame_00000006_t0.200s.jpg → 类别12_194-200 (90.73%)
2025-09-14 17:48:01,659 - INFO - 已处理: frame_00000012_t0.400s.jpg → 类别12_194-200 (88.15%)
2025-09-14 17:48:01,662 - INFO - 已处理: frame_00000018_t0.600s.jpg → 类别12_194-200 (90.04%)
2025-09-14 17:48:01,668 - INFO - 已处理: frame_00000024_t0.800s.jpg → 类别12_194-200 (89.60%)
2025-09-14 17:48:01,674 - INFO - 已处理: frame_00000030_t1.000s.jpg → 类别12_194-200 (91.25%)
2025-09-14 17:48:01,679 - INFO - 已处理: frame_00000036_t1.200s.jpg → 类别12_194-200 (89.74%)
2025-09-14 17:48:01,688 - INFO - 已处理: frame_00000042_t1.400s.jpg → 类别12_194-200 (90.62%)
2025-09-14 17:48:01,694 - INFO - 已处理: frame_00000048_t1.600s.jpg → 类别12_194-200 (94.25%)
2025-09-14 17:48:01,703 - INFO - 已处理: frame_00000054_t1.800s.jpg → 类别12_194-200 (93.07%)
2025-09-14 17:48:01,709 - INFO - 已处理: frame_00000060_t2.000s.jpg → 类别12_194-200 (88.39%)
2025-09-14 17:48:01,718 - INFO - 已处理: frame_00000066_t2.200s.jpg → 类别12_194-200 (93.06%)
2025-09-14 17:48:01,727 - INFO - 已处理: frame_00000072_t2.400s.jpg → 类别12_194-200 (90.18%)
2025-09-14 17:48:01,738 - INFO - 已处理: frame_00000078_t2.600s.jpg → 类别12_194-200 (89.46%)
2025-09-14 17:48:01,751 - INFO - 已处理: frame_00000084_t2.800s.jpg → 类别12_194-200 (85.88%)
2025-09-14 17:48:01,763 - INFO - 已处理: frame_00000090_t3.000s.jpg → 类别12_194-200 (81.95%)
2025-09-14 17:48:01,773 - INFO - 已处理: frame_00000096_t3.200s.jpg → 类别12_194-200 (82.25%)
2025-09-14 17:48:01,783 - INFO - 已处理: frame_00000102_t3.400s.jpg → 类别12_194-200 (71.13%)
2025-09-14 17:48:01,794 - INFO - 已处理: frame_00000108_t3.600s.jpg → 类别12_194-200 (88.63%)
2025-09-14 17:48:01,807 - INFO - 已处理: frame_00000114_t3.800s.jpg → 类别12_194-200 (88.16%)
2025-09-14 17:48:01,819 - INFO - 已处理: frame_00000120_t4.000s.jpg → 类别12_194-200 (73.80%)
2025-09-14 17:48:01,832 - INFO - 已处理: frame_00000126_t4.200s.jpg → 类别12_194-200 (79.31%)
2025-09-14 17:48:01,844 - INFO - 已处理: frame_00000132_t4.400s.jpg → 类别12_194-200 (79.86%)
2025-09-14 17:48:01,856 - INFO - 已处理: frame_00000138_t4.600s.jpg → 类别12_194-200 (86.83%)
2025-09-14 17:48:01,872 - INFO - 已处理: frame_00000144_t4.800s.jpg → 类别12_194-200 (76.32%)
2025-09-14 17:48:01,887 - INFO - 已处理: frame_00000150_t5.000s.jpg → 类别12_194-200 (75.72%)
2025-09-14 17:48:01,900 - INFO - 已处理: frame_00000156_t5.200s.jpg → 类别12_194-200 (65.79%)
2025-09-14 17:48:01,914 - INFO - 已处理: frame_00000162_t5.400s.jpg → 类别12_194-200 (63.79%)
2025-09-14 17:48:01,926 - INFO - 已处理: frame_00000168_t5.600s.jpg → 类别12_194-200 (81.54%)
2025-09-14 17:48:01,940 - INFO - 已处理: frame_00000174_t5.800s.jpg → 类别12_194-200 (67.15%)
2025-09-14 17:48:01,955 - INFO - 已处理: frame_00000180_t6.000s.jpg → 类别12_194-200 (80.89%)
2025-09-14 17:48:01,967 - INFO - 已处理: frame_00000186_t6.200s.jpg → 类别12_194-200 (67.41%)
2025-09-14 17:48:02,877 - INFO - 已处理: frame_00000192_t6.400s.jpg → 类别12_194-200 (83.63%)
2025-09-14 17:48:02,890 - INFO - 已处理: frame_00000198_t6.600s.jpg → 类别12_194-200 (78.85%)
2025-09-14 17:48:02,904 - INFO - 已处理: frame_00000204_t6.800s.jpg → 类别12_194-200 (89.07%)
2025-09-14 17:48:02,916 - INFO - 已处理: frame_00000210_t7.000s.jpg → 类别12_194-200 (91.48%)
2025-09-14 17:48:02,929 - INFO - 已处理: frame_00000216_t7.200s.jpg → 类别12_194-200 (91.05%)
2025-09-14 17:48:02,941 - INFO - 已处理: frame_00000222_t7.400s.jpg → 类别12_194-200 (92.88%)
2025-09-14 17:48:02,953 - INFO - 已处理: frame_00000228_t7.600s.jpg → 类别12_194-200 (93.96%)
2025-09-14 17:48:02,965 - INFO - 已处理: frame_00000234_t7.800s.jpg → 类别12_194-200 (89.52%)
2025-09-14 17:48:02,979 - INFO - 已处理: frame_00000240_t8.000s.jpg → 类别12_194-200 (89.23%)
2025-09-14 17:48:02,992 - INFO - 已处理: frame_00000246_t8.200s.jpg → 类别12_194-200 (93.43%)
2025-09-14 17:48:03,005 - INFO - 已处理: frame_00000252_t8.400s.jpg → 类别12_194-200 (93.48%)
2025-09-14 17:48:03,017 - INFO - 已处理: frame_00000258_t8.600s.jpg → 类别12_194-200 (94.30%)
2025-09-14 17:48:03,029 - INFO - 已处理: frame_00000264_t8.800s.jpg → 类别12_194-200 (94.01%)
2025-09-14 17:48:03,041 - INFO - 已处理: frame_00000270_t9.000s.jpg → 类别12_194-200 (90.31%)
2025-09-14 17:48:03,053 - INFO - 已处理: frame_00000276_t9.200s.jpg → 类别12_194-200 (91.74%)
2025-09-14 17:48:03,065 - INFO - 已处理: frame_00000282_t9.400s.jpg → 类别12_194-200 (92.05%)
2025-09-14 17:48:03,076 - INFO - 已处理: frame_00000288_t9.600s.jpg → 类别12_194-200 (95.25%)
2025-09-14 17:48:03,088 - INFO - 已处理: frame_00000294_t9.800s.jpg → 类别12_194-200 (93.34%)
2025-09-14 17:48:03,101 - INFO - 已处理: frame_00000300_t10.000s.jpg → 类别12_194-200 (95.25%)
2025-09-14 17:48:03,114 - INFO - 已处理: frame_00000306_t10.200s.jpg → 类别12_194-200 (93.77%)
2025-09-14 17:48:03,127 - INFO - 已处理: frame_00000312_t10.400s.jpg → 类别12_194-200 (86.18%)
2025-09-14 17:48:03,139 - INFO - 已处理: frame_00000318_t10.600s.jpg → 类别12_194-200 (88.89%)
2025-09-14 17:48:03,155 - INFO - 已处理: frame_00000324_t10.800s.jpg → 类别12_194-200 (79.24%)
2025-09-14 17:48:03,168 - INFO - 已处理: frame_00000330_t11.000s.jpg → 类别12_194-200 (92.85%)
2025-09-14 17:48:03,182 - INFO - 已处理: frame_00000336_t11.200s.jpg → 类别12_194-200 (81.58%)
2025-09-14 17:48:03,193 - INFO - 已处理: frame_00000342_t11.400s.jpg → 类别12_194-200 (87.55%)
2025-09-14 17:48:03,206 - INFO - 已处理: frame_00000348_t11.600s.jpg → 类别12_194-200 (92.86%)
2025-09-14 17:48:03,218 - INFO - 已处理: frame_00000354_t11.800s.jpg → 类别12_194-200 (83.69%)
2025-09-14 17:48:03,230 - INFO - 已处理: frame_00000360_t12.000s.jpg → 类别12_194-200 (92.13%)
2025-09-14 17:48:03,241 - INFO - 已处理: frame_00000366_t12.200s.jpg → 类别12_194-200 (91.54%)
2025-09-14 17:48:03,253 - INFO - 已处理: frame_00000372_t12.400s.jpg → 类别12_194-200 (91.66%)
2025-09-14 17:48:03,264 - INFO - 已处理: frame_00000378_t12.600s.jpg → 类别12_194-200 (90.71%)
2025-09-14 17:48:04,189 - INFO - 已处理: frame_00000384_t12.800s.jpg → 类别12_194-200 (94.26%)
2025-09-14 17:48:04,201 - INFO - 已处理: frame_00000390_t13.000s.jpg → 类别12_194-200 (91.62%)
2025-09-14 17:48:04,216 - INFO - 已处理: frame_00000396_t13.200s.jpg → 类别12_194-200 (92.68%)
2025-09-14 17:48:04,228 - INFO - 已处理: frame_00000402_t13.400s.jpg → 类别12_194-200 (93.24%)
2025-09-14 17:48:04,240 - INFO - 已处理: frame_00000408_t13.600s.jpg → 类别12_194-200 (91.56%)
2025-09-14 17:48:04,253 - INFO - 已处理: frame_00000414_t13.800s.jpg → 类别12_194-200 (90.04%)
2025-09-14 17:48:04,264 - INFO - 已处理: frame_00000420_t14.000s.jpg → 类别12_194-200 (93.51%)
2025-09-14 17:48:04,277 - INFO - 已处理: frame_00000426_t14.200s.jpg → 类别12_194-200 (92.25%)
2025-09-14 17:48:04,289 - INFO - 已处理: frame_00000432_t14.400s.jpg → 类别12_194-200 (91.91%)
2025-09-14 17:48:04,301 - INFO - 已处理: frame_00000438_t14.600s.jpg → 类别12_194-200 (71.17%)
2025-09-14 17:48:04,313 - INFO - 已处理: frame_00000444_t14.800s.jpg → 类别12_194-200 (93.36%)
2025-09-14 17:48:04,325 - INFO - 已处理: frame_00000450_t15.000s.jpg → 类别12_194-200 (90.42%)
2025-09-14 17:48:04,339 - INFO - 已处理: frame_00000456_t15.200s.jpg → 类别12_194-200 (88.03%)
2025-09-14 17:48:04,351 - INFO - 已处理: frame_00000462_t15.400s.jpg → 类别12_194-200 (92.67%)
2025-09-14 17:48:04,362 - INFO - 已处理: frame_00000468_t15.600s.jpg → 类别12_194-200 (93.45%)
2025-09-14 17:48:04,373 - INFO - 已处理: frame_00000474_t15.800s.jpg → 类别12_194-200 (88.10%)
2025-09-14 17:48:04,384 - INFO - 已处理: frame_00000480_t16.000s.jpg → 类别12_194-200 (90.68%)
2025-09-14 17:48:04,398 - INFO - 已处理: frame_00000486_t16.200s.jpg → 类别12_194-200 (86.84%)
2025-09-14 17:48:04,411 - INFO - 已处理: frame_00000492_t16.400s.jpg → 类别12_194-200 (81.10%)
2025-09-14 17:48:04,423 - INFO - 已处理: frame_00000498_t16.600s.jpg → 类别12_194-200 (93.30%)
2025-09-14 17:48:04,435 - INFO - 已处理: frame_00000504_t16.800s.jpg → 类别12_194-200 (94.91%)
2025-09-14 17:48:04,447 - INFO - 已处理: frame_00000510_t17.000s.jpg → 类别12_194-200 (87.91%)
2025-09-14 17:48:04,458 - INFO - 已处理: frame_00000516_t17.200s.jpg → 类别12_194-200 (93.51%)
2025-09-14 17:48:04,470 - INFO - 已处理: frame_00000522_t17.400s.jpg → 类别12_194-200 (89.69%)
2025-09-14 17:48:04,481 - INFO - 已处理: frame_00000528_t17.600s.jpg → 类别12_194-200 (87.71%)
2025-09-14 17:48:04,493 - INFO - 已处理: frame_00000534_t17.800s.jpg → 类别12_194-200 (69.30%)
2025-09-14 17:48:04,503 - INFO - 已处理: frame_00000540_t18.000s.jpg → 类别12_194-200 (92.53%)
2025-09-14 17:48:04,514 - INFO - 已处理: frame_00000546_t18.200s.jpg → 类别12_194-200 (89.92%)
2025-09-14 17:48:04,524 - INFO - 已处理: frame_00000552_t18.400s.jpg → 类别12_194-200 (81.97%)
2025-09-14 17:48:04,535 - INFO - 已处理: frame_00000558_t18.600s.jpg → 类别12_194-200 (85.31%)
2025-09-14 17:48:04,547 - INFO - 已处理: frame_00000564_t18.800s.jpg → 类别12_194-200 (86.47%)
2025-09-14 17:48:04,557 - INFO - 已处理: frame_00000570_t19.000s.jpg → 类别12_194-200 (90.66%)
2025-09-14 17:48:05,154 - INFO - 已处理: frame_00000576_t19.200s.jpg → 类别12_194-200 (89.31%)
2025-09-14 17:48:05,166 - INFO - 已处理: frame_00000582_t19.400s.jpg → 类别12_194-200 (91.21%)
2025-09-14 17:48:05,179 - INFO - 已处理: frame_00000588_t19.600s.jpg → 类别12_194-200 (80.72%)
2025-09-14 17:48:05,191 - INFO - 已处理: frame_00000594_t19.800s.jpg → 类别12_194-200 (90.60%)
2025-09-14 17:48:05,203 - INFO - 已处理: frame_00000600_t20.000s.jpg → 类别12_194-200 (84.66%)
2025-09-14 17:48:05,215 - INFO - 已处理: frame_00000606_t20.200s.jpg → 类别12_194-200 (88.00%)
2025-09-14 17:48:05,227 - INFO - 已处理: frame_00000612_t20.400s.jpg → 类别12_194-200 (95.68%)
2025-09-14 17:48:05,239 - INFO - 已处理: frame_00000618_t20.600s.jpg → 类别12_194-200 (90.01%)
2025-09-14 17:48:05,251 - INFO - 已处理: frame_00000624_t20.800s.jpg → 类别12_194-200 (90.70%)
2025-09-14 17:48:05,263 - INFO - 已处理: frame_00000630_t21.000s.jpg → 类别12_194-200 (92.39%)
2025-09-14 17:48:05,275 - INFO - 已处理: frame_00000636_t21.200s.jpg → 类别12_194-200 (89.47%)
2025-09-14 17:48:05,288 - INFO - 已处理: frame_00000642_t21.400s.jpg → 类别12_194-200 (91.43%)
2025-09-14 17:48:05,301 - INFO - 已处理: frame_00000648_t21.600s.jpg → 类别12_194-200 (90.20%)
2025-09-14 17:48:05,314 - INFO - 已处理: frame_00000654_t21.800s.jpg → 类别12_194-200 (93.02%)
2025-09-14 17:48:05,325 - INFO - 已处理: frame_00000660_t22.000s.jpg → 类别12_194-200 (89.20%)
2025-09-14 17:48:05,337 - INFO - 已处理: frame_00000666_t22.200s.jpg → 类别12_194-200 (87.06%)
2025-09-14 17:48:05,349 - INFO - 已处理: frame_00000672_t22.400s.jpg → 类别12_194-200 (87.82%)
2025-09-14 17:48:05,361 - INFO - 已处理: frame_00000678_t22.600s.jpg → 类别12_194-200 (91.14%)
2025-09-14 17:48:05,373 - INFO - 已处理: frame_00000684_t22.800s.jpg → 类别12_194-200 (77.38%)
2025-09-14 17:48:05,381 - INFO - 结果已保存: F:/混凝土数据集/视频数据/7-28/12_32-34-160/图片/8月4日(1)-1\recognition_output\recognition_results_20250914_174805.json
2025-09-14 17:48:05,390 - INFO - 批量处理完成！共处理 115 张图片
2025-09-14 17:48:34,341 - INFO - 选择输入文件夹: F:/混凝土数据集/视频数据/7-21/16_47-21-190/图片/8月4日 (1)-1, 找到 55 张图片
2025-09-14 17:48:36,951 - INFO - 已处理: frame_00000000_t0.000s.jpg → 类别10_185-190 (86.57%)
2025-09-14 17:48:36,956 - INFO - 已处理: frame_00000006_t0.200s.jpg → 类别10_185-190 (41.64%)
2025-09-14 17:48:36,960 - INFO - 已处理: frame_00000012_t0.400s.jpg → 类别10_185-190 (85.34%)
2025-09-14 17:48:36,964 - INFO - 已处理: frame_00000018_t0.600s.jpg → 类别10_185-190 (92.30%)
2025-09-14 17:48:36,968 - INFO - 已处理: frame_00000024_t0.800s.jpg → 类别10_185-190 (90.83%)
2025-09-14 17:48:36,975 - INFO - 已处理: frame_00000030_t1.000s.jpg → 类别10_185-190 (92.78%)
2025-09-14 17:48:36,981 - INFO - 已处理: frame_00000036_t1.200s.jpg → 类别10_185-190 (97.27%)
2025-09-14 17:48:36,987 - INFO - 已处理: frame_00000042_t1.400s.jpg → 类别10_185-190 (96.72%)
2025-09-14 17:48:36,993 - INFO - 已处理: frame_00000048_t1.600s.jpg → 类别10_185-190 (94.96%)
2025-09-14 17:48:37,000 - INFO - 已处理: frame_00000054_t1.800s.jpg → 类别10_185-190 (93.04%)
2025-09-14 17:48:37,008 - INFO - 已处理: frame_00000060_t2.000s.jpg → 类别10_185-190 (93.23%)
2025-09-14 17:48:37,017 - INFO - 已处理: frame_00000066_t2.200s.jpg → 类别10_185-190 (90.77%)
2025-09-14 17:48:37,026 - INFO - 已处理: frame_00000072_t2.400s.jpg → 类别10_185-190 (83.20%)
2025-09-14 17:48:37,036 - INFO - 已处理: frame_00000078_t2.600s.jpg → 类别10_185-190 (90.81%)
2025-09-14 17:48:37,045 - INFO - 已处理: frame_00000084_t2.800s.jpg → 类别10_185-190 (94.64%)
2025-09-14 17:48:37,055 - INFO - 已处理: frame_00000090_t3.000s.jpg → 类别10_185-190 (76.39%)
2025-09-14 17:48:37,066 - INFO - 已处理: frame_00000096_t3.200s.jpg → 类别10_185-190 (94.24%)
2025-09-14 17:48:37,077 - INFO - 已处理: frame_00000102_t3.400s.jpg → 类别10_185-190 (94.46%)
2025-09-14 17:48:37,092 - INFO - 已处理: frame_00000108_t3.600s.jpg → 类别10_185-190 (95.74%)
2025-09-14 17:48:37,104 - INFO - 已处理: frame_00000114_t3.800s.jpg → 类别10_185-190 (93.33%)
2025-09-14 17:48:37,116 - INFO - 已处理: frame_00000120_t4.000s.jpg → 类别10_185-190 (93.31%)
2025-09-14 17:48:37,129 - INFO - 已处理: frame_00000126_t4.200s.jpg → 类别10_185-190 (93.74%)
2025-09-14 17:48:37,140 - INFO - 已处理: frame_00000132_t4.400s.jpg → 类别10_185-190 (92.49%)
2025-09-14 17:48:37,153 - INFO - 已处理: frame_00000138_t4.600s.jpg → 类别10_185-190 (98.66%)
2025-09-14 17:48:37,166 - INFO - 已处理: frame_00000144_t4.800s.jpg → 类别10_185-190 (96.00%)
2025-09-14 17:48:37,179 - INFO - 已处理: frame_00000150_t5.000s.jpg → 类别10_185-190 (95.62%)
2025-09-14 17:48:37,190 - INFO - 已处理: frame_00000156_t5.200s.jpg → 类别10_185-190 (96.34%)
2025-09-14 17:48:37,201 - INFO - 已处理: frame_00000162_t5.400s.jpg → 类别10_185-190 (97.32%)
2025-09-14 17:48:37,218 - INFO - 已处理: frame_00000168_t5.600s.jpg → 类别10_185-190 (96.49%)
2025-09-14 17:48:37,231 - INFO - 已处理: frame_00000174_t5.800s.jpg → 类别10_185-190 (96.91%)
2025-09-14 17:48:37,243 - INFO - 已处理: frame_00000180_t6.000s.jpg → 类别10_185-190 (97.64%)
2025-09-14 17:48:37,254 - INFO - 已处理: frame_00000186_t6.200s.jpg → 类别10_185-190 (96.94%)
2025-09-14 17:48:37,877 - INFO - 已处理: frame_00000192_t6.400s.jpg → 类别10_185-190 (97.11%)
2025-09-14 17:48:37,890 - INFO - 已处理: frame_00000198_t6.600s.jpg → 类别10_185-190 (98.10%)
2025-09-14 17:48:37,902 - INFO - 已处理: frame_00000204_t6.800s.jpg → 类别10_185-190 (96.64%)
2025-09-14 17:48:37,914 - INFO - 已处理: frame_00000210_t7.000s.jpg → 类别10_185-190 (97.17%)
2025-09-14 17:48:37,926 - INFO - 已处理: frame_00000216_t7.200s.jpg → 类别10_185-190 (97.31%)
2025-09-14 17:48:37,938 - INFO - 已处理: frame_00000222_t7.400s.jpg → 类别10_185-190 (98.84%)
2025-09-14 17:48:37,951 - INFO - 已处理: frame_00000228_t7.600s.jpg → 类别10_185-190 (98.14%)
2025-09-14 17:48:37,963 - INFO - 已处理: frame_00000234_t7.800s.jpg → 类别10_185-190 (97.71%)
2025-09-14 17:48:37,977 - INFO - 已处理: frame_00000240_t8.000s.jpg → 类别10_185-190 (97.47%)
2025-09-14 17:48:37,988 - INFO - 已处理: frame_00000246_t8.200s.jpg → 类别10_185-190 (97.17%)
2025-09-14 17:48:37,999 - INFO - 已处理: frame_00000252_t8.400s.jpg → 类别10_185-190 (97.73%)
2025-09-14 17:48:38,011 - INFO - 已处理: frame_00000258_t8.600s.jpg → 类别10_185-190 (95.25%)
2025-09-14 17:48:38,025 - INFO - 已处理: frame_00000264_t8.800s.jpg → 类别10_185-190 (97.14%)
2025-09-14 17:48:38,038 - INFO - 已处理: frame_00000270_t9.000s.jpg → 类别10_185-190 (97.94%)
2025-09-14 17:48:38,050 - INFO - 已处理: frame_00000276_t9.200s.jpg → 类别10_185-190 (96.99%)
2025-09-14 17:48:38,062 - INFO - 已处理: frame_00000282_t9.400s.jpg → 类别10_185-190 (97.23%)
2025-09-14 17:48:38,074 - INFO - 已处理: frame_00000288_t9.600s.jpg → 类别10_185-190 (98.04%)
2025-09-14 17:48:38,086 - INFO - 已处理: frame_00000294_t9.800s.jpg → 类别10_185-190 (96.94%)
2025-09-14 17:48:38,098 - INFO - 已处理: frame_00000300_t10.000s.jpg → 类别10_185-190 (96.85%)
2025-09-14 17:48:38,112 - INFO - 已处理: frame_00000306_t10.200s.jpg → 类别10_185-190 (97.45%)
2025-09-14 17:48:38,124 - INFO - 已处理: frame_00000312_t10.400s.jpg → 类别10_185-190 (97.03%)
2025-09-14 17:48:38,136 - INFO - 已处理: frame_00000318_t10.600s.jpg → 类别10_185-190 (96.77%)
2025-09-14 17:48:38,147 - INFO - 已处理: frame_00000324_t10.800s.jpg → 类别10_185-190 (97.95%)
2025-09-14 17:48:38,162 - INFO - 结果已保存: F:/混凝土数据集/视频数据/7-28/12_32-34-160/图片/8月4日(1)-1\recognition_output\recognition_results_20250914_174838.json
2025-09-14 17:48:38,166 - INFO - 批量处理完成！共处理 55 张图片
2025-09-14 17:49:01,156 - INFO - 加载视频: F:/混凝土数据集/视频数据/7-21/16_47-21-190/视频/8月4日 (1)/8月4日 (1)-1.mp4, 帧数: 327
2025-09-14 17:49:03,258 - INFO - 视频帧识别完成: 帧0 → 类别10_185-190 (置信度: 86.29%)
